<?xml version="1.0" encoding="UTF-8"?>
<testsuite xmlns:xsi="http://www.w3.org/2001/XMLSchema-instance" xsi:noNamespaceSchemaLocation="https://maven.apache.org/surefire/maven-surefire-plugin/xsd/surefire-test-report.xsd" name="TestSuite" time="160.511" tests="45" errors="0" skipped="27" failures="9">
  <properties>
    <property name="sun.desktop" value="windows"/>
    <property name="awt.toolkit" value="sun.awt.windows.WToolkit"/>
    <property name="file.encoding.pkg" value="sun.io"/>
    <property name="java.specification.version" value="1.8"/>
    <property name="sun.cpu.isalist" value="amd64"/>
    <property name="sun.jnu.encoding" value="Cp1252"/>
    <property name="java.class.path" value="C:\Users\Sanvi\.jenkins\tools\hudson.tasks.Maven_MavenInstallation\Maven\bin\..\boot\plexus-classworlds-2.6.0.jar"/>
    <property name="java.vm.vendor" value="Oracle Corporation"/>
    <property name="sun.arch.data.model" value="64"/>
    <property name="user.variant" value=""/>
    <property name="java.vendor.url" value="http://java.oracle.com/"/>
    <property name="user.timezone" value="Asia/Calcutta"/>
    <property name="maven.conf" value="C:\Users\Sanvi\.jenkins\tools\hudson.tasks.Maven_MavenInstallation\Maven\bin\../conf"/>
    <property name="os.name" value="Windows 10"/>
    <property name="java.vm.specification.version" value="1.8"/>
    <property name="user.country" value="IN"/>
    <property name="sun.java.launcher" value="SUN_STANDARD"/>
    <property name="sun.boot.library.path" value="C:\Program Files\Java\jdk1.8.0_191\jre\bin"/>
    <property name="sun.java.command" value="org.codehaus.plexus.classworlds.launcher.Launcher clean test"/>
    <property name="maven.home" value="C:\Users\Sanvi\.jenkins\tools\hudson.tasks.Maven_MavenInstallation\Maven\bin\.."/>
    <property name="surefire.test.class.path" value="C:\Rest Assured Framework\workspace\simple.restassured\target\test-classes;C:\Rest Assured Framework\workspace\simple.restassured\target\classes;C:\Users\Sanvi\.m2\repository\org\testng\testng\7.1.0\testng-7.1.0.jar;C:\Users\Sanvi\.m2\repository\com\beust\jcommander\1.72\jcommander-1.72.jar;C:\Users\Sanvi\.m2\repository\com\google\inject\guice\4.1.0\guice-4.1.0-no_aop.jar;C:\Users\Sanvi\.m2\repository\javax\inject\javax.inject\1\javax.inject-1.jar;C:\Users\Sanvi\.m2\repository\aopalliance\aopalliance\1.0\aopalliance-1.0.jar;C:\Users\Sanvi\.m2\repository\com\google\guava\guava\19.0\guava-19.0.jar;C:\Users\Sanvi\.m2\repository\org\yaml\snakeyaml\1.21\snakeyaml-1.21.jar;C:\Users\Sanvi\.m2\repository\io\rest-assured\rest-assured\4.3.2\rest-assured-4.3.2.jar;C:\Users\Sanvi\.m2\repository\org\codehaus\groovy\groovy\3.0.6\groovy-3.0.6.jar;C:\Users\Sanvi\.m2\repository\org\codehaus\groovy\groovy-xml\3.0.6\groovy-xml-3.0.6.jar;C:\Users\Sanvi\.m2\repository\org\apache\httpcomponents\httpclient\4.5.3\httpclient-4.5.3.jar;C:\Users\Sanvi\.m2\repository\org\apache\httpcomponents\httpcore\4.4.6\httpcore-4.4.6.jar;C:\Users\Sanvi\.m2\repository\commons-logging\commons-logging\1.2\commons-logging-1.2.jar;C:\Users\Sanvi\.m2\repository\commons-codec\commons-codec\1.9\commons-codec-1.9.jar;C:\Users\Sanvi\.m2\repository\org\apache\httpcomponents\httpmime\4.5.3\httpmime-4.5.3.jar;C:\Users\Sanvi\.m2\repository\org\hamcrest\hamcrest\2.1\hamcrest-2.1.jar;C:\Users\Sanvi\.m2\repository\org\ccil\cowan\tagsoup\tagsoup\1.2.1\tagsoup-1.2.1.jar;C:\Users\Sanvi\.m2\repository\org\codehaus\groovy\groovy-ant\3.0.7\groovy-ant-3.0.7.jar;C:\Users\Sanvi\.m2\repository\org\apache\ant\ant\1.10.9\ant-1.10.9.jar;C:\Users\Sanvi\.m2\repository\org\apache\ant\ant-junit\1.10.9\ant-junit-1.10.9.jar;C:\Program Files\Java\jdk1.8.0_191\jre\..\lib\tools.jar;C:\Users\Sanvi\.m2\repository\org\apache\ant\ant-launcher\1.10.9\ant-launcher-1.10.9.jar;C:\Users\Sanvi\.m2\repository\org\apache\ant\ant-antlr\1.10.9\ant-antlr-1.10.9.jar;C:\Users\Sanvi\.m2\repository\org\codehaus\groovy\groovy-astbuilder\3.0.7\groovy-astbuilder-3.0.7.jar;C:\Users\Sanvi\.m2\repository\org\codehaus\groovy\groovy-cli-picocli\3.0.7\groovy-cli-picocli-3.0.7.jar;C:\Users\Sanvi\.m2\repository\info\picocli\picocli\4.5.2\picocli-4.5.2.jar;C:\Users\Sanvi\.m2\repository\org\codehaus\groovy\groovy-console\3.0.7\groovy-console-3.0.7.jar;C:\Users\Sanvi\.m2\repository\org\codehaus\groovy\groovy-datetime\3.0.7\groovy-datetime-3.0.7.jar;C:\Users\Sanvi\.m2\repository\org\codehaus\groovy\groovy-docgenerator\3.0.7\groovy-docgenerator-3.0.7.jar;C:\Users\Sanvi\.m2\repository\com\thoughtworks\qdox\qdox\1.12.1\qdox-1.12.1.jar;C:\Users\Sanvi\.m2\repository\org\codehaus\groovy\groovy-groovydoc\3.0.7\groovy-groovydoc-3.0.7.jar;C:\Users\Sanvi\.m2\repository\com\github\javaparser\javaparser-core\3.17.0\javaparser-core-3.17.0.jar;C:\Users\Sanvi\.m2\repository\org\codehaus\groovy\groovy-groovysh\3.0.7\groovy-groovysh-3.0.7.jar;C:\Users\Sanvi\.m2\repository\jline\jline\2.14.6\jline-2.14.6.jar;C:\Users\Sanvi\.m2\repository\org\codehaus\groovy\groovy-jmx\3.0.7\groovy-jmx-3.0.7.jar;C:\Users\Sanvi\.m2\repository\org\codehaus\groovy\groovy-json\3.0.7\groovy-json-3.0.7.jar;C:\Users\Sanvi\.m2\repository\org\codehaus\groovy\groovy-jsr223\3.0.7\groovy-jsr223-3.0.7.jar;C:\Users\Sanvi\.m2\repository\org\codehaus\groovy\groovy-macro\3.0.7\groovy-macro-3.0.7.jar;C:\Users\Sanvi\.m2\repository\org\codehaus\groovy\groovy-nio\3.0.7\groovy-nio-3.0.7.jar;C:\Users\Sanvi\.m2\repository\org\codehaus\groovy\groovy-servlet\3.0.7\groovy-servlet-3.0.7.jar;C:\Users\Sanvi\.m2\repository\org\codehaus\groovy\groovy-sql\3.0.7\groovy-sql-3.0.7.jar;C:\Users\Sanvi\.m2\repository\org\codehaus\groovy\groovy-swing\3.0.7\groovy-swing-3.0.7.jar;C:\Users\Sanvi\.m2\repository\org\codehaus\groovy\groovy-templates\3.0.7\groovy-templates-3.0.7.jar;C:\Users\Sanvi\.m2\repository\org\codehaus\groovy\groovy-test\3.0.7\groovy-test-3.0.7.jar;C:\Users\Sanvi\.m2\repository\junit\junit\4.13.1\junit-4.13.1.jar;C:\Users\Sanvi\.m2\repository\org\hamcrest\hamcrest-core\1.3\hamcrest-core-1.3.jar;C:\Users\Sanvi\.m2\repository\org\codehaus\groovy\groovy-test-junit5\3.0.7\groovy-test-junit5-3.0.7.jar;C:\Users\Sanvi\.m2\repository\org\junit\jupiter\junit-jupiter-api\5.7.0\junit-jupiter-api-5.7.0.jar;C:\Users\Sanvi\.m2\repository\org\opentest4j\opentest4j\1.2.0\opentest4j-1.2.0.jar;C:\Users\Sanvi\.m2\repository\org\junit\platform\junit-platform-launcher\1.7.0\junit-platform-launcher-1.7.0.jar;C:\Users\Sanvi\.m2\repository\org\junit\platform\junit-platform-engine\1.7.0\junit-platform-engine-1.7.0.jar;C:\Users\Sanvi\.m2\repository\org\junit\platform\junit-platform-commons\1.7.0\junit-platform-commons-1.7.0.jar;C:\Users\Sanvi\.m2\repository\org\junit\jupiter\junit-jupiter-engine\5.7.0\junit-jupiter-engine-5.7.0.jar;C:\Users\Sanvi\.m2\repository\org\codehaus\groovy\groovy-testng\3.0.7\groovy-testng-3.0.7.jar;C:\Users\Sanvi\.m2\repository\io\rest-assured\json-path\4.3.3\json-path-4.3.3.jar;C:\Users\Sanvi\.m2\repository\io\rest-assured\rest-assured-common\4.3.3\rest-assured-common-4.3.3.jar;C:\Users\Sanvi\.m2\repository\io\rest-assured\json-schema-validator\4.3.3\json-schema-validator-4.3.3.jar;C:\Users\Sanvi\.m2\repository\com\github\java-json-tools\json-schema-validator\2.2.14\json-schema-validator-2.2.14.jar;C:\Users\Sanvi\.m2\repository\com\github\java-json-tools\jackson-coreutils-equivalence\1.0\jackson-coreutils-equivalence-1.0.jar;C:\Users\Sanvi\.m2\repository\com\fasterxml\jackson\core\jackson-databind\2.11.0\jackson-databind-2.11.0.jar;C:\Users\Sanvi\.m2\repository\com\fasterxml\jackson\core\jackson-annotations\2.11.0\jackson-annotations-2.11.0.jar;C:\Users\Sanvi\.m2\repository\com\fasterxml\jackson\core\jackson-core\2.11.0\jackson-core-2.11.0.jar;C:\Users\Sanvi\.m2\repository\com\github\java-json-tools\jackson-coreutils\2.0\jackson-coreutils-2.0.jar;C:\Users\Sanvi\.m2\repository\com\github\java-json-tools\msg-simple\1.2\msg-simple-1.2.jar;C:\Users\Sanvi\.m2\repository\com\github\java-json-tools\btf\1.3\btf-1.3.jar;C:\Users\Sanvi\.m2\repository\com\github\java-json-tools\json-schema-core\1.2.14\json-schema-core-1.2.14.jar;C:\Users\Sanvi\.m2\repository\com\github\java-json-tools\uri-template\0.10\uri-template-0.10.jar;C:\Users\Sanvi\.m2\repository\org\mozilla\rhino\1.7.7.2\rhino-1.7.7.2.jar;C:\Users\Sanvi\.m2\repository\com\sun\mail\mailapi\1.6.2\mailapi-1.6.2.jar;C:\Users\Sanvi\.m2\repository\joda-time\joda-time\2.10.5\joda-time-2.10.5.jar;C:\Users\Sanvi\.m2\repository\com\googlecode\libphonenumber\libphonenumber\8.11.1\libphonenumber-8.11.1.jar;C:\Users\Sanvi\.m2\repository\com\google\code\findbugs\jsr305\3.0.2\jsr305-3.0.2.jar;C:\Users\Sanvi\.m2\repository\net\sf\jopt-simple\jopt-simple\5.0.4\jopt-simple-5.0.4.jar;C:\Users\Sanvi\.m2\repository\io\rest-assured\xml-path\4.3.3\xml-path-4.3.3.jar;C:\Users\Sanvi\.m2\repository\org\apache\commons\commons-lang3\3.11\commons-lang3-3.11.jar;C:\Users\Sanvi\.m2\repository\jakarta\xml\bind\jakarta.xml.bind-api\2.3.3\jakarta.xml.bind-api-2.3.3.jar;C:\Users\Sanvi\.m2\repository\jakarta\activation\jakarta.activation-api\1.2.2\jakarta.activation-api-1.2.2.jar;C:\Users\Sanvi\.m2\repository\com\sun\xml\bind\jaxb-impl\2.3.3\jaxb-impl-2.3.3.jar;C:\Users\Sanvi\.m2\repository\log4j\log4j\1.2.17\log4j-1.2.17.jar;C:\Users\Sanvi\.m2\repository\org\apache\logging\log4j\log4j-slf4j-impl\2.13.3\log4j-slf4j-impl-2.13.3.jar;C:\Users\Sanvi\.m2\repository\org\slf4j\slf4j-api\1.7.25\slf4j-api-1.7.25.jar;C:\Users\Sanvi\.m2\repository\org\apache\logging\log4j\log4j-api\2.13.3\log4j-api-2.13.3.jar;C:\Users\Sanvi\.m2\repository\org\apache\logging\log4j\log4j-core\2.13.3\log4j-core-2.13.3.jar;C:\Users\Sanvi\.m2\repository\com\aventstack\extentreports\5.0.5\extentreports-5.0.5.jar;C:\Users\Sanvi\.m2\repository\io\reactivex\rxjava3\rxjava\3.0.4\rxjava-3.0.4.jar;C:\Users\Sanvi\.m2\repository\org\reactivestreams\reactive-streams\1.0.3\reactive-streams-1.0.3.jar;C:\Users\Sanvi\.m2\repository\org\freemarker\freemarker\2.3.30\freemarker-2.3.30.jar;C:\Users\Sanvi\.m2\repository\org\projectlombok\lombok\1.18.12\lombok-1.18.12.jar;C:\Users\Sanvi\.m2\repository\com\google\code\gson\gson\2.8.6\gson-2.8.6.jar;C:\Users\Sanvi\.m2\repository\com\relevantcodes\extentreports\2.40.2\extentreports-2.40.2.jar;C:\Users\Sanvi\.m2\repository\org\jsoup\jsoup\1.8.3\jsoup-1.8.3.jar;C:\Users\Sanvi\.m2\repository\org\xerial\sqlite-jdbc\3.8.11.1\sqlite-jdbc-3.8.11.1.jar;"/>
    <property name="sun.cpu.endian" value="little"/>
    <property name="user.home" value="C:\Users\Sanvi"/>
    <property name="user.language" value="en"/>
    <property name="java.specification.vendor" value="Oracle Corporation"/>
    <property name="java.home" value="C:\Program Files\Java\jdk1.8.0_191\jre"/>
    <property name="basedir" value="C:\Rest Assured Framework\workspace\simple.restassured"/>
    <property name="file.separator" value="\"/>
    <property name="line.separator" value="&#10;"/>
    <property name="java.vm.specification.vendor" value="Oracle Corporation"/>
    <property name="java.specification.name" value="Java Platform API Specification"/>
    <property name="java.awt.graphicsenv" value="sun.awt.Win32GraphicsEnvironment"/>
    <property name="sun.boot.class.path" value="C:\Program Files\Java\jdk1.8.0_191\jre\lib\resources.jar;C:\Program Files\Java\jdk1.8.0_191\jre\lib\rt.jar;C:\Program Files\Java\jdk1.8.0_191\jre\lib\sunrsasign.jar;C:\Program Files\Java\jdk1.8.0_191\jre\lib\jsse.jar;C:\Program Files\Java\jdk1.8.0_191\jre\lib\jce.jar;C:\Program Files\Java\jdk1.8.0_191\jre\lib\charsets.jar;C:\Program Files\Java\jdk1.8.0_191\jre\lib\jfr.jar;C:\Program Files\Java\jdk1.8.0_191\jre\classes"/>
    <property name="user.script" value=""/>
    <property name="sun.management.compiler" value="HotSpot 64-Bit Tiered Compilers"/>
    <property name="java.runtime.version" value="1.8.0_191-b12"/>
    <property name="user.name" value="Sanvi"/>
    <property name="path.separator" value=";"/>
    <property name="os.version" value="10.0"/>
    <property name="java.endorsed.dirs" value="C:\Program Files\Java\jdk1.8.0_191\jre\lib\endorsed"/>
    <property name="java.runtime.name" value="Java(TM) SE Runtime Environment"/>
    <property name="file.encoding" value="Cp1252"/>
    <property name="guice.disable.misplaced.annotation.check" value="true"/>
    <property name="java.vm.name" value="Java HotSpot(TM) 64-Bit Server VM"/>
    <property name="localRepository" value="C:\Users\Sanvi\.m2\repository"/>
    <property name="java.vendor.url.bug" value="http://bugreport.sun.com/bugreport/"/>
    <property name="java.io.tmpdir" value="C:\Users\Sanvi\AppData\Local\Temp\"/>
    <property name="java.version" value="1.8.0_191"/>
    <property name="user.dir" value="C:\Rest Assured Framework\workspace\simple.restassured"/>
    <property name="os.arch" value="amd64"/>
    <property name="maven.multiModuleProjectDirectory" value="C:\Rest Assured Framework\workspace\simple.restassured"/>
    <property name="java.vm.specification.name" value="Java Virtual Machine Specification"/>
    <property name="java.awt.printerjob" value="sun.awt.windows.WPrinterJob"/>
    <property name="sun.os.patch.level" value=""/>
    <property name="java.library.path" value="C:\Program Files\Java\jdk1.8.0_191\bin;C:\WINDOWS\Sun\Java\bin;C:\WINDOWS\system32;C:\WINDOWS;C:\Users\Sanvi\.jenkins\tools\hudson.tasks.Maven_MavenInstallation\Maven/bin;C:\Program Files (x86)\Common Files\Oracle\Java\javapath;C:\Program Files (x86)\Java\jdk1.8.0_191\bin;C:\WINDOWS\system32;C:\WINDOWS;C:\WINDOWS\System32\Wbem;C:\WINDOWS\System32\WindowsPowerShell\v1.0\;C:\WINDOWS\System32\OpenSSH\;C:\Users\Sanvi\AppData\Local\Programs\Python\Python37;C:\Program Files (x86)\Microsoft SQL Server\100\Tools\Binn\;C:\Program Files\Microsoft SQL Server\100\Tools\Binn\;C:\Program Files\Microsoft SQL Server\100\DTS\Binn\;C:\Program Files (x86)\Microsoft SQL Server\100\Tools\Binn\VSShell\Common7\IDE\;C:\Program Files (x86)\Microsoft SQL Server\100\DTS\Binn\;bin\com.pantech.mymodule;C:\Users\Sanvi\Anaconda3;C:\Users\Sanvi\Anaconda3\Library\mingw-w64\bin;C:\Users\Sanvi\Anaconda3\Library\usr\bin;C:\Users\Sanvi\Anaconda3\Library\bin;C:\Users\Sanvi\Anaconda3\Scripts;C:\Users\Sanvi\AppData\Local\Microsoft\WindowsApps;C:\Program Files\JetBrains\PyCharm Community Edition 2018.3.2\bin;;C:\Users\Sanvi\AppData\Local\Programs\Microsoft VS Code\bin;C:\Program Files\Java\jdk1.8.0_191\bin;C:\Maven\apache-maven-3.6.3\bin;;C:\Program Files\JetBrains\IntelliJ IDEA Community Edition 2020.3.2\bin;;."/>
    <property name="java.vm.info" value="mixed mode"/>
    <property name="java.vendor" value="Oracle Corporation"/>
    <property name="java.vm.version" value="25.191-b12"/>
    <property name="classworlds.conf" value="C:\Users\Sanvi\.jenkins\tools\hudson.tasks.Maven_MavenInstallation\Maven\bin\..\bin\m2.conf"/>
    <property name="java.ext.dirs" value="C:\Program Files\Java\jdk1.8.0_191\jre\lib\ext;C:\WINDOWS\Sun\Java\lib\ext"/>
    <property name="sun.io.unicode.encoding" value="UnicodeLittle"/>
    <property name="library.jansi.path" value="C:\Users\Sanvi\.jenkins\tools\hudson.tasks.Maven_MavenInstallation\Maven\bin\..\lib\jansi-native"/>
    <property name="java.class.version" value="52.0"/>
  </properties>
  <testcase name="C11_BankFee" classname="Inbound_Testing.InboundTesting" time="0">
    <skipped message="expected [200] but found [502]"/>
    <system-out><![CDATA[log4j: reset attribute= "false".
log4j: Threshold ="null".
log4j: Level value for root is  [DEBUG].
log4j: root level set to DEBUG
log4j: Class name: [org.apache.log4j.ConsoleAppender]
log4j: Parsing layout of class: "org.apache.log4j.PatternLayout"
log4j: Setting property [conversionPattern] to [%d{yyyy-MM-dd HH:mm:ss} %-5p %c{1}:%L - %m%n].
log4j: Adding appender named [console] to category [root].
log4j: Class name: [org.apache.log4j.RollingFileAppender]
log4j: Setting property [append] to [false].
log4j: Setting property [maxFileSize] to [10MB].
log4j: Setting property [maxBackupIndex] to [10].
log4j: Setting property [file] to [log4j/logs.log].
log4j: Parsing layout of class: "org.apache.log4j.PatternLayout"
log4j: Setting property [conversionPattern] to [%d{yyyy-MM-dd HH:mm:ss} %-5p %c{1}:%L - %m%n].
log4j: setFile called: log4j/logs.log, false
log4j: setFile ended
log4j: Adding appender named [file] to category [root].
2021-04-29 14:07:00 INFO  payLoadsConvertor:16 - Inside payloads fn:
2021-04-29 14:07:00 INFO  InboundTesting:268 - **** Test Cases : Post Method *****
2021-04-29 14:07:00 INFO  URL:51 - PetStore URL Endpoint: https://d-api.sbdinc.com/corpjourneycaa/v1/Inbound/post
2021-04-29 14:07:00 INFO  RestCalls:43 - Post Request Call-
2021-04-29 14:07:04 DEBUG BasicClientConnectionManager:161 - Get connection for route {s}->https://d-api.sbdinc.com:443
2021-04-29 14:07:04 DEBUG DefaultClientConnectionOperator:177 - Connecting to d-api.sbdinc.com:443
2021-04-29 14:07:06 DEBUG RequestAddCookies:123 - CookieSpec selected: ignoreCookies
2021-04-29 14:07:06 DEBUG RequestAuthCache:77 - Auth cache not set in the context
2021-04-29 14:07:06 DEBUG RequestTargetAuthentication:80 - Target auth state: UNCHALLENGED
2021-04-29 14:07:06 DEBUG RequestProxyAuthentication:89 - Proxy auth state: UNCHALLENGED
2021-04-29 14:07:06 DEBUG DefaultHttpClient:682 - Attempt 1 to execute request
2021-04-29 14:07:06 DEBUG DefaultClientConnection:274 - Sending request: POST /corpjourneycaa/v1/Inbound/post?Agora-Subscription-Key=48dfe6a704414f4c9f61b37a6b983fd7 HTTP/1.1
2021-04-29 14:07:06 DEBUG wire:73 -  >> "POST /corpjourneycaa/v1/Inbound/post?Agora-Subscription-Key=48dfe6a704414f4c9f61b37a6b983fd7 HTTP/1.1[\r][\n]"
2021-04-29 14:07:06 DEBUG wire:73 -  >> "Accept: */*[\r][\n]"
2021-04-29 14:07:06 DEBUG wire:73 -  >> "Content-Type: application/json; charset=UTF-8[\r][\n]"
2021-04-29 14:07:06 DEBUG wire:73 -  >> "Content-Length: 0[\r][\n]"
2021-04-29 14:07:06 DEBUG wire:73 -  >> "Host: d-api.sbdinc.com[\r][\n]"
2021-04-29 14:07:06 DEBUG wire:73 -  >> "Connection: Keep-Alive[\r][\n]"
2021-04-29 14:07:06 DEBUG wire:73 -  >> "User-Agent: Apache-HttpClient/4.5.3 (Java/1.8.0_191)[\r][\n]"
2021-04-29 14:07:06 DEBUG wire:73 -  >> "Accept-Encoding: gzip,deflate[\r][\n]"
2021-04-29 14:07:06 DEBUG wire:73 -  >> "[\r][\n]"
2021-04-29 14:07:06 DEBUG headers:278 - >> POST /corpjourneycaa/v1/Inbound/post?Agora-Subscription-Key=48dfe6a704414f4c9f61b37a6b983fd7 HTTP/1.1
2021-04-29 14:07:06 DEBUG headers:281 - >> Accept: */*
2021-04-29 14:07:06 DEBUG headers:281 - >> Content-Type: application/json; charset=UTF-8
2021-04-29 14:07:06 DEBUG headers:281 - >> Content-Length: 0
2021-04-29 14:07:06 DEBUG headers:281 - >> Host: d-api.sbdinc.com
2021-04-29 14:07:06 DEBUG headers:281 - >> Connection: Keep-Alive
2021-04-29 14:07:06 DEBUG headers:281 - >> User-Agent: Apache-HttpClient/4.5.3 (Java/1.8.0_191)
2021-04-29 14:07:06 DEBUG headers:281 - >> Accept-Encoding: gzip,deflate
2021-04-29 14:07:08 DEBUG wire:73 -  << "HTTP/1.1 502 Bad Gateway[\r][\n]"
2021-04-29 14:07:08 DEBUG wire:73 -  << "Cache-Control: no-cache[\r][\n]"
2021-04-29 14:07:08 DEBUG wire:73 -  << "Pragma: no-cache[\r][\n]"
2021-04-29 14:07:08 DEBUG wire:73 -  << "Content-Type: application/json; charset=utf-8[\r][\n]"
2021-04-29 14:07:08 DEBUG wire:73 -  << "Expires: -1[\r][\n]"
2021-04-29 14:07:08 DEBUG wire:73 -  << "x-ms-failure-cause: Trigger[\r][\n]"
2021-04-29 14:07:08 DEBUG wire:73 -  << "x-ms-workflow-run-id: 08585819214492819495731370739CU03[\r][\n]"
2021-04-29 14:07:08 DEBUG wire:73 -  << "x-ms-correlation-id: 075a7db5-91ef-4e05-9eb1-273e3e93ee74[\r][\n]"
2021-04-29 14:07:08 DEBUG wire:73 -  << "x-ms-client-tracking-id: 08585819214492819495731370739CU03[\r][\n]"
2021-04-29 14:07:08 DEBUG wire:73 -  << "x-ms-trigger-history-name: 08585819214492819495731370739CU03[\r][\n]"
2021-04-29 14:07:08 DEBUG wire:73 -  << "x-ms-execution-location: eastus[\r][\n]"
2021-04-29 14:07:08 DEBUG wire:73 -  << "x-ms-workflow-system-id: /locations/eastus/scaleunits/prod-03/workflows/21a2c519adea46fa8226d9348badd1c9[\r][\n]"
2021-04-29 14:07:08 DEBUG wire:73 -  << "x-ms-workflow-id: 21a2c519adea46fa8226d9348badd1c9[\r][\n]"
2021-04-29 14:07:08 DEBUG wire:73 -  << "x-ms-workflow-version: 08585825003350923326[\r][\n]"
2021-04-29 14:07:08 DEBUG wire:73 -  << "x-ms-workflow-name: sbd-SBD.CORP.JOURNEY-CAA-Inbound-APIMReceive-useast-dev-la[\r][\n]"
2021-04-29 14:07:08 DEBUG wire:73 -  << "x-ms-tracking-id: 075a7db5-91ef-4e05-9eb1-273e3e93ee74[\r][\n]"
2021-04-29 14:07:08 DEBUG wire:73 -  << "x-ms-request-id: eastus:075a7db5-91ef-4e05-9eb1-273e3e93ee74[\r][\n]"
2021-04-29 14:07:08 DEBUG wire:73 -  << "Strict-Transport-Security: max-age=31536000; includeSubDomains[\r][\n]"
2021-04-29 14:07:08 DEBUG wire:73 -  << "Date: Thu, 29 Apr 2021 08:37:16 GMT[\r][\n]"
2021-04-29 14:07:08 DEBUG wire:73 -  << "Content-Length: 163[\r][\n]"
2021-04-29 14:07:08 DEBUG wire:73 -  << "[\r][\n]"
2021-04-29 14:07:08 DEBUG DefaultClientConnection:259 - Receiving response: HTTP/1.1 502 Bad Gateway
2021-04-29 14:07:08 DEBUG headers:262 - << HTTP/1.1 502 Bad Gateway
2021-04-29 14:07:08 DEBUG headers:265 - << Cache-Control: no-cache
2021-04-29 14:07:08 DEBUG headers:265 - << Pragma: no-cache
2021-04-29 14:07:08 DEBUG headers:265 - << Content-Type: application/json; charset=utf-8
2021-04-29 14:07:08 DEBUG headers:265 - << Expires: -1
2021-04-29 14:07:08 DEBUG headers:265 - << x-ms-failure-cause: Trigger
2021-04-29 14:07:08 DEBUG headers:265 - << x-ms-workflow-run-id: 08585819214492819495731370739CU03
2021-04-29 14:07:08 DEBUG headers:265 - << x-ms-correlation-id: 075a7db5-91ef-4e05-9eb1-273e3e93ee74
2021-04-29 14:07:08 DEBUG headers:265 - << x-ms-client-tracking-id: 08585819214492819495731370739CU03
2021-04-29 14:07:08 DEBUG headers:265 - << x-ms-trigger-history-name: 08585819214492819495731370739CU03
2021-04-29 14:07:08 DEBUG headers:265 - << x-ms-execution-location: eastus
2021-04-29 14:07:08 DEBUG headers:265 - << x-ms-workflow-system-id: /locations/eastus/scaleunits/prod-03/workflows/21a2c519adea46fa8226d9348badd1c9
2021-04-29 14:07:08 DEBUG headers:265 - << x-ms-workflow-id: 21a2c519adea46fa8226d9348badd1c9
2021-04-29 14:07:08 DEBUG headers:265 - << x-ms-workflow-version: 08585825003350923326
2021-04-29 14:07:08 DEBUG headers:265 - << x-ms-workflow-name: sbd-SBD.CORP.JOURNEY-CAA-Inbound-APIMReceive-useast-dev-la
2021-04-29 14:07:08 DEBUG headers:265 - << x-ms-tracking-id: 075a7db5-91ef-4e05-9eb1-273e3e93ee74
2021-04-29 14:07:08 DEBUG headers:265 - << x-ms-request-id: eastus:075a7db5-91ef-4e05-9eb1-273e3e93ee74
2021-04-29 14:07:08 DEBUG headers:265 - << Strict-Transport-Security: max-age=31536000; includeSubDomains
2021-04-29 14:07:08 DEBUG headers:265 - << Date: Thu, 29 Apr 2021 08:37:16 GMT
2021-04-29 14:07:08 DEBUG headers:265 - << Content-Length: 163
2021-04-29 14:07:08 DEBUG DefaultHttpClient:509 - Connection can be kept alive indefinitely
2021-04-29 14:07:08 DEBUG RequestSpecificationImpl$RestAssuredHttpBuilder:545 - Parsing response as: application/json; charset=utf-8
2021-04-29 14:07:08 DEBUG RequestSpecificationImpl$RestAssuredHttpBuilder:548 - Parsed data to instance of: class org.apache.http.conn.EofSensorInputStream
2021-04-29 14:07:08 DEBUG RestCalls:47 - io.restassured.internal.RequestSpecificationImpl@54eada6d
2021-04-29 14:07:08 INFO  TestUtils:17 - *** Get String Body****
2021-04-29 14:07:08 DEBUG wire:87 -  << "{"error":{"code":"NoResponse","message":"The server did not receive a response from an upstream server. Request tracking id '08585819214492819495731370739CU03'."}}"
2021-04-29 14:07:08 DEBUG BasicClientConnectionManager:200 - Releasing connection org.apache.http.impl.conn.ManagedClientConnectionImpl@1101d954
2021-04-29 14:07:08 DEBUG BasicClientConnectionManager:225 - Connection can be kept alive indefinitely
2021-04-29 14:07:08 INFO  TestUtils:33 - ********JsonPath Response for Post*****
2021-04-29 14:07:08 INFO  InboundTesting:275 - ***** End C11_BankFee Test Cases ************
2021-04-29 14:07:08 INFO  TestUtils:48 - **** Getting response Code*******
]]></system-out>
  </testcase>
  <testcase name="C11_BankFee" classname="Inbound_Testing.InboundTesting" time="0">
    <skipped message="expected [200] but found [502]"/>
    <system-out><![CDATA[2021-04-29 14:07:08 INFO  payLoadsConvertor:16 - Inside payloads fn:
2021-04-29 14:07:08 INFO  InboundTesting:268 - **** Test Cases : Post Method *****
2021-04-29 14:07:08 INFO  URL:51 - PetStore URL Endpoint: https://d-api.sbdinc.com/corpjourneycaa/v1/Inbound/post
2021-04-29 14:07:08 INFO  RestCalls:43 - Post Request Call-
2021-04-29 14:07:08 DEBUG BasicClientConnectionManager:161 - Get connection for route {s}->https://d-api.sbdinc.com:443
2021-04-29 14:07:08 DEBUG DefaultClientConnectionOperator:177 - Connecting to d-api.sbdinc.com:443
2021-04-29 14:07:09 DEBUG RequestAddCookies:123 - CookieSpec selected: ignoreCookies
2021-04-29 14:07:09 DEBUG RequestAuthCache:77 - Auth cache not set in the context
2021-04-29 14:07:09 DEBUG RequestTargetAuthentication:80 - Target auth state: UNCHALLENGED
2021-04-29 14:07:09 DEBUG RequestProxyAuthentication:89 - Proxy auth state: UNCHALLENGED
2021-04-29 14:07:09 DEBUG DefaultHttpClient:682 - Attempt 1 to execute request
2021-04-29 14:07:09 DEBUG DefaultClientConnection:274 - Sending request: POST /corpjourneycaa/v1/Inbound/post?Agora-Subscription-Key=48dfe6a704414f4c9f61b37a6b983fd7 HTTP/1.1
2021-04-29 14:07:09 DEBUG wire:73 -  >> "POST /corpjourneycaa/v1/Inbound/post?Agora-Subscription-Key=48dfe6a704414f4c9f61b37a6b983fd7 HTTP/1.1[\r][\n]"
2021-04-29 14:07:09 DEBUG wire:73 -  >> "Accept: */*[\r][\n]"
2021-04-29 14:07:09 DEBUG wire:73 -  >> "Content-Type: application/json; charset=UTF-8[\r][\n]"
2021-04-29 14:07:09 DEBUG wire:73 -  >> "Content-Length: 0[\r][\n]"
2021-04-29 14:07:09 DEBUG wire:73 -  >> "Host: d-api.sbdinc.com[\r][\n]"
2021-04-29 14:07:09 DEBUG wire:73 -  >> "Connection: Keep-Alive[\r][\n]"
2021-04-29 14:07:09 DEBUG wire:73 -  >> "User-Agent: Apache-HttpClient/4.5.3 (Java/1.8.0_191)[\r][\n]"
2021-04-29 14:07:09 DEBUG wire:73 -  >> "Accept-Encoding: gzip,deflate[\r][\n]"
2021-04-29 14:07:09 DEBUG wire:73 -  >> "[\r][\n]"
2021-04-29 14:07:09 DEBUG headers:278 - >> POST /corpjourneycaa/v1/Inbound/post?Agora-Subscription-Key=48dfe6a704414f4c9f61b37a6b983fd7 HTTP/1.1
2021-04-29 14:07:09 DEBUG headers:281 - >> Accept: */*
2021-04-29 14:07:09 DEBUG headers:281 - >> Content-Type: application/json; charset=UTF-8
2021-04-29 14:07:09 DEBUG headers:281 - >> Content-Length: 0
2021-04-29 14:07:09 DEBUG headers:281 - >> Host: d-api.sbdinc.com
2021-04-29 14:07:09 DEBUG headers:281 - >> Connection: Keep-Alive
2021-04-29 14:07:09 DEBUG headers:281 - >> User-Agent: Apache-HttpClient/4.5.3 (Java/1.8.0_191)
2021-04-29 14:07:09 DEBUG headers:281 - >> Accept-Encoding: gzip,deflate
2021-04-29 14:07:11 DEBUG wire:73 -  << "HTTP/1.1 502 Bad Gateway[\r][\n]"
2021-04-29 14:07:11 DEBUG wire:73 -  << "Cache-Control: no-cache[\r][\n]"
2021-04-29 14:07:11 DEBUG wire:73 -  << "Pragma: no-cache[\r][\n]"
2021-04-29 14:07:11 DEBUG wire:73 -  << "Content-Type: application/json; charset=utf-8[\r][\n]"
2021-04-29 14:07:11 DEBUG wire:73 -  << "Expires: -1[\r][\n]"
2021-04-29 14:07:11 DEBUG wire:73 -  << "x-ms-failure-cause: Trigger[\r][\n]"
2021-04-29 14:07:11 DEBUG wire:73 -  << "x-ms-workflow-run-id: 08585819214459311271889779928CU00[\r][\n]"
2021-04-29 14:07:11 DEBUG wire:73 -  << "x-ms-correlation-id: 215379bb-b78e-4fea-a525-f14a07f51efe[\r][\n]"
2021-04-29 14:07:11 DEBUG wire:73 -  << "x-ms-client-tracking-id: 08585819214459311271889779928CU00[\r][\n]"
2021-04-29 14:07:11 DEBUG wire:73 -  << "x-ms-trigger-history-name: 08585819214459311271889779928CU00[\r][\n]"
2021-04-29 14:07:11 DEBUG wire:73 -  << "x-ms-execution-location: eastus[\r][\n]"
2021-04-29 14:07:11 DEBUG wire:73 -  << "x-ms-workflow-system-id: /locations/eastus/scaleunits/prod-03/workflows/21a2c519adea46fa8226d9348badd1c9[\r][\n]"
2021-04-29 14:07:11 DEBUG wire:73 -  << "x-ms-workflow-id: 21a2c519adea46fa8226d9348badd1c9[\r][\n]"
2021-04-29 14:07:11 DEBUG wire:73 -  << "x-ms-workflow-version: 08585825003350923326[\r][\n]"
2021-04-29 14:07:11 DEBUG wire:73 -  << "x-ms-workflow-name: sbd-SBD.CORP.JOURNEY-CAA-Inbound-APIMReceive-useast-dev-la[\r][\n]"
2021-04-29 14:07:11 DEBUG wire:73 -  << "x-ms-tracking-id: 215379bb-b78e-4fea-a525-f14a07f51efe[\r][\n]"
2021-04-29 14:07:11 DEBUG wire:73 -  << "x-ms-request-id: eastus:215379bb-b78e-4fea-a525-f14a07f51efe[\r][\n]"
2021-04-29 14:07:11 DEBUG wire:73 -  << "Strict-Transport-Security: max-age=31536000; includeSubDomains[\r][\n]"
2021-04-29 14:07:11 DEBUG wire:73 -  << "Date: Thu, 29 Apr 2021 08:37:21 GMT[\r][\n]"
2021-04-29 14:07:11 DEBUG wire:73 -  << "Content-Length: 163[\r][\n]"
2021-04-29 14:07:11 DEBUG wire:73 -  << "[\r][\n]"
2021-04-29 14:07:11 DEBUG DefaultClientConnection:259 - Receiving response: HTTP/1.1 502 Bad Gateway
2021-04-29 14:07:11 DEBUG headers:262 - << HTTP/1.1 502 Bad Gateway
2021-04-29 14:07:11 DEBUG headers:265 - << Cache-Control: no-cache
2021-04-29 14:07:11 DEBUG headers:265 - << Pragma: no-cache
2021-04-29 14:07:11 DEBUG headers:265 - << Content-Type: application/json; charset=utf-8
2021-04-29 14:07:11 DEBUG headers:265 - << Expires: -1
2021-04-29 14:07:11 DEBUG headers:265 - << x-ms-failure-cause: Trigger
2021-04-29 14:07:11 DEBUG headers:265 - << x-ms-workflow-run-id: 08585819214459311271889779928CU00
2021-04-29 14:07:11 DEBUG headers:265 - << x-ms-correlation-id: 215379bb-b78e-4fea-a525-f14a07f51efe
2021-04-29 14:07:11 DEBUG headers:265 - << x-ms-client-tracking-id: 08585819214459311271889779928CU00
2021-04-29 14:07:11 DEBUG headers:265 - << x-ms-trigger-history-name: 08585819214459311271889779928CU00
2021-04-29 14:07:11 DEBUG headers:265 - << x-ms-execution-location: eastus
2021-04-29 14:07:11 DEBUG headers:265 - << x-ms-workflow-system-id: /locations/eastus/scaleunits/prod-03/workflows/21a2c519adea46fa8226d9348badd1c9
2021-04-29 14:07:11 DEBUG headers:265 - << x-ms-workflow-id: 21a2c519adea46fa8226d9348badd1c9
2021-04-29 14:07:11 DEBUG headers:265 - << x-ms-workflow-version: 08585825003350923326
2021-04-29 14:07:11 DEBUG headers:265 - << x-ms-workflow-name: sbd-SBD.CORP.JOURNEY-CAA-Inbound-APIMReceive-useast-dev-la
2021-04-29 14:07:11 DEBUG headers:265 - << x-ms-tracking-id: 215379bb-b78e-4fea-a525-f14a07f51efe
2021-04-29 14:07:11 DEBUG headers:265 - << x-ms-request-id: eastus:215379bb-b78e-4fea-a525-f14a07f51efe
2021-04-29 14:07:11 DEBUG headers:265 - << Strict-Transport-Security: max-age=31536000; includeSubDomains
2021-04-29 14:07:11 DEBUG headers:265 - << Date: Thu, 29 Apr 2021 08:37:21 GMT
2021-04-29 14:07:11 DEBUG headers:265 - << Content-Length: 163
2021-04-29 14:07:11 DEBUG DefaultHttpClient:509 - Connection can be kept alive indefinitely
2021-04-29 14:07:11 DEBUG RequestSpecificationImpl$RestAssuredHttpBuilder:545 - Parsing response as: application/json; charset=utf-8
2021-04-29 14:07:11 DEBUG RequestSpecificationImpl$RestAssuredHttpBuilder:548 - Parsed data to instance of: class org.apache.http.conn.EofSensorInputStream
2021-04-29 14:07:11 DEBUG RestCalls:47 - io.restassured.internal.RequestSpecificationImpl@5ac415b7
2021-04-29 14:07:11 INFO  TestUtils:17 - *** Get String Body****
2021-04-29 14:07:11 DEBUG wire:87 -  << "{"error":{"code":"NoResponse","message":"The server did not receive a response from an upstream server. Request tracking id '08585819214459311271889779928CU00'."}}"
2021-04-29 14:07:11 DEBUG BasicClientConnectionManager:200 - Releasing connection org.apache.http.impl.conn.ManagedClientConnectionImpl@3e3a67e8
2021-04-29 14:07:11 DEBUG BasicClientConnectionManager:225 - Connection can be kept alive indefinitely
2021-04-29 14:07:11 INFO  TestUtils:33 - ********JsonPath Response for Post*****
2021-04-29 14:07:11 INFO  InboundTesting:275 - ***** End C11_BankFee Test Cases ************
2021-04-29 14:07:11 INFO  TestUtils:48 - **** Getting response Code*******
]]></system-out>
  </testcase>
  <testcase name="C11_BankFee" classname="Inbound_Testing.InboundTesting" time="0">
    <skipped message="expected [200] but found [502]"/>
    <system-out><![CDATA[2021-04-29 14:07:11 INFO  payLoadsConvertor:16 - Inside payloads fn:
2021-04-29 14:07:11 INFO  InboundTesting:268 - **** Test Cases : Post Method *****
2021-04-29 14:07:11 INFO  URL:51 - PetStore URL Endpoint: https://d-api.sbdinc.com/corpjourneycaa/v1/Inbound/post
2021-04-29 14:07:11 INFO  RestCalls:43 - Post Request Call-
2021-04-29 14:07:11 DEBUG BasicClientConnectionManager:161 - Get connection for route {s}->https://d-api.sbdinc.com:443
2021-04-29 14:07:11 DEBUG DefaultClientConnectionOperator:177 - Connecting to d-api.sbdinc.com:443
2021-04-29 14:07:12 DEBUG RequestAddCookies:123 - CookieSpec selected: ignoreCookies
2021-04-29 14:07:12 DEBUG RequestAuthCache:77 - Auth cache not set in the context
2021-04-29 14:07:12 DEBUG RequestTargetAuthentication:80 - Target auth state: UNCHALLENGED
2021-04-29 14:07:12 DEBUG RequestProxyAuthentication:89 - Proxy auth state: UNCHALLENGED
2021-04-29 14:07:12 DEBUG DefaultHttpClient:682 - Attempt 1 to execute request
2021-04-29 14:07:12 DEBUG DefaultClientConnection:274 - Sending request: POST /corpjourneycaa/v1/Inbound/post?Agora-Subscription-Key=48dfe6a704414f4c9f61b37a6b983fd7 HTTP/1.1
2021-04-29 14:07:12 DEBUG wire:73 -  >> "POST /corpjourneycaa/v1/Inbound/post?Agora-Subscription-Key=48dfe6a704414f4c9f61b37a6b983fd7 HTTP/1.1[\r][\n]"
2021-04-29 14:07:12 DEBUG wire:73 -  >> "Accept: */*[\r][\n]"
2021-04-29 14:07:12 DEBUG wire:73 -  >> "Content-Type: application/json; charset=UTF-8[\r][\n]"
2021-04-29 14:07:12 DEBUG wire:73 -  >> "Content-Length: 0[\r][\n]"
2021-04-29 14:07:12 DEBUG wire:73 -  >> "Host: d-api.sbdinc.com[\r][\n]"
2021-04-29 14:07:12 DEBUG wire:73 -  >> "Connection: Keep-Alive[\r][\n]"
2021-04-29 14:07:12 DEBUG wire:73 -  >> "User-Agent: Apache-HttpClient/4.5.3 (Java/1.8.0_191)[\r][\n]"
2021-04-29 14:07:12 DEBUG wire:73 -  >> "Accept-Encoding: gzip,deflate[\r][\n]"
2021-04-29 14:07:12 DEBUG wire:73 -  >> "[\r][\n]"
2021-04-29 14:07:12 DEBUG headers:278 - >> POST /corpjourneycaa/v1/Inbound/post?Agora-Subscription-Key=48dfe6a704414f4c9f61b37a6b983fd7 HTTP/1.1
2021-04-29 14:07:12 DEBUG headers:281 - >> Accept: */*
2021-04-29 14:07:12 DEBUG headers:281 - >> Content-Type: application/json; charset=UTF-8
2021-04-29 14:07:12 DEBUG headers:281 - >> Content-Length: 0
2021-04-29 14:07:12 DEBUG headers:281 - >> Host: d-api.sbdinc.com
2021-04-29 14:07:12 DEBUG headers:281 - >> Connection: Keep-Alive
2021-04-29 14:07:12 DEBUG headers:281 - >> User-Agent: Apache-HttpClient/4.5.3 (Java/1.8.0_191)
2021-04-29 14:07:12 DEBUG headers:281 - >> Accept-Encoding: gzip,deflate
2021-04-29 14:07:13 DEBUG wire:73 -  << "HTTP/1.1 502 Bad Gateway[\r][\n]"
2021-04-29 14:07:13 DEBUG wire:73 -  << "Cache-Control: no-cache[\r][\n]"
2021-04-29 14:07:13 DEBUG wire:73 -  << "Pragma: no-cache[\r][\n]"
2021-04-29 14:07:13 DEBUG wire:73 -  << "Content-Type: application/json; charset=utf-8[\r][\n]"
2021-04-29 14:07:13 DEBUG wire:73 -  << "Expires: -1[\r][\n]"
2021-04-29 14:07:13 DEBUG wire:73 -  << "x-ms-failure-cause: Trigger[\r][\n]"
2021-04-29 14:07:13 DEBUG wire:73 -  << "x-ms-workflow-run-id: 08585819214430517612602323734CU00[\r][\n]"
2021-04-29 14:07:13 DEBUG wire:73 -  << "x-ms-correlation-id: 879f50d6-91f1-4008-ac49-c4927036fce5[\r][\n]"
2021-04-29 14:07:13 DEBUG wire:73 -  << "x-ms-client-tracking-id: 08585819214430517612602323734CU00[\r][\n]"
2021-04-29 14:07:13 DEBUG wire:73 -  << "x-ms-trigger-history-name: 08585819214430517612602323734CU00[\r][\n]"
2021-04-29 14:07:13 DEBUG wire:73 -  << "x-ms-execution-location: eastus[\r][\n]"
2021-04-29 14:07:13 DEBUG wire:73 -  << "x-ms-workflow-system-id: /locations/eastus/scaleunits/prod-03/workflows/21a2c519adea46fa8226d9348badd1c9[\r][\n]"
2021-04-29 14:07:13 DEBUG wire:73 -  << "x-ms-workflow-id: 21a2c519adea46fa8226d9348badd1c9[\r][\n]"
2021-04-29 14:07:13 DEBUG wire:73 -  << "x-ms-workflow-version: 08585825003350923326[\r][\n]"
2021-04-29 14:07:13 DEBUG wire:73 -  << "x-ms-workflow-name: sbd-SBD.CORP.JOURNEY-CAA-Inbound-APIMReceive-useast-dev-la[\r][\n]"
2021-04-29 14:07:13 DEBUG wire:73 -  << "x-ms-tracking-id: 879f50d6-91f1-4008-ac49-c4927036fce5[\r][\n]"
2021-04-29 14:07:13 DEBUG wire:73 -  << "x-ms-request-id: eastus:879f50d6-91f1-4008-ac49-c4927036fce5[\r][\n]"
2021-04-29 14:07:13 DEBUG wire:73 -  << "Strict-Transport-Security: max-age=31536000; includeSubDomains[\r][\n]"
2021-04-29 14:07:13 DEBUG wire:73 -  << "Date: Thu, 29 Apr 2021 08:37:23 GMT[\r][\n]"
2021-04-29 14:07:13 DEBUG wire:73 -  << "Content-Length: 163[\r][\n]"
2021-04-29 14:07:13 DEBUG wire:73 -  << "[\r][\n]"
2021-04-29 14:07:13 DEBUG DefaultClientConnection:259 - Receiving response: HTTP/1.1 502 Bad Gateway
2021-04-29 14:07:13 DEBUG headers:262 - << HTTP/1.1 502 Bad Gateway
2021-04-29 14:07:13 DEBUG headers:265 - << Cache-Control: no-cache
2021-04-29 14:07:13 DEBUG headers:265 - << Pragma: no-cache
2021-04-29 14:07:13 DEBUG headers:265 - << Content-Type: application/json; charset=utf-8
2021-04-29 14:07:13 DEBUG headers:265 - << Expires: -1
2021-04-29 14:07:13 DEBUG headers:265 - << x-ms-failure-cause: Trigger
2021-04-29 14:07:13 DEBUG headers:265 - << x-ms-workflow-run-id: 08585819214430517612602323734CU00
2021-04-29 14:07:13 DEBUG headers:265 - << x-ms-correlation-id: 879f50d6-91f1-4008-ac49-c4927036fce5
2021-04-29 14:07:13 DEBUG headers:265 - << x-ms-client-tracking-id: 08585819214430517612602323734CU00
2021-04-29 14:07:13 DEBUG headers:265 - << x-ms-trigger-history-name: 08585819214430517612602323734CU00
2021-04-29 14:07:13 DEBUG headers:265 - << x-ms-execution-location: eastus
2021-04-29 14:07:13 DEBUG headers:265 - << x-ms-workflow-system-id: /locations/eastus/scaleunits/prod-03/workflows/21a2c519adea46fa8226d9348badd1c9
2021-04-29 14:07:13 DEBUG headers:265 - << x-ms-workflow-id: 21a2c519adea46fa8226d9348badd1c9
2021-04-29 14:07:13 DEBUG headers:265 - << x-ms-workflow-version: 08585825003350923326
2021-04-29 14:07:13 DEBUG headers:265 - << x-ms-workflow-name: sbd-SBD.CORP.JOURNEY-CAA-Inbound-APIMReceive-useast-dev-la
2021-04-29 14:07:13 DEBUG headers:265 - << x-ms-tracking-id: 879f50d6-91f1-4008-ac49-c4927036fce5
2021-04-29 14:07:13 DEBUG headers:265 - << x-ms-request-id: eastus:879f50d6-91f1-4008-ac49-c4927036fce5
2021-04-29 14:07:13 DEBUG headers:265 - << Strict-Transport-Security: max-age=31536000; includeSubDomains
2021-04-29 14:07:13 DEBUG headers:265 - << Date: Thu, 29 Apr 2021 08:37:23 GMT
2021-04-29 14:07:13 DEBUG headers:265 - << Content-Length: 163
2021-04-29 14:07:13 DEBUG DefaultHttpClient:509 - Connection can be kept alive indefinitely
2021-04-29 14:07:13 DEBUG RequestSpecificationImpl$RestAssuredHttpBuilder:545 - Parsing response as: application/json; charset=utf-8
2021-04-29 14:07:13 DEBUG RequestSpecificationImpl$RestAssuredHttpBuilder:548 - Parsed data to instance of: class org.apache.http.conn.EofSensorInputStream
2021-04-29 14:07:13 DEBUG RestCalls:47 - io.restassured.internal.RequestSpecificationImpl@23702d54
2021-04-29 14:07:13 INFO  TestUtils:17 - *** Get String Body****
2021-04-29 14:07:13 DEBUG wire:87 -  << "{"error":{"code":"NoResponse","message":"The server did not receive a response from an upstream server. Request tracking id '08585819214430517612602323734CU00'."}}"
2021-04-29 14:07:13 DEBUG BasicClientConnectionManager:200 - Releasing connection org.apache.http.impl.conn.ManagedClientConnectionImpl@6e81acae
2021-04-29 14:07:13 DEBUG BasicClientConnectionManager:225 - Connection can be kept alive indefinitely
2021-04-29 14:07:13 INFO  TestUtils:33 - ********JsonPath Response for Post*****
2021-04-29 14:07:13 INFO  InboundTesting:275 - ***** End C11_BankFee Test Cases ************
2021-04-29 14:07:13 INFO  TestUtils:48 - **** Getting response Code*******
]]></system-out>
  </testcase>
  <testcase name="C11_BankFee" classname="Inbound_Testing.InboundTesting" time="3.144">
    <failure message="expected [200] but found [502]" type="java.lang.AssertionError">java.lang.AssertionError: expected [200] but found [502]
	at Inbound_Testing.InboundTesting.C11_BankFee(InboundTesting.java:276)
</failure>
    <system-out><![CDATA[2021-04-29 14:07:13 INFO  payLoadsConvertor:16 - Inside payloads fn:
2021-04-29 14:07:13 INFO  InboundTesting:268 - **** Test Cases : Post Method *****
2021-04-29 14:07:13 INFO  URL:51 - PetStore URL Endpoint: https://d-api.sbdinc.com/corpjourneycaa/v1/Inbound/post
2021-04-29 14:07:13 INFO  RestCalls:43 - Post Request Call-
2021-04-29 14:07:13 DEBUG BasicClientConnectionManager:161 - Get connection for route {s}->https://d-api.sbdinc.com:443
2021-04-29 14:07:13 DEBUG DefaultClientConnectionOperator:177 - Connecting to d-api.sbdinc.com:443
2021-04-29 14:07:14 DEBUG RequestAddCookies:123 - CookieSpec selected: ignoreCookies
2021-04-29 14:07:14 DEBUG RequestAuthCache:77 - Auth cache not set in the context
2021-04-29 14:07:14 DEBUG RequestTargetAuthentication:80 - Target auth state: UNCHALLENGED
2021-04-29 14:07:14 DEBUG RequestProxyAuthentication:89 - Proxy auth state: UNCHALLENGED
2021-04-29 14:07:14 DEBUG DefaultHttpClient:682 - Attempt 1 to execute request
2021-04-29 14:07:14 DEBUG DefaultClientConnection:274 - Sending request: POST /corpjourneycaa/v1/Inbound/post?Agora-Subscription-Key=48dfe6a704414f4c9f61b37a6b983fd7 HTTP/1.1
2021-04-29 14:07:14 DEBUG wire:73 -  >> "POST /corpjourneycaa/v1/Inbound/post?Agora-Subscription-Key=48dfe6a704414f4c9f61b37a6b983fd7 HTTP/1.1[\r][\n]"
2021-04-29 14:07:14 DEBUG wire:73 -  >> "Accept: */*[\r][\n]"
2021-04-29 14:07:14 DEBUG wire:73 -  >> "Content-Type: application/json; charset=UTF-8[\r][\n]"
2021-04-29 14:07:14 DEBUG wire:73 -  >> "Content-Length: 0[\r][\n]"
2021-04-29 14:07:14 DEBUG wire:73 -  >> "Host: d-api.sbdinc.com[\r][\n]"
2021-04-29 14:07:14 DEBUG wire:73 -  >> "Connection: Keep-Alive[\r][\n]"
2021-04-29 14:07:14 DEBUG wire:73 -  >> "User-Agent: Apache-HttpClient/4.5.3 (Java/1.8.0_191)[\r][\n]"
2021-04-29 14:07:14 DEBUG wire:73 -  >> "Accept-Encoding: gzip,deflate[\r][\n]"
2021-04-29 14:07:14 DEBUG wire:73 -  >> "[\r][\n]"
2021-04-29 14:07:14 DEBUG headers:278 - >> POST /corpjourneycaa/v1/Inbound/post?Agora-Subscription-Key=48dfe6a704414f4c9f61b37a6b983fd7 HTTP/1.1
2021-04-29 14:07:14 DEBUG headers:281 - >> Accept: */*
2021-04-29 14:07:14 DEBUG headers:281 - >> Content-Type: application/json; charset=UTF-8
2021-04-29 14:07:14 DEBUG headers:281 - >> Content-Length: 0
2021-04-29 14:07:14 DEBUG headers:281 - >> Host: d-api.sbdinc.com
2021-04-29 14:07:14 DEBUG headers:281 - >> Connection: Keep-Alive
2021-04-29 14:07:14 DEBUG headers:281 - >> User-Agent: Apache-HttpClient/4.5.3 (Java/1.8.0_191)
2021-04-29 14:07:14 DEBUG headers:281 - >> Accept-Encoding: gzip,deflate
2021-04-29 14:07:16 DEBUG wire:73 -  << "HTTP/1.1 502 Bad Gateway[\r][\n]"
2021-04-29 14:07:16 DEBUG wire:73 -  << "Cache-Control: no-cache[\r][\n]"
2021-04-29 14:07:16 DEBUG wire:73 -  << "Pragma: no-cache[\r][\n]"
2021-04-29 14:07:16 DEBUG wire:73 -  << "Content-Type: application/json; charset=utf-8[\r][\n]"
2021-04-29 14:07:16 DEBUG wire:73 -  << "Expires: -1[\r][\n]"
2021-04-29 14:07:16 DEBUG wire:73 -  << "x-ms-failure-cause: Trigger[\r][\n]"
2021-04-29 14:07:16 DEBUG wire:73 -  << "x-ms-workflow-run-id: 08585819214404697165720048374CU01[\r][\n]"
2021-04-29 14:07:16 DEBUG wire:73 -  << "x-ms-correlation-id: cfb9a4cf-9bf7-467f-8778-37e49fd6eeb1[\r][\n]"
2021-04-29 14:07:16 DEBUG wire:73 -  << "x-ms-client-tracking-id: 08585819214404697165720048374CU01[\r][\n]"
2021-04-29 14:07:16 DEBUG wire:73 -  << "x-ms-trigger-history-name: 08585819214404697165720048374CU01[\r][\n]"
2021-04-29 14:07:16 DEBUG wire:73 -  << "x-ms-execution-location: eastus[\r][\n]"
2021-04-29 14:07:16 DEBUG wire:73 -  << "x-ms-workflow-system-id: /locations/eastus/scaleunits/prod-03/workflows/21a2c519adea46fa8226d9348badd1c9[\r][\n]"
2021-04-29 14:07:16 DEBUG wire:73 -  << "x-ms-workflow-id: 21a2c519adea46fa8226d9348badd1c9[\r][\n]"
2021-04-29 14:07:16 DEBUG wire:73 -  << "x-ms-workflow-version: 08585825003350923326[\r][\n]"
2021-04-29 14:07:16 DEBUG wire:73 -  << "x-ms-workflow-name: sbd-SBD.CORP.JOURNEY-CAA-Inbound-APIMReceive-useast-dev-la[\r][\n]"
2021-04-29 14:07:16 DEBUG wire:73 -  << "x-ms-tracking-id: cfb9a4cf-9bf7-467f-8778-37e49fd6eeb1[\r][\n]"
2021-04-29 14:07:16 DEBUG wire:73 -  << "x-ms-request-id: eastus:cfb9a4cf-9bf7-467f-8778-37e49fd6eeb1[\r][\n]"
2021-04-29 14:07:16 DEBUG wire:73 -  << "Strict-Transport-Security: max-age=31536000; includeSubDomains[\r][\n]"
2021-04-29 14:07:16 DEBUG wire:73 -  << "Date: Thu, 29 Apr 2021 08:37:26 GMT[\r][\n]"
2021-04-29 14:07:16 DEBUG wire:73 -  << "Content-Length: 163[\r][\n]"
2021-04-29 14:07:16 DEBUG wire:73 -  << "[\r][\n]"
2021-04-29 14:07:16 DEBUG DefaultClientConnection:259 - Receiving response: HTTP/1.1 502 Bad Gateway
2021-04-29 14:07:16 DEBUG headers:262 - << HTTP/1.1 502 Bad Gateway
2021-04-29 14:07:16 DEBUG headers:265 - << Cache-Control: no-cache
2021-04-29 14:07:16 DEBUG headers:265 - << Pragma: no-cache
2021-04-29 14:07:16 DEBUG headers:265 - << Content-Type: application/json; charset=utf-8
2021-04-29 14:07:16 DEBUG headers:265 - << Expires: -1
2021-04-29 14:07:16 DEBUG headers:265 - << x-ms-failure-cause: Trigger
2021-04-29 14:07:16 DEBUG headers:265 - << x-ms-workflow-run-id: 08585819214404697165720048374CU01
2021-04-29 14:07:16 DEBUG headers:265 - << x-ms-correlation-id: cfb9a4cf-9bf7-467f-8778-37e49fd6eeb1
2021-04-29 14:07:16 DEBUG headers:265 - << x-ms-client-tracking-id: 08585819214404697165720048374CU01
2021-04-29 14:07:16 DEBUG headers:265 - << x-ms-trigger-history-name: 08585819214404697165720048374CU01
2021-04-29 14:07:16 DEBUG headers:265 - << x-ms-execution-location: eastus
2021-04-29 14:07:16 DEBUG headers:265 - << x-ms-workflow-system-id: /locations/eastus/scaleunits/prod-03/workflows/21a2c519adea46fa8226d9348badd1c9
2021-04-29 14:07:16 DEBUG headers:265 - << x-ms-workflow-id: 21a2c519adea46fa8226d9348badd1c9
2021-04-29 14:07:16 DEBUG headers:265 - << x-ms-workflow-version: 08585825003350923326
2021-04-29 14:07:16 DEBUG headers:265 - << x-ms-workflow-name: sbd-SBD.CORP.JOURNEY-CAA-Inbound-APIMReceive-useast-dev-la
2021-04-29 14:07:16 DEBUG headers:265 - << x-ms-tracking-id: cfb9a4cf-9bf7-467f-8778-37e49fd6eeb1
2021-04-29 14:07:16 DEBUG headers:265 - << x-ms-request-id: eastus:cfb9a4cf-9bf7-467f-8778-37e49fd6eeb1
2021-04-29 14:07:16 DEBUG headers:265 - << Strict-Transport-Security: max-age=31536000; includeSubDomains
2021-04-29 14:07:16 DEBUG headers:265 - << Date: Thu, 29 Apr 2021 08:37:26 GMT
2021-04-29 14:07:16 DEBUG headers:265 - << Content-Length: 163
2021-04-29 14:07:16 DEBUG DefaultHttpClient:509 - Connection can be kept alive indefinitely
2021-04-29 14:07:16 DEBUG RequestSpecificationImpl$RestAssuredHttpBuilder:545 - Parsing response as: application/json; charset=utf-8
2021-04-29 14:07:16 DEBUG RequestSpecificationImpl$RestAssuredHttpBuilder:548 - Parsed data to instance of: class org.apache.http.conn.EofSensorInputStream
2021-04-29 14:07:17 DEBUG RestCalls:47 - io.restassured.internal.RequestSpecificationImpl@6f5cb194
2021-04-29 14:07:17 INFO  TestUtils:17 - *** Get String Body****
2021-04-29 14:07:17 DEBUG wire:87 -  << "{"error":{"code":"NoResponse","message":"The server did not receive a response from an upstream server. Request tracking id '08585819214404697165720048374CU01'."}}"
2021-04-29 14:07:17 DEBUG BasicClientConnectionManager:200 - Releasing connection org.apache.http.impl.conn.ManagedClientConnectionImpl@70978193
2021-04-29 14:07:17 DEBUG BasicClientConnectionManager:225 - Connection can be kept alive indefinitely
2021-04-29 14:07:17 INFO  TestUtils:33 - ********JsonPath Response for Post*****
2021-04-29 14:07:17 INFO  InboundTesting:275 - ***** End C11_BankFee Test Cases ************
2021-04-29 14:07:17 INFO  TestUtils:48 - **** Getting response Code*******
]]></system-out>
  </testcase>
  <testcase name="C11_Deduction" classname="Inbound_Testing.InboundTesting" time="0">
    <skipped message="expected [200] but found [502]"/>
    <system-out><![CDATA[2021-04-29 14:07:17 INFO  payLoadsConvertor:16 - Inside payloads fn:
2021-04-29 14:07:17 INFO  InboundTesting:286 - **** Test Cases : Post Method *****
2021-04-29 14:07:17 INFO  URL:51 - PetStore URL Endpoint: https://d-api.sbdinc.com/corpjourneycaa/v1/Inbound/post
2021-04-29 14:07:17 INFO  RestCalls:43 - Post Request Call-
2021-04-29 14:07:17 DEBUG BasicClientConnectionManager:161 - Get connection for route {s}->https://d-api.sbdinc.com:443
2021-04-29 14:07:17 DEBUG DefaultClientConnectionOperator:177 - Connecting to d-api.sbdinc.com:443
2021-04-29 14:07:17 DEBUG RequestAddCookies:123 - CookieSpec selected: ignoreCookies
2021-04-29 14:07:17 DEBUG RequestAuthCache:77 - Auth cache not set in the context
2021-04-29 14:07:17 DEBUG RequestTargetAuthentication:80 - Target auth state: UNCHALLENGED
2021-04-29 14:07:17 DEBUG RequestProxyAuthentication:89 - Proxy auth state: UNCHALLENGED
2021-04-29 14:07:17 DEBUG DefaultHttpClient:682 - Attempt 1 to execute request
2021-04-29 14:07:17 DEBUG DefaultClientConnection:274 - Sending request: POST /corpjourneycaa/v1/Inbound/post?Agora-Subscription-Key=48dfe6a704414f4c9f61b37a6b983fd7 HTTP/1.1
2021-04-29 14:07:17 DEBUG wire:73 -  >> "POST /corpjourneycaa/v1/Inbound/post?Agora-Subscription-Key=48dfe6a704414f4c9f61b37a6b983fd7 HTTP/1.1[\r][\n]"
2021-04-29 14:07:17 DEBUG wire:73 -  >> "Accept: */*[\r][\n]"
2021-04-29 14:07:17 DEBUG wire:73 -  >> "Content-Type: application/json; charset=UTF-8[\r][\n]"
2021-04-29 14:07:17 DEBUG wire:73 -  >> "Content-Length: 0[\r][\n]"
2021-04-29 14:07:17 DEBUG wire:73 -  >> "Host: d-api.sbdinc.com[\r][\n]"
2021-04-29 14:07:17 DEBUG wire:73 -  >> "Connection: Keep-Alive[\r][\n]"
2021-04-29 14:07:17 DEBUG wire:73 -  >> "User-Agent: Apache-HttpClient/4.5.3 (Java/1.8.0_191)[\r][\n]"
2021-04-29 14:07:17 DEBUG wire:73 -  >> "Accept-Encoding: gzip,deflate[\r][\n]"
2021-04-29 14:07:17 DEBUG wire:73 -  >> "[\r][\n]"
2021-04-29 14:07:17 DEBUG headers:278 - >> POST /corpjourneycaa/v1/Inbound/post?Agora-Subscription-Key=48dfe6a704414f4c9f61b37a6b983fd7 HTTP/1.1
2021-04-29 14:07:17 DEBUG headers:281 - >> Accept: */*
2021-04-29 14:07:17 DEBUG headers:281 - >> Content-Type: application/json; charset=UTF-8
2021-04-29 14:07:17 DEBUG headers:281 - >> Content-Length: 0
2021-04-29 14:07:17 DEBUG headers:281 - >> Host: d-api.sbdinc.com
2021-04-29 14:07:17 DEBUG headers:281 - >> Connection: Keep-Alive
2021-04-29 14:07:17 DEBUG headers:281 - >> User-Agent: Apache-HttpClient/4.5.3 (Java/1.8.0_191)
2021-04-29 14:07:17 DEBUG headers:281 - >> Accept-Encoding: gzip,deflate
2021-04-29 14:07:20 DEBUG wire:73 -  << "HTTP/1.1 502 Bad Gateway[\r][\n]"
2021-04-29 14:07:20 DEBUG wire:73 -  << "Cache-Control: no-cache[\r][\n]"
2021-04-29 14:07:20 DEBUG wire:73 -  << "Pragma: no-cache[\r][\n]"
2021-04-29 14:07:20 DEBUG wire:73 -  << "Content-Type: application/json; charset=utf-8[\r][\n]"
2021-04-29 14:07:20 DEBUG wire:73 -  << "Expires: -1[\r][\n]"
2021-04-29 14:07:20 DEBUG wire:73 -  << "x-ms-failure-cause: Trigger[\r][\n]"
2021-04-29 14:07:20 DEBUG wire:73 -  << "x-ms-workflow-run-id: 08585819214375663081369365230CU02[\r][\n]"
2021-04-29 14:07:20 DEBUG wire:73 -  << "x-ms-correlation-id: aa0bc89b-8440-4046-9345-799cfd4aba7b[\r][\n]"
2021-04-29 14:07:20 DEBUG wire:73 -  << "x-ms-client-tracking-id: 08585819214375663081369365230CU02[\r][\n]"
2021-04-29 14:07:20 DEBUG wire:73 -  << "x-ms-trigger-history-name: 08585819214375663081369365230CU02[\r][\n]"
2021-04-29 14:07:20 DEBUG wire:73 -  << "x-ms-execution-location: eastus[\r][\n]"
2021-04-29 14:07:20 DEBUG wire:73 -  << "x-ms-workflow-system-id: /locations/eastus/scaleunits/prod-03/workflows/21a2c519adea46fa8226d9348badd1c9[\r][\n]"
2021-04-29 14:07:20 DEBUG wire:73 -  << "x-ms-workflow-id: 21a2c519adea46fa8226d9348badd1c9[\r][\n]"
2021-04-29 14:07:20 DEBUG wire:73 -  << "x-ms-workflow-version: 08585825003350923326[\r][\n]"
2021-04-29 14:07:20 DEBUG wire:73 -  << "x-ms-workflow-name: sbd-SBD.CORP.JOURNEY-CAA-Inbound-APIMReceive-useast-dev-la[\r][\n]"
2021-04-29 14:07:20 DEBUG wire:73 -  << "x-ms-tracking-id: aa0bc89b-8440-4046-9345-799cfd4aba7b[\r][\n]"
2021-04-29 14:07:20 DEBUG wire:73 -  << "x-ms-request-id: eastus:aa0bc89b-8440-4046-9345-799cfd4aba7b[\r][\n]"
2021-04-29 14:07:20 DEBUG wire:73 -  << "Strict-Transport-Security: max-age=31536000; includeSubDomains[\r][\n]"
2021-04-29 14:07:20 DEBUG wire:73 -  << "Date: Thu, 29 Apr 2021 08:37:30 GMT[\r][\n]"
2021-04-29 14:07:20 DEBUG wire:73 -  << "Content-Length: 163[\r][\n]"
2021-04-29 14:07:20 DEBUG wire:73 -  << "[\r][\n]"
2021-04-29 14:07:20 DEBUG DefaultClientConnection:259 - Receiving response: HTTP/1.1 502 Bad Gateway
2021-04-29 14:07:20 DEBUG headers:262 - << HTTP/1.1 502 Bad Gateway
2021-04-29 14:07:20 DEBUG headers:265 - << Cache-Control: no-cache
2021-04-29 14:07:20 DEBUG headers:265 - << Pragma: no-cache
2021-04-29 14:07:20 DEBUG headers:265 - << Content-Type: application/json; charset=utf-8
2021-04-29 14:07:20 DEBUG headers:265 - << Expires: -1
2021-04-29 14:07:20 DEBUG headers:265 - << x-ms-failure-cause: Trigger
2021-04-29 14:07:20 DEBUG headers:265 - << x-ms-workflow-run-id: 08585819214375663081369365230CU02
2021-04-29 14:07:20 DEBUG headers:265 - << x-ms-correlation-id: aa0bc89b-8440-4046-9345-799cfd4aba7b
2021-04-29 14:07:20 DEBUG headers:265 - << x-ms-client-tracking-id: 08585819214375663081369365230CU02
2021-04-29 14:07:20 DEBUG headers:265 - << x-ms-trigger-history-name: 08585819214375663081369365230CU02
2021-04-29 14:07:20 DEBUG headers:265 - << x-ms-execution-location: eastus
2021-04-29 14:07:20 DEBUG headers:265 - << x-ms-workflow-system-id: /locations/eastus/scaleunits/prod-03/workflows/21a2c519adea46fa8226d9348badd1c9
2021-04-29 14:07:20 DEBUG headers:265 - << x-ms-workflow-id: 21a2c519adea46fa8226d9348badd1c9
2021-04-29 14:07:20 DEBUG headers:265 - << x-ms-workflow-version: 08585825003350923326
2021-04-29 14:07:20 DEBUG headers:265 - << x-ms-workflow-name: sbd-SBD.CORP.JOURNEY-CAA-Inbound-APIMReceive-useast-dev-la
2021-04-29 14:07:20 DEBUG headers:265 - << x-ms-tracking-id: aa0bc89b-8440-4046-9345-799cfd4aba7b
2021-04-29 14:07:20 DEBUG headers:265 - << x-ms-request-id: eastus:aa0bc89b-8440-4046-9345-799cfd4aba7b
2021-04-29 14:07:20 DEBUG headers:265 - << Strict-Transport-Security: max-age=31536000; includeSubDomains
2021-04-29 14:07:20 DEBUG headers:265 - << Date: Thu, 29 Apr 2021 08:37:30 GMT
2021-04-29 14:07:20 DEBUG headers:265 - << Content-Length: 163
2021-04-29 14:07:20 DEBUG DefaultHttpClient:509 - Connection can be kept alive indefinitely
2021-04-29 14:07:20 DEBUG RequestSpecificationImpl$RestAssuredHttpBuilder:545 - Parsing response as: application/json; charset=utf-8
2021-04-29 14:07:20 DEBUG RequestSpecificationImpl$RestAssuredHttpBuilder:548 - Parsed data to instance of: class org.apache.http.conn.EofSensorInputStream
2021-04-29 14:07:20 DEBUG RestCalls:47 - io.restassured.internal.RequestSpecificationImpl@4981c736
2021-04-29 14:07:20 INFO  TestUtils:17 - *** Get String Body****
2021-04-29 14:07:20 DEBUG wire:87 -  << "{"error":{"code":"NoResponse","message":"The server did not receive a response from an upstream server. Request tracking id '08585819214375663081369365230CU02'."}}"
2021-04-29 14:07:20 DEBUG BasicClientConnectionManager:200 - Releasing connection org.apache.http.impl.conn.ManagedClientConnectionImpl@25f209b1
2021-04-29 14:07:20 DEBUG BasicClientConnectionManager:225 - Connection can be kept alive indefinitely
2021-04-29 14:07:20 INFO  TestUtils:33 - ********JsonPath Response for Post*****
2021-04-29 14:07:20 INFO  InboundTesting:293 - ***** End C11_Deduction Test Cases ************
2021-04-29 14:07:20 INFO  TestUtils:48 - **** Getting response Code*******
]]></system-out>
  </testcase>
  <testcase name="C11_Deduction" classname="Inbound_Testing.InboundTesting" time="0">
    <skipped message="expected [200] but found [502]"/>
    <system-out><![CDATA[2021-04-29 14:07:20 INFO  payLoadsConvertor:16 - Inside payloads fn:
2021-04-29 14:07:20 INFO  InboundTesting:286 - **** Test Cases : Post Method *****
2021-04-29 14:07:20 INFO  URL:51 - PetStore URL Endpoint: https://d-api.sbdinc.com/corpjourneycaa/v1/Inbound/post
2021-04-29 14:07:20 INFO  RestCalls:43 - Post Request Call-
2021-04-29 14:07:20 DEBUG BasicClientConnectionManager:161 - Get connection for route {s}->https://d-api.sbdinc.com:443
2021-04-29 14:07:20 DEBUG DefaultClientConnectionOperator:177 - Connecting to d-api.sbdinc.com:443
2021-04-29 14:07:21 DEBUG RequestAddCookies:123 - CookieSpec selected: ignoreCookies
2021-04-29 14:07:21 DEBUG RequestAuthCache:77 - Auth cache not set in the context
2021-04-29 14:07:21 DEBUG RequestTargetAuthentication:80 - Target auth state: UNCHALLENGED
2021-04-29 14:07:21 DEBUG RequestProxyAuthentication:89 - Proxy auth state: UNCHALLENGED
2021-04-29 14:07:21 DEBUG DefaultHttpClient:682 - Attempt 1 to execute request
2021-04-29 14:07:21 DEBUG DefaultClientConnection:274 - Sending request: POST /corpjourneycaa/v1/Inbound/post?Agora-Subscription-Key=48dfe6a704414f4c9f61b37a6b983fd7 HTTP/1.1
2021-04-29 14:07:21 DEBUG wire:73 -  >> "POST /corpjourneycaa/v1/Inbound/post?Agora-Subscription-Key=48dfe6a704414f4c9f61b37a6b983fd7 HTTP/1.1[\r][\n]"
2021-04-29 14:07:21 DEBUG wire:73 -  >> "Accept: */*[\r][\n]"
2021-04-29 14:07:21 DEBUG wire:73 -  >> "Content-Type: application/json; charset=UTF-8[\r][\n]"
2021-04-29 14:07:21 DEBUG wire:73 -  >> "Content-Length: 0[\r][\n]"
2021-04-29 14:07:21 DEBUG wire:73 -  >> "Host: d-api.sbdinc.com[\r][\n]"
2021-04-29 14:07:21 DEBUG wire:73 -  >> "Connection: Keep-Alive[\r][\n]"
2021-04-29 14:07:21 DEBUG wire:73 -  >> "User-Agent: Apache-HttpClient/4.5.3 (Java/1.8.0_191)[\r][\n]"
2021-04-29 14:07:21 DEBUG wire:73 -  >> "Accept-Encoding: gzip,deflate[\r][\n]"
2021-04-29 14:07:21 DEBUG wire:73 -  >> "[\r][\n]"
2021-04-29 14:07:21 DEBUG headers:278 - >> POST /corpjourneycaa/v1/Inbound/post?Agora-Subscription-Key=48dfe6a704414f4c9f61b37a6b983fd7 HTTP/1.1
2021-04-29 14:07:21 DEBUG headers:281 - >> Accept: */*
2021-04-29 14:07:21 DEBUG headers:281 - >> Content-Type: application/json; charset=UTF-8
2021-04-29 14:07:21 DEBUG headers:281 - >> Content-Length: 0
2021-04-29 14:07:21 DEBUG headers:281 - >> Host: d-api.sbdinc.com
2021-04-29 14:07:21 DEBUG headers:281 - >> Connection: Keep-Alive
2021-04-29 14:07:21 DEBUG headers:281 - >> User-Agent: Apache-HttpClient/4.5.3 (Java/1.8.0_191)
2021-04-29 14:07:21 DEBUG headers:281 - >> Accept-Encoding: gzip,deflate
2021-04-29 14:07:23 DEBUG wire:73 -  << "HTTP/1.1 502 Bad Gateway[\r][\n]"
2021-04-29 14:07:23 DEBUG wire:73 -  << "Cache-Control: no-cache[\r][\n]"
2021-04-29 14:07:23 DEBUG wire:73 -  << "Pragma: no-cache[\r][\n]"
2021-04-29 14:07:23 DEBUG wire:73 -  << "Content-Type: application/json; charset=utf-8[\r][\n]"
2021-04-29 14:07:23 DEBUG wire:73 -  << "Expires: -1[\r][\n]"
2021-04-29 14:07:23 DEBUG wire:73 -  << "x-ms-failure-cause: Trigger[\r][\n]"
2021-04-29 14:07:23 DEBUG wire:73 -  << "x-ms-workflow-run-id: 08585819214337092127731000475CU00[\r][\n]"
2021-04-29 14:07:23 DEBUG wire:73 -  << "x-ms-correlation-id: ac4547cf-d64a-4262-b74a-29ec60592a0b[\r][\n]"
2021-04-29 14:07:23 DEBUG wire:73 -  << "x-ms-client-tracking-id: 08585819214337092127731000475CU00[\r][\n]"
2021-04-29 14:07:23 DEBUG wire:73 -  << "x-ms-trigger-history-name: 08585819214337092127731000475CU00[\r][\n]"
2021-04-29 14:07:23 DEBUG wire:73 -  << "x-ms-execution-location: eastus[\r][\n]"
2021-04-29 14:07:23 DEBUG wire:73 -  << "x-ms-workflow-system-id: /locations/eastus/scaleunits/prod-03/workflows/21a2c519adea46fa8226d9348badd1c9[\r][\n]"
2021-04-29 14:07:23 DEBUG wire:73 -  << "x-ms-workflow-id: 21a2c519adea46fa8226d9348badd1c9[\r][\n]"
2021-04-29 14:07:23 DEBUG wire:73 -  << "x-ms-workflow-version: 08585825003350923326[\r][\n]"
2021-04-29 14:07:23 DEBUG wire:73 -  << "x-ms-workflow-name: sbd-SBD.CORP.JOURNEY-CAA-Inbound-APIMReceive-useast-dev-la[\r][\n]"
2021-04-29 14:07:23 DEBUG wire:73 -  << "x-ms-tracking-id: ac4547cf-d64a-4262-b74a-29ec60592a0b[\r][\n]"
2021-04-29 14:07:23 DEBUG wire:73 -  << "x-ms-request-id: eastus:ac4547cf-d64a-4262-b74a-29ec60592a0b[\r][\n]"
2021-04-29 14:07:23 DEBUG wire:73 -  << "Strict-Transport-Security: max-age=31536000; includeSubDomains[\r][\n]"
2021-04-29 14:07:23 DEBUG wire:73 -  << "Date: Thu, 29 Apr 2021 08:37:32 GMT[\r][\n]"
2021-04-29 14:07:23 DEBUG wire:73 -  << "Content-Length: 163[\r][\n]"
2021-04-29 14:07:23 DEBUG wire:73 -  << "[\r][\n]"
2021-04-29 14:07:23 DEBUG DefaultClientConnection:259 - Receiving response: HTTP/1.1 502 Bad Gateway
2021-04-29 14:07:23 DEBUG headers:262 - << HTTP/1.1 502 Bad Gateway
2021-04-29 14:07:23 DEBUG headers:265 - << Cache-Control: no-cache
2021-04-29 14:07:23 DEBUG headers:265 - << Pragma: no-cache
2021-04-29 14:07:23 DEBUG headers:265 - << Content-Type: application/json; charset=utf-8
2021-04-29 14:07:23 DEBUG headers:265 - << Expires: -1
2021-04-29 14:07:23 DEBUG headers:265 - << x-ms-failure-cause: Trigger
2021-04-29 14:07:23 DEBUG headers:265 - << x-ms-workflow-run-id: 08585819214337092127731000475CU00
2021-04-29 14:07:23 DEBUG headers:265 - << x-ms-correlation-id: ac4547cf-d64a-4262-b74a-29ec60592a0b
2021-04-29 14:07:23 DEBUG headers:265 - << x-ms-client-tracking-id: 08585819214337092127731000475CU00
2021-04-29 14:07:23 DEBUG headers:265 - << x-ms-trigger-history-name: 08585819214337092127731000475CU00
2021-04-29 14:07:23 DEBUG headers:265 - << x-ms-execution-location: eastus
2021-04-29 14:07:23 DEBUG headers:265 - << x-ms-workflow-system-id: /locations/eastus/scaleunits/prod-03/workflows/21a2c519adea46fa8226d9348badd1c9
2021-04-29 14:07:23 DEBUG headers:265 - << x-ms-workflow-id: 21a2c519adea46fa8226d9348badd1c9
2021-04-29 14:07:23 DEBUG headers:265 - << x-ms-workflow-version: 08585825003350923326
2021-04-29 14:07:23 DEBUG headers:265 - << x-ms-workflow-name: sbd-SBD.CORP.JOURNEY-CAA-Inbound-APIMReceive-useast-dev-la
2021-04-29 14:07:23 DEBUG headers:265 - << x-ms-tracking-id: ac4547cf-d64a-4262-b74a-29ec60592a0b
2021-04-29 14:07:23 DEBUG headers:265 - << x-ms-request-id: eastus:ac4547cf-d64a-4262-b74a-29ec60592a0b
2021-04-29 14:07:23 DEBUG headers:265 - << Strict-Transport-Security: max-age=31536000; includeSubDomains
2021-04-29 14:07:23 DEBUG headers:265 - << Date: Thu, 29 Apr 2021 08:37:32 GMT
2021-04-29 14:07:23 DEBUG headers:265 - << Content-Length: 163
2021-04-29 14:07:23 DEBUG DefaultHttpClient:509 - Connection can be kept alive indefinitely
2021-04-29 14:07:23 DEBUG RequestSpecificationImpl$RestAssuredHttpBuilder:545 - Parsing response as: application/json; charset=utf-8
2021-04-29 14:07:23 DEBUG RequestSpecificationImpl$RestAssuredHttpBuilder:548 - Parsed data to instance of: class org.apache.http.conn.EofSensorInputStream
2021-04-29 14:07:23 DEBUG RestCalls:47 - io.restassured.internal.RequestSpecificationImpl@7e9ae710
2021-04-29 14:07:23 INFO  TestUtils:17 - *** Get String Body****
2021-04-29 14:07:23 DEBUG wire:87 -  << "{"error":{"code":"NoResponse","message":"The server did not receive a response from an upstream server. Request tracking id '08585819214337092127731000475CU00'."}}"
2021-04-29 14:07:23 DEBUG BasicClientConnectionManager:200 - Releasing connection org.apache.http.impl.conn.ManagedClientConnectionImpl@2aceb811
2021-04-29 14:07:23 DEBUG BasicClientConnectionManager:225 - Connection can be kept alive indefinitely
2021-04-29 14:07:23 INFO  TestUtils:33 - ********JsonPath Response for Post*****
2021-04-29 14:07:23 INFO  InboundTesting:293 - ***** End C11_Deduction Test Cases ************
2021-04-29 14:07:23 INFO  TestUtils:48 - **** Getting response Code*******
]]></system-out>
  </testcase>
  <testcase name="C11_Deduction" classname="Inbound_Testing.InboundTesting" time="0">
    <skipped message="expected [200] but found [502]"/>
    <system-out><![CDATA[2021-04-29 14:07:23 INFO  payLoadsConvertor:16 - Inside payloads fn:
2021-04-29 14:07:23 INFO  InboundTesting:286 - **** Test Cases : Post Method *****
2021-04-29 14:07:23 INFO  URL:51 - PetStore URL Endpoint: https://d-api.sbdinc.com/corpjourneycaa/v1/Inbound/post
2021-04-29 14:07:23 INFO  RestCalls:43 - Post Request Call-
2021-04-29 14:07:23 DEBUG BasicClientConnectionManager:161 - Get connection for route {s}->https://d-api.sbdinc.com:443
2021-04-29 14:07:23 DEBUG DefaultClientConnectionOperator:177 - Connecting to d-api.sbdinc.com:443
2021-04-29 14:07:24 DEBUG RequestAddCookies:123 - CookieSpec selected: ignoreCookies
2021-04-29 14:07:24 DEBUG RequestAuthCache:77 - Auth cache not set in the context
2021-04-29 14:07:24 DEBUG RequestTargetAuthentication:80 - Target auth state: UNCHALLENGED
2021-04-29 14:07:24 DEBUG RequestProxyAuthentication:89 - Proxy auth state: UNCHALLENGED
2021-04-29 14:07:24 DEBUG DefaultHttpClient:682 - Attempt 1 to execute request
2021-04-29 14:07:24 DEBUG DefaultClientConnection:274 - Sending request: POST /corpjourneycaa/v1/Inbound/post?Agora-Subscription-Key=48dfe6a704414f4c9f61b37a6b983fd7 HTTP/1.1
2021-04-29 14:07:24 DEBUG wire:73 -  >> "POST /corpjourneycaa/v1/Inbound/post?Agora-Subscription-Key=48dfe6a704414f4c9f61b37a6b983fd7 HTTP/1.1[\r][\n]"
2021-04-29 14:07:24 DEBUG wire:73 -  >> "Accept: */*[\r][\n]"
2021-04-29 14:07:24 DEBUG wire:73 -  >> "Content-Type: application/json; charset=UTF-8[\r][\n]"
2021-04-29 14:07:24 DEBUG wire:73 -  >> "Content-Length: 0[\r][\n]"
2021-04-29 14:07:24 DEBUG wire:73 -  >> "Host: d-api.sbdinc.com[\r][\n]"
2021-04-29 14:07:24 DEBUG wire:73 -  >> "Connection: Keep-Alive[\r][\n]"
2021-04-29 14:07:24 DEBUG wire:73 -  >> "User-Agent: Apache-HttpClient/4.5.3 (Java/1.8.0_191)[\r][\n]"
2021-04-29 14:07:24 DEBUG wire:73 -  >> "Accept-Encoding: gzip,deflate[\r][\n]"
2021-04-29 14:07:24 DEBUG wire:73 -  >> "[\r][\n]"
2021-04-29 14:07:24 DEBUG headers:278 - >> POST /corpjourneycaa/v1/Inbound/post?Agora-Subscription-Key=48dfe6a704414f4c9f61b37a6b983fd7 HTTP/1.1
2021-04-29 14:07:24 DEBUG headers:281 - >> Accept: */*
2021-04-29 14:07:24 DEBUG headers:281 - >> Content-Type: application/json; charset=UTF-8
2021-04-29 14:07:24 DEBUG headers:281 - >> Content-Length: 0
2021-04-29 14:07:24 DEBUG headers:281 - >> Host: d-api.sbdinc.com
2021-04-29 14:07:24 DEBUG headers:281 - >> Connection: Keep-Alive
2021-04-29 14:07:24 DEBUG headers:281 - >> User-Agent: Apache-HttpClient/4.5.3 (Java/1.8.0_191)
2021-04-29 14:07:24 DEBUG headers:281 - >> Accept-Encoding: gzip,deflate
2021-04-29 14:07:26 DEBUG wire:73 -  << "HTTP/1.1 502 Bad Gateway[\r][\n]"
2021-04-29 14:07:26 DEBUG wire:73 -  << "Cache-Control: no-cache[\r][\n]"
2021-04-29 14:07:26 DEBUG wire:73 -  << "Pragma: no-cache[\r][\n]"
2021-04-29 14:07:26 DEBUG wire:73 -  << "Content-Type: application/json; charset=utf-8[\r][\n]"
2021-04-29 14:07:26 DEBUG wire:73 -  << "Expires: -1[\r][\n]"
2021-04-29 14:07:26 DEBUG wire:73 -  << "x-ms-failure-cause: Trigger[\r][\n]"
2021-04-29 14:07:26 DEBUG wire:73 -  << "x-ms-workflow-run-id: 08585819214313543929082120635CU03[\r][\n]"
2021-04-29 14:07:26 DEBUG wire:73 -  << "x-ms-correlation-id: f73716fb-27a3-4cf2-a587-1f85944114d8[\r][\n]"
2021-04-29 14:07:26 DEBUG wire:73 -  << "x-ms-client-tracking-id: 08585819214313543929082120635CU03[\r][\n]"
2021-04-29 14:07:26 DEBUG wire:73 -  << "x-ms-trigger-history-name: 08585819214313543929082120635CU03[\r][\n]"
2021-04-29 14:07:26 DEBUG wire:73 -  << "x-ms-execution-location: eastus[\r][\n]"
2021-04-29 14:07:26 DEBUG wire:73 -  << "x-ms-workflow-system-id: /locations/eastus/scaleunits/prod-03/workflows/21a2c519adea46fa8226d9348badd1c9[\r][\n]"
2021-04-29 14:07:26 DEBUG wire:73 -  << "x-ms-workflow-id: 21a2c519adea46fa8226d9348badd1c9[\r][\n]"
2021-04-29 14:07:26 DEBUG wire:73 -  << "x-ms-workflow-version: 08585825003350923326[\r][\n]"
2021-04-29 14:07:26 DEBUG wire:73 -  << "x-ms-workflow-name: sbd-SBD.CORP.JOURNEY-CAA-Inbound-APIMReceive-useast-dev-la[\r][\n]"
2021-04-29 14:07:26 DEBUG wire:73 -  << "x-ms-tracking-id: f73716fb-27a3-4cf2-a587-1f85944114d8[\r][\n]"
2021-04-29 14:07:26 DEBUG wire:73 -  << "x-ms-request-id: eastus:f73716fb-27a3-4cf2-a587-1f85944114d8[\r][\n]"
2021-04-29 14:07:26 DEBUG wire:73 -  << "Strict-Transport-Security: max-age=31536000; includeSubDomains[\r][\n]"
2021-04-29 14:07:26 DEBUG wire:73 -  << "Date: Thu, 29 Apr 2021 08:37:36 GMT[\r][\n]"
2021-04-29 14:07:26 DEBUG wire:73 -  << "Content-Length: 163[\r][\n]"
2021-04-29 14:07:26 DEBUG wire:73 -  << "[\r][\n]"
2021-04-29 14:07:26 DEBUG DefaultClientConnection:259 - Receiving response: HTTP/1.1 502 Bad Gateway
2021-04-29 14:07:26 DEBUG headers:262 - << HTTP/1.1 502 Bad Gateway
2021-04-29 14:07:26 DEBUG headers:265 - << Cache-Control: no-cache
2021-04-29 14:07:26 DEBUG headers:265 - << Pragma: no-cache
2021-04-29 14:07:26 DEBUG headers:265 - << Content-Type: application/json; charset=utf-8
2021-04-29 14:07:26 DEBUG headers:265 - << Expires: -1
2021-04-29 14:07:26 DEBUG headers:265 - << x-ms-failure-cause: Trigger
2021-04-29 14:07:26 DEBUG headers:265 - << x-ms-workflow-run-id: 08585819214313543929082120635CU03
2021-04-29 14:07:26 DEBUG headers:265 - << x-ms-correlation-id: f73716fb-27a3-4cf2-a587-1f85944114d8
2021-04-29 14:07:26 DEBUG headers:265 - << x-ms-client-tracking-id: 08585819214313543929082120635CU03
2021-04-29 14:07:26 DEBUG headers:265 - << x-ms-trigger-history-name: 08585819214313543929082120635CU03
2021-04-29 14:07:26 DEBUG headers:265 - << x-ms-execution-location: eastus
2021-04-29 14:07:26 DEBUG headers:265 - << x-ms-workflow-system-id: /locations/eastus/scaleunits/prod-03/workflows/21a2c519adea46fa8226d9348badd1c9
2021-04-29 14:07:26 DEBUG headers:265 - << x-ms-workflow-id: 21a2c519adea46fa8226d9348badd1c9
2021-04-29 14:07:26 DEBUG headers:265 - << x-ms-workflow-version: 08585825003350923326
2021-04-29 14:07:26 DEBUG headers:265 - << x-ms-workflow-name: sbd-SBD.CORP.JOURNEY-CAA-Inbound-APIMReceive-useast-dev-la
2021-04-29 14:07:26 DEBUG headers:265 - << x-ms-tracking-id: f73716fb-27a3-4cf2-a587-1f85944114d8
2021-04-29 14:07:26 DEBUG headers:265 - << x-ms-request-id: eastus:f73716fb-27a3-4cf2-a587-1f85944114d8
2021-04-29 14:07:26 DEBUG headers:265 - << Strict-Transport-Security: max-age=31536000; includeSubDomains
2021-04-29 14:07:26 DEBUG headers:265 - << Date: Thu, 29 Apr 2021 08:37:36 GMT
2021-04-29 14:07:26 DEBUG headers:265 - << Content-Length: 163
2021-04-29 14:07:26 DEBUG DefaultHttpClient:509 - Connection can be kept alive indefinitely
2021-04-29 14:07:26 DEBUG RequestSpecificationImpl$RestAssuredHttpBuilder:545 - Parsing response as: application/json; charset=utf-8
2021-04-29 14:07:26 DEBUG RequestSpecificationImpl$RestAssuredHttpBuilder:548 - Parsed data to instance of: class org.apache.http.conn.EofSensorInputStream
2021-04-29 14:07:26 DEBUG RestCalls:47 - io.restassured.internal.RequestSpecificationImpl@16a337c8
2021-04-29 14:07:26 INFO  TestUtils:17 - *** Get String Body****
2021-04-29 14:07:26 DEBUG wire:87 -  << "{"error":{"code":"NoResponse","message":"The server did not receive a response from an upstream server. Request tracking id '08585819214313543929082120635CU03'."}}"
2021-04-29 14:07:26 DEBUG BasicClientConnectionManager:200 - Releasing connection org.apache.http.impl.conn.ManagedClientConnectionImpl@e7429d3
2021-04-29 14:07:26 DEBUG BasicClientConnectionManager:225 - Connection can be kept alive indefinitely
2021-04-29 14:07:26 INFO  TestUtils:33 - ********JsonPath Response for Post*****
2021-04-29 14:07:26 INFO  InboundTesting:293 - ***** End C11_Deduction Test Cases ************
2021-04-29 14:07:26 INFO  TestUtils:48 - **** Getting response Code*******
]]></system-out>
  </testcase>
  <testcase name="C11_Deduction" classname="Inbound_Testing.InboundTesting" time="2.369">
    <failure message="expected [200] but found [502]" type="java.lang.AssertionError">java.lang.AssertionError: expected [200] but found [502]
	at Inbound_Testing.InboundTesting.C11_Deduction(InboundTesting.java:294)
</failure>
    <system-out><![CDATA[2021-04-29 14:07:26 INFO  payLoadsConvertor:16 - Inside payloads fn:
2021-04-29 14:07:26 INFO  InboundTesting:286 - **** Test Cases : Post Method *****
2021-04-29 14:07:26 INFO  URL:51 - PetStore URL Endpoint: https://d-api.sbdinc.com/corpjourneycaa/v1/Inbound/post
2021-04-29 14:07:26 INFO  RestCalls:43 - Post Request Call-
2021-04-29 14:07:26 DEBUG BasicClientConnectionManager:161 - Get connection for route {s}->https://d-api.sbdinc.com:443
2021-04-29 14:07:26 DEBUG DefaultClientConnectionOperator:177 - Connecting to d-api.sbdinc.com:443
2021-04-29 14:07:27 DEBUG RequestAddCookies:123 - CookieSpec selected: ignoreCookies
2021-04-29 14:07:27 DEBUG RequestAuthCache:77 - Auth cache not set in the context
2021-04-29 14:07:27 DEBUG RequestTargetAuthentication:80 - Target auth state: UNCHALLENGED
2021-04-29 14:07:27 DEBUG RequestProxyAuthentication:89 - Proxy auth state: UNCHALLENGED
2021-04-29 14:07:27 DEBUG DefaultHttpClient:682 - Attempt 1 to execute request
2021-04-29 14:07:27 DEBUG DefaultClientConnection:274 - Sending request: POST /corpjourneycaa/v1/Inbound/post?Agora-Subscription-Key=48dfe6a704414f4c9f61b37a6b983fd7 HTTP/1.1
2021-04-29 14:07:27 DEBUG wire:73 -  >> "POST /corpjourneycaa/v1/Inbound/post?Agora-Subscription-Key=48dfe6a704414f4c9f61b37a6b983fd7 HTTP/1.1[\r][\n]"
2021-04-29 14:07:27 DEBUG wire:73 -  >> "Accept: */*[\r][\n]"
2021-04-29 14:07:27 DEBUG wire:73 -  >> "Content-Type: application/json; charset=UTF-8[\r][\n]"
2021-04-29 14:07:27 DEBUG wire:73 -  >> "Content-Length: 0[\r][\n]"
2021-04-29 14:07:27 DEBUG wire:73 -  >> "Host: d-api.sbdinc.com[\r][\n]"
2021-04-29 14:07:27 DEBUG wire:73 -  >> "Connection: Keep-Alive[\r][\n]"
2021-04-29 14:07:27 DEBUG wire:73 -  >> "User-Agent: Apache-HttpClient/4.5.3 (Java/1.8.0_191)[\r][\n]"
2021-04-29 14:07:27 DEBUG wire:73 -  >> "Accept-Encoding: gzip,deflate[\r][\n]"
2021-04-29 14:07:27 DEBUG wire:73 -  >> "[\r][\n]"
2021-04-29 14:07:27 DEBUG headers:278 - >> POST /corpjourneycaa/v1/Inbound/post?Agora-Subscription-Key=48dfe6a704414f4c9f61b37a6b983fd7 HTTP/1.1
2021-04-29 14:07:27 DEBUG headers:281 - >> Accept: */*
2021-04-29 14:07:27 DEBUG headers:281 - >> Content-Type: application/json; charset=UTF-8
2021-04-29 14:07:27 DEBUG headers:281 - >> Content-Length: 0
2021-04-29 14:07:27 DEBUG headers:281 - >> Host: d-api.sbdinc.com
2021-04-29 14:07:27 DEBUG headers:281 - >> Connection: Keep-Alive
2021-04-29 14:07:27 DEBUG headers:281 - >> User-Agent: Apache-HttpClient/4.5.3 (Java/1.8.0_191)
2021-04-29 14:07:27 DEBUG headers:281 - >> Accept-Encoding: gzip,deflate
2021-04-29 14:07:28 DEBUG wire:73 -  << "HTTP/1.1 502 Bad Gateway[\r][\n]"
2021-04-29 14:07:28 DEBUG wire:73 -  << "Cache-Control: no-cache[\r][\n]"
2021-04-29 14:07:28 DEBUG wire:73 -  << "Pragma: no-cache[\r][\n]"
2021-04-29 14:07:28 DEBUG wire:73 -  << "Content-Type: application/json; charset=utf-8[\r][\n]"
2021-04-29 14:07:28 DEBUG wire:73 -  << "Expires: -1[\r][\n]"
2021-04-29 14:07:28 DEBUG wire:73 -  << "x-ms-failure-cause: Trigger[\r][\n]"
2021-04-29 14:07:28 DEBUG wire:73 -  << "x-ms-workflow-run-id: 08585819214280209947795471478CU03[\r][\n]"
2021-04-29 14:07:28 DEBUG wire:73 -  << "x-ms-correlation-id: c3d6969f-2cb5-49c8-af3f-92ce0e166ebf[\r][\n]"
2021-04-29 14:07:28 DEBUG wire:73 -  << "x-ms-client-tracking-id: 08585819214280209947795471478CU03[\r][\n]"
2021-04-29 14:07:28 DEBUG wire:73 -  << "x-ms-trigger-history-name: 08585819214280209947795471478CU03[\r][\n]"
2021-04-29 14:07:28 DEBUG wire:73 -  << "x-ms-execution-location: eastus[\r][\n]"
2021-04-29 14:07:28 DEBUG wire:73 -  << "x-ms-workflow-system-id: /locations/eastus/scaleunits/prod-03/workflows/21a2c519adea46fa8226d9348badd1c9[\r][\n]"
2021-04-29 14:07:28 DEBUG wire:73 -  << "x-ms-workflow-id: 21a2c519adea46fa8226d9348badd1c9[\r][\n]"
2021-04-29 14:07:28 DEBUG wire:73 -  << "x-ms-workflow-version: 08585825003350923326[\r][\n]"
2021-04-29 14:07:28 DEBUG wire:73 -  << "x-ms-workflow-name: sbd-SBD.CORP.JOURNEY-CAA-Inbound-APIMReceive-useast-dev-la[\r][\n]"
2021-04-29 14:07:28 DEBUG wire:73 -  << "x-ms-tracking-id: c3d6969f-2cb5-49c8-af3f-92ce0e166ebf[\r][\n]"
2021-04-29 14:07:28 DEBUG wire:73 -  << "x-ms-request-id: eastus:c3d6969f-2cb5-49c8-af3f-92ce0e166ebf[\r][\n]"
2021-04-29 14:07:28 DEBUG wire:73 -  << "Strict-Transport-Security: max-age=31536000; includeSubDomains[\r][\n]"
2021-04-29 14:07:28 DEBUG wire:73 -  << "Date: Thu, 29 Apr 2021 08:37:38 GMT[\r][\n]"
2021-04-29 14:07:28 DEBUG wire:73 -  << "Content-Length: 163[\r][\n]"
2021-04-29 14:07:28 DEBUG wire:73 -  << "[\r][\n]"
2021-04-29 14:07:28 DEBUG DefaultClientConnection:259 - Receiving response: HTTP/1.1 502 Bad Gateway
2021-04-29 14:07:28 DEBUG headers:262 - << HTTP/1.1 502 Bad Gateway
2021-04-29 14:07:28 DEBUG headers:265 - << Cache-Control: no-cache
2021-04-29 14:07:28 DEBUG headers:265 - << Pragma: no-cache
2021-04-29 14:07:28 DEBUG headers:265 - << Content-Type: application/json; charset=utf-8
2021-04-29 14:07:28 DEBUG headers:265 - << Expires: -1
2021-04-29 14:07:28 DEBUG headers:265 - << x-ms-failure-cause: Trigger
2021-04-29 14:07:28 DEBUG headers:265 - << x-ms-workflow-run-id: 08585819214280209947795471478CU03
2021-04-29 14:07:28 DEBUG headers:265 - << x-ms-correlation-id: c3d6969f-2cb5-49c8-af3f-92ce0e166ebf
2021-04-29 14:07:28 DEBUG headers:265 - << x-ms-client-tracking-id: 08585819214280209947795471478CU03
2021-04-29 14:07:28 DEBUG headers:265 - << x-ms-trigger-history-name: 08585819214280209947795471478CU03
2021-04-29 14:07:28 DEBUG headers:265 - << x-ms-execution-location: eastus
2021-04-29 14:07:28 DEBUG headers:265 - << x-ms-workflow-system-id: /locations/eastus/scaleunits/prod-03/workflows/21a2c519adea46fa8226d9348badd1c9
2021-04-29 14:07:28 DEBUG headers:265 - << x-ms-workflow-id: 21a2c519adea46fa8226d9348badd1c9
2021-04-29 14:07:28 DEBUG headers:265 - << x-ms-workflow-version: 08585825003350923326
2021-04-29 14:07:28 DEBUG headers:265 - << x-ms-workflow-name: sbd-SBD.CORP.JOURNEY-CAA-Inbound-APIMReceive-useast-dev-la
2021-04-29 14:07:28 DEBUG headers:265 - << x-ms-tracking-id: c3d6969f-2cb5-49c8-af3f-92ce0e166ebf
2021-04-29 14:07:28 DEBUG headers:265 - << x-ms-request-id: eastus:c3d6969f-2cb5-49c8-af3f-92ce0e166ebf
2021-04-29 14:07:28 DEBUG headers:265 - << Strict-Transport-Security: max-age=31536000; includeSubDomains
2021-04-29 14:07:28 DEBUG headers:265 - << Date: Thu, 29 Apr 2021 08:37:38 GMT
2021-04-29 14:07:28 DEBUG headers:265 - << Content-Length: 163
2021-04-29 14:07:28 DEBUG DefaultHttpClient:509 - Connection can be kept alive indefinitely
2021-04-29 14:07:28 DEBUG RequestSpecificationImpl$RestAssuredHttpBuilder:545 - Parsing response as: application/json; charset=utf-8
2021-04-29 14:07:28 DEBUG RequestSpecificationImpl$RestAssuredHttpBuilder:548 - Parsed data to instance of: class org.apache.http.conn.EofSensorInputStream
2021-04-29 14:07:28 DEBUG RestCalls:47 - io.restassured.internal.RequestSpecificationImpl@191145fc
2021-04-29 14:07:28 INFO  TestUtils:17 - *** Get String Body****
2021-04-29 14:07:28 DEBUG wire:87 -  << "{"error":{"code":"NoResponse","message":"The server did not receive a response from an upstream server. Request tracking id '08585819214280209947795471478CU03'."}}"
2021-04-29 14:07:28 DEBUG BasicClientConnectionManager:200 - Releasing connection org.apache.http.impl.conn.ManagedClientConnectionImpl@6949d408
2021-04-29 14:07:28 DEBUG BasicClientConnectionManager:225 - Connection can be kept alive indefinitely
2021-04-29 14:07:28 INFO  TestUtils:33 - ********JsonPath Response for Post*****
2021-04-29 14:07:28 INFO  InboundTesting:293 - ***** End C11_Deduction Test Cases ************
2021-04-29 14:07:28 INFO  TestUtils:48 - **** Getting response Code*******
]]></system-out>
  </testcase>
  <testcase name="C11_Discount" classname="Inbound_Testing.InboundTesting" time="0">
    <skipped message="expected [200] but found [502]"/>
    <system-out><![CDATA[2021-04-29 14:07:28 INFO  payLoadsConvertor:16 - Inside payloads fn:
2021-04-29 14:07:28 INFO  InboundTesting:304 - **** Test Cases : Post Method *****
2021-04-29 14:07:28 INFO  URL:51 - PetStore URL Endpoint: https://d-api.sbdinc.com/corpjourneycaa/v1/Inbound/post
2021-04-29 14:07:28 INFO  RestCalls:43 - Post Request Call-
2021-04-29 14:07:28 DEBUG BasicClientConnectionManager:161 - Get connection for route {s}->https://d-api.sbdinc.com:443
2021-04-29 14:07:28 DEBUG DefaultClientConnectionOperator:177 - Connecting to d-api.sbdinc.com:443
2021-04-29 14:07:29 DEBUG DefaultClientConnection:180 - Connection 0.0.0.0:61570<->13.82.100.245:443 closed
2021-04-29 14:07:29 DEBUG DefaultClientConnection:180 - Connection 0.0.0.0:61571<->13.82.100.245:443 closed
2021-04-29 14:07:29 DEBUG DefaultClientConnection:180 - Connection 0.0.0.0:61572<->13.82.100.245:443 closed
2021-04-29 14:07:29 DEBUG DefaultClientConnection:180 - Connection 0.0.0.0:61573<->13.82.100.245:443 closed
2021-04-29 14:07:29 DEBUG DefaultClientConnection:180 - Connection 0.0.0.0:61574<->13.82.100.245:443 closed
2021-04-29 14:07:29 DEBUG DefaultClientConnection:180 - Connection 0.0.0.0:61575<->13.82.100.245:443 closed
2021-04-29 14:07:29 DEBUG DefaultClientConnection:180 - Connection 0.0.0.0:61576<->13.82.100.245:443 closed
2021-04-29 14:07:29 DEBUG RequestAddCookies:123 - CookieSpec selected: ignoreCookies
2021-04-29 14:07:29 DEBUG RequestAuthCache:77 - Auth cache not set in the context
2021-04-29 14:07:29 DEBUG RequestTargetAuthentication:80 - Target auth state: UNCHALLENGED
2021-04-29 14:07:29 DEBUG RequestProxyAuthentication:89 - Proxy auth state: UNCHALLENGED
2021-04-29 14:07:29 DEBUG DefaultHttpClient:682 - Attempt 1 to execute request
2021-04-29 14:07:29 DEBUG DefaultClientConnection:274 - Sending request: POST /corpjourneycaa/v1/Inbound/post?Agora-Subscription-Key=48dfe6a704414f4c9f61b37a6b983fd7 HTTP/1.1
2021-04-29 14:07:29 DEBUG wire:73 -  >> "POST /corpjourneycaa/v1/Inbound/post?Agora-Subscription-Key=48dfe6a704414f4c9f61b37a6b983fd7 HTTP/1.1[\r][\n]"
2021-04-29 14:07:29 DEBUG wire:73 -  >> "Accept: */*[\r][\n]"
2021-04-29 14:07:29 DEBUG wire:73 -  >> "Content-Type: application/json; charset=UTF-8[\r][\n]"
2021-04-29 14:07:29 DEBUG wire:73 -  >> "Content-Length: 0[\r][\n]"
2021-04-29 14:07:29 DEBUG wire:73 -  >> "Host: d-api.sbdinc.com[\r][\n]"
2021-04-29 14:07:29 DEBUG wire:73 -  >> "Connection: Keep-Alive[\r][\n]"
2021-04-29 14:07:29 DEBUG wire:73 -  >> "User-Agent: Apache-HttpClient/4.5.3 (Java/1.8.0_191)[\r][\n]"
2021-04-29 14:07:29 DEBUG wire:73 -  >> "Accept-Encoding: gzip,deflate[\r][\n]"
2021-04-29 14:07:29 DEBUG wire:73 -  >> "[\r][\n]"
2021-04-29 14:07:29 DEBUG headers:278 - >> POST /corpjourneycaa/v1/Inbound/post?Agora-Subscription-Key=48dfe6a704414f4c9f61b37a6b983fd7 HTTP/1.1
2021-04-29 14:07:29 DEBUG headers:281 - >> Accept: */*
2021-04-29 14:07:29 DEBUG headers:281 - >> Content-Type: application/json; charset=UTF-8
2021-04-29 14:07:29 DEBUG headers:281 - >> Content-Length: 0
2021-04-29 14:07:29 DEBUG headers:281 - >> Host: d-api.sbdinc.com
2021-04-29 14:07:29 DEBUG headers:281 - >> Connection: Keep-Alive
2021-04-29 14:07:29 DEBUG headers:281 - >> User-Agent: Apache-HttpClient/4.5.3 (Java/1.8.0_191)
2021-04-29 14:07:29 DEBUG headers:281 - >> Accept-Encoding: gzip,deflate
2021-04-29 14:07:31 DEBUG wire:73 -  << "HTTP/1.1 502 Bad Gateway[\r][\n]"
2021-04-29 14:07:31 DEBUG wire:73 -  << "Cache-Control: no-cache[\r][\n]"
2021-04-29 14:07:31 DEBUG wire:73 -  << "Pragma: no-cache[\r][\n]"
2021-04-29 14:07:31 DEBUG wire:73 -  << "Content-Type: application/json; charset=utf-8[\r][\n]"
2021-04-29 14:07:31 DEBUG wire:73 -  << "Expires: -1[\r][\n]"
2021-04-29 14:07:31 DEBUG wire:73 -  << "x-ms-failure-cause: Trigger[\r][\n]"
2021-04-29 14:07:31 DEBUG wire:73 -  << "x-ms-workflow-run-id: 08585819214255871228700037364CU00[\r][\n]"
2021-04-29 14:07:31 DEBUG wire:73 -  << "x-ms-correlation-id: be3e8fa8-112a-45cd-b30c-6902d3024ed5[\r][\n]"
2021-04-29 14:07:31 DEBUG wire:73 -  << "x-ms-client-tracking-id: 08585819214255871228700037364CU00[\r][\n]"
2021-04-29 14:07:31 DEBUG wire:73 -  << "x-ms-trigger-history-name: 08585819214255871228700037364CU00[\r][\n]"
2021-04-29 14:07:31 DEBUG wire:73 -  << "x-ms-execution-location: eastus[\r][\n]"
2021-04-29 14:07:31 DEBUG wire:73 -  << "x-ms-workflow-system-id: /locations/eastus/scaleunits/prod-03/workflows/21a2c519adea46fa8226d9348badd1c9[\r][\n]"
2021-04-29 14:07:31 DEBUG wire:73 -  << "x-ms-workflow-id: 21a2c519adea46fa8226d9348badd1c9[\r][\n]"
2021-04-29 14:07:31 DEBUG wire:73 -  << "x-ms-workflow-version: 08585825003350923326[\r][\n]"
2021-04-29 14:07:31 DEBUG wire:73 -  << "x-ms-workflow-name: sbd-SBD.CORP.JOURNEY-CAA-Inbound-APIMReceive-useast-dev-la[\r][\n]"
2021-04-29 14:07:31 DEBUG wire:73 -  << "x-ms-tracking-id: be3e8fa8-112a-45cd-b30c-6902d3024ed5[\r][\n]"
2021-04-29 14:07:31 DEBUG wire:73 -  << "x-ms-request-id: eastus:be3e8fa8-112a-45cd-b30c-6902d3024ed5[\r][\n]"
2021-04-29 14:07:31 DEBUG wire:73 -  << "Strict-Transport-Security: max-age=31536000; includeSubDomains[\r][\n]"
2021-04-29 14:07:31 DEBUG wire:73 -  << "Date: Thu, 29 Apr 2021 08:37:40 GMT[\r][\n]"
2021-04-29 14:07:31 DEBUG wire:73 -  << "Content-Length: 163[\r][\n]"
2021-04-29 14:07:31 DEBUG wire:73 -  << "[\r][\n]"
2021-04-29 14:07:31 DEBUG DefaultClientConnection:259 - Receiving response: HTTP/1.1 502 Bad Gateway
2021-04-29 14:07:31 DEBUG headers:262 - << HTTP/1.1 502 Bad Gateway
2021-04-29 14:07:31 DEBUG headers:265 - << Cache-Control: no-cache
2021-04-29 14:07:31 DEBUG headers:265 - << Pragma: no-cache
2021-04-29 14:07:31 DEBUG headers:265 - << Content-Type: application/json; charset=utf-8
2021-04-29 14:07:31 DEBUG headers:265 - << Expires: -1
2021-04-29 14:07:31 DEBUG headers:265 - << x-ms-failure-cause: Trigger
2021-04-29 14:07:31 DEBUG headers:265 - << x-ms-workflow-run-id: 08585819214255871228700037364CU00
2021-04-29 14:07:31 DEBUG headers:265 - << x-ms-correlation-id: be3e8fa8-112a-45cd-b30c-6902d3024ed5
2021-04-29 14:07:31 DEBUG headers:265 - << x-ms-client-tracking-id: 08585819214255871228700037364CU00
2021-04-29 14:07:31 DEBUG headers:265 - << x-ms-trigger-history-name: 08585819214255871228700037364CU00
2021-04-29 14:07:31 DEBUG headers:265 - << x-ms-execution-location: eastus
2021-04-29 14:07:31 DEBUG headers:265 - << x-ms-workflow-system-id: /locations/eastus/scaleunits/prod-03/workflows/21a2c519adea46fa8226d9348badd1c9
2021-04-29 14:07:31 DEBUG headers:265 - << x-ms-workflow-id: 21a2c519adea46fa8226d9348badd1c9
2021-04-29 14:07:31 DEBUG headers:265 - << x-ms-workflow-version: 08585825003350923326
2021-04-29 14:07:31 DEBUG headers:265 - << x-ms-workflow-name: sbd-SBD.CORP.JOURNEY-CAA-Inbound-APIMReceive-useast-dev-la
2021-04-29 14:07:31 DEBUG headers:265 - << x-ms-tracking-id: be3e8fa8-112a-45cd-b30c-6902d3024ed5
2021-04-29 14:07:31 DEBUG headers:265 - << x-ms-request-id: eastus:be3e8fa8-112a-45cd-b30c-6902d3024ed5
2021-04-29 14:07:31 DEBUG headers:265 - << Strict-Transport-Security: max-age=31536000; includeSubDomains
2021-04-29 14:07:31 DEBUG headers:265 - << Date: Thu, 29 Apr 2021 08:37:40 GMT
2021-04-29 14:07:31 DEBUG headers:265 - << Content-Length: 163
2021-04-29 14:07:31 DEBUG DefaultHttpClient:509 - Connection can be kept alive indefinitely
2021-04-29 14:07:31 DEBUG RequestSpecificationImpl$RestAssuredHttpBuilder:545 - Parsing response as: application/json; charset=utf-8
2021-04-29 14:07:31 DEBUG RequestSpecificationImpl$RestAssuredHttpBuilder:548 - Parsed data to instance of: class org.apache.http.conn.EofSensorInputStream
2021-04-29 14:07:31 DEBUG RestCalls:47 - io.restassured.internal.RequestSpecificationImpl@7db742c3
2021-04-29 14:07:31 INFO  TestUtils:17 - *** Get String Body****
2021-04-29 14:07:31 DEBUG wire:87 -  << "{"error":{"code":"NoResponse","message":"The server did not receive a response from an upstream server. Request tracking id '08585819214255871228700037364CU00'."}}"
2021-04-29 14:07:31 DEBUG BasicClientConnectionManager:200 - Releasing connection org.apache.http.impl.conn.ManagedClientConnectionImpl@7c8794b9
2021-04-29 14:07:31 DEBUG BasicClientConnectionManager:225 - Connection can be kept alive indefinitely
2021-04-29 14:07:31 INFO  TestUtils:33 - ********JsonPath Response for Post*****
2021-04-29 14:07:31 INFO  InboundTesting:311 - ***** End C11_Discount Test Cases ************
2021-04-29 14:07:31 INFO  TestUtils:48 - **** Getting response Code*******
]]></system-out>
  </testcase>
  <testcase name="C11_Discount" classname="Inbound_Testing.InboundTesting" time="0">
    <skipped message="expected [200] but found [502]"/>
    <system-out><![CDATA[2021-04-29 14:07:31 INFO  payLoadsConvertor:16 - Inside payloads fn:
2021-04-29 14:07:31 INFO  InboundTesting:304 - **** Test Cases : Post Method *****
2021-04-29 14:07:31 INFO  URL:51 - PetStore URL Endpoint: https://d-api.sbdinc.com/corpjourneycaa/v1/Inbound/post
2021-04-29 14:07:31 INFO  RestCalls:43 - Post Request Call-
2021-04-29 14:07:31 DEBUG BasicClientConnectionManager:161 - Get connection for route {s}->https://d-api.sbdinc.com:443
2021-04-29 14:07:31 DEBUG DefaultClientConnectionOperator:177 - Connecting to d-api.sbdinc.com:443
2021-04-29 14:07:32 DEBUG RequestAddCookies:123 - CookieSpec selected: ignoreCookies
2021-04-29 14:07:32 DEBUG RequestAuthCache:77 - Auth cache not set in the context
2021-04-29 14:07:32 DEBUG RequestTargetAuthentication:80 - Target auth state: UNCHALLENGED
2021-04-29 14:07:32 DEBUG RequestProxyAuthentication:89 - Proxy auth state: UNCHALLENGED
2021-04-29 14:07:32 DEBUG DefaultHttpClient:682 - Attempt 1 to execute request
2021-04-29 14:07:32 DEBUG DefaultClientConnection:274 - Sending request: POST /corpjourneycaa/v1/Inbound/post?Agora-Subscription-Key=48dfe6a704414f4c9f61b37a6b983fd7 HTTP/1.1
2021-04-29 14:07:32 DEBUG wire:73 -  >> "POST /corpjourneycaa/v1/Inbound/post?Agora-Subscription-Key=48dfe6a704414f4c9f61b37a6b983fd7 HTTP/1.1[\r][\n]"
2021-04-29 14:07:32 DEBUG wire:73 -  >> "Accept: */*[\r][\n]"
2021-04-29 14:07:32 DEBUG wire:73 -  >> "Content-Type: application/json; charset=UTF-8[\r][\n]"
2021-04-29 14:07:32 DEBUG wire:73 -  >> "Content-Length: 0[\r][\n]"
2021-04-29 14:07:32 DEBUG wire:73 -  >> "Host: d-api.sbdinc.com[\r][\n]"
2021-04-29 14:07:32 DEBUG wire:73 -  >> "Connection: Keep-Alive[\r][\n]"
2021-04-29 14:07:32 DEBUG wire:73 -  >> "User-Agent: Apache-HttpClient/4.5.3 (Java/1.8.0_191)[\r][\n]"
2021-04-29 14:07:32 DEBUG wire:73 -  >> "Accept-Encoding: gzip,deflate[\r][\n]"
2021-04-29 14:07:32 DEBUG wire:73 -  >> "[\r][\n]"
2021-04-29 14:07:32 DEBUG headers:278 - >> POST /corpjourneycaa/v1/Inbound/post?Agora-Subscription-Key=48dfe6a704414f4c9f61b37a6b983fd7 HTTP/1.1
2021-04-29 14:07:32 DEBUG headers:281 - >> Accept: */*
2021-04-29 14:07:32 DEBUG headers:281 - >> Content-Type: application/json; charset=UTF-8
2021-04-29 14:07:32 DEBUG headers:281 - >> Content-Length: 0
2021-04-29 14:07:32 DEBUG headers:281 - >> Host: d-api.sbdinc.com
2021-04-29 14:07:32 DEBUG headers:281 - >> Connection: Keep-Alive
2021-04-29 14:07:32 DEBUG headers:281 - >> User-Agent: Apache-HttpClient/4.5.3 (Java/1.8.0_191)
2021-04-29 14:07:32 DEBUG headers:281 - >> Accept-Encoding: gzip,deflate
2021-04-29 14:07:33 DEBUG wire:73 -  << "HTTP/1.1 502 Bad Gateway[\r][\n]"
2021-04-29 14:07:33 DEBUG wire:73 -  << "Cache-Control: no-cache[\r][\n]"
2021-04-29 14:07:33 DEBUG wire:73 -  << "Pragma: no-cache[\r][\n]"
2021-04-29 14:07:33 DEBUG wire:73 -  << "Content-Type: application/json; charset=utf-8[\r][\n]"
2021-04-29 14:07:33 DEBUG wire:73 -  << "Expires: -1[\r][\n]"
2021-04-29 14:07:33 DEBUG wire:73 -  << "x-ms-failure-cause: Trigger[\r][\n]"
2021-04-29 14:07:33 DEBUG wire:73 -  << "x-ms-workflow-run-id: 08585819214233205227521385126CU00[\r][\n]"
2021-04-29 14:07:34 DEBUG wire:73 -  << "x-ms-correlation-id: 3675dd8e-7568-452c-bfdc-aa0af6343f0c[\r][\n]"
2021-04-29 14:07:34 DEBUG wire:73 -  << "x-ms-client-tracking-id: 08585819214233205227521385126CU00[\r][\n]"
2021-04-29 14:07:34 DEBUG wire:73 -  << "x-ms-trigger-history-name: 08585819214233205227521385126CU00[\r][\n]"
2021-04-29 14:07:34 DEBUG wire:73 -  << "x-ms-execution-location: eastus[\r][\n]"
2021-04-29 14:07:34 DEBUG wire:73 -  << "x-ms-workflow-system-id: /locations/eastus/scaleunits/prod-03/workflows/21a2c519adea46fa8226d9348badd1c9[\r][\n]"
2021-04-29 14:07:34 DEBUG wire:73 -  << "x-ms-workflow-id: 21a2c519adea46fa8226d9348badd1c9[\r][\n]"
2021-04-29 14:07:34 DEBUG wire:73 -  << "x-ms-workflow-version: 08585825003350923326[\r][\n]"
2021-04-29 14:07:34 DEBUG wire:73 -  << "x-ms-workflow-name: sbd-SBD.CORP.JOURNEY-CAA-Inbound-APIMReceive-useast-dev-la[\r][\n]"
2021-04-29 14:07:34 DEBUG wire:73 -  << "x-ms-tracking-id: 3675dd8e-7568-452c-bfdc-aa0af6343f0c[\r][\n]"
2021-04-29 14:07:34 DEBUG wire:73 -  << "x-ms-request-id: eastus:3675dd8e-7568-452c-bfdc-aa0af6343f0c[\r][\n]"
2021-04-29 14:07:34 DEBUG wire:73 -  << "Strict-Transport-Security: max-age=31536000; includeSubDomains[\r][\n]"
2021-04-29 14:07:34 DEBUG wire:73 -  << "Date: Thu, 29 Apr 2021 08:37:43 GMT[\r][\n]"
2021-04-29 14:07:34 DEBUG wire:73 -  << "Content-Length: 163[\r][\n]"
2021-04-29 14:07:34 DEBUG wire:73 -  << "[\r][\n]"
2021-04-29 14:07:34 DEBUG DefaultClientConnection:259 - Receiving response: HTTP/1.1 502 Bad Gateway
2021-04-29 14:07:34 DEBUG headers:262 - << HTTP/1.1 502 Bad Gateway
2021-04-29 14:07:34 DEBUG headers:265 - << Cache-Control: no-cache
2021-04-29 14:07:34 DEBUG headers:265 - << Pragma: no-cache
2021-04-29 14:07:34 DEBUG headers:265 - << Content-Type: application/json; charset=utf-8
2021-04-29 14:07:34 DEBUG headers:265 - << Expires: -1
2021-04-29 14:07:34 DEBUG headers:265 - << x-ms-failure-cause: Trigger
2021-04-29 14:07:34 DEBUG headers:265 - << x-ms-workflow-run-id: 08585819214233205227521385126CU00
2021-04-29 14:07:34 DEBUG headers:265 - << x-ms-correlation-id: 3675dd8e-7568-452c-bfdc-aa0af6343f0c
2021-04-29 14:07:34 DEBUG headers:265 - << x-ms-client-tracking-id: 08585819214233205227521385126CU00
2021-04-29 14:07:34 DEBUG headers:265 - << x-ms-trigger-history-name: 08585819214233205227521385126CU00
2021-04-29 14:07:34 DEBUG headers:265 - << x-ms-execution-location: eastus
2021-04-29 14:07:34 DEBUG headers:265 - << x-ms-workflow-system-id: /locations/eastus/scaleunits/prod-03/workflows/21a2c519adea46fa8226d9348badd1c9
2021-04-29 14:07:34 DEBUG headers:265 - << x-ms-workflow-id: 21a2c519adea46fa8226d9348badd1c9
2021-04-29 14:07:34 DEBUG headers:265 - << x-ms-workflow-version: 08585825003350923326
2021-04-29 14:07:34 DEBUG headers:265 - << x-ms-workflow-name: sbd-SBD.CORP.JOURNEY-CAA-Inbound-APIMReceive-useast-dev-la
2021-04-29 14:07:34 DEBUG headers:265 - << x-ms-tracking-id: 3675dd8e-7568-452c-bfdc-aa0af6343f0c
2021-04-29 14:07:34 DEBUG headers:265 - << x-ms-request-id: eastus:3675dd8e-7568-452c-bfdc-aa0af6343f0c
2021-04-29 14:07:34 DEBUG headers:265 - << Strict-Transport-Security: max-age=31536000; includeSubDomains
2021-04-29 14:07:34 DEBUG headers:265 - << Date: Thu, 29 Apr 2021 08:37:43 GMT
2021-04-29 14:07:34 DEBUG headers:265 - << Content-Length: 163
2021-04-29 14:07:34 DEBUG DefaultHttpClient:509 - Connection can be kept alive indefinitely
2021-04-29 14:07:34 DEBUG RequestSpecificationImpl$RestAssuredHttpBuilder:545 - Parsing response as: application/json; charset=utf-8
2021-04-29 14:07:34 DEBUG RequestSpecificationImpl$RestAssuredHttpBuilder:548 - Parsed data to instance of: class org.apache.http.conn.EofSensorInputStream
2021-04-29 14:07:34 DEBUG RestCalls:47 - io.restassured.internal.RequestSpecificationImpl@4baa96fe
2021-04-29 14:07:34 INFO  TestUtils:17 - *** Get String Body****
2021-04-29 14:07:34 DEBUG wire:87 -  << "{"error":{"code":"NoResponse","message":"The server did not receive a response from an upstream server. Request tracking id '08585819214233205227521385126CU00'."}}"
2021-04-29 14:07:34 DEBUG BasicClientConnectionManager:200 - Releasing connection org.apache.http.impl.conn.ManagedClientConnectionImpl@49670922
2021-04-29 14:07:34 DEBUG BasicClientConnectionManager:225 - Connection can be kept alive indefinitely
2021-04-29 14:07:34 INFO  TestUtils:33 - ********JsonPath Response for Post*****
2021-04-29 14:07:34 INFO  InboundTesting:311 - ***** End C11_Discount Test Cases ************
2021-04-29 14:07:34 INFO  TestUtils:48 - **** Getting response Code*******
]]></system-out>
  </testcase>
  <testcase name="C11_Discount" classname="Inbound_Testing.InboundTesting" time="0">
    <skipped message="expected [200] but found [502]"/>
    <system-out><![CDATA[2021-04-29 14:07:34 INFO  payLoadsConvertor:16 - Inside payloads fn:
2021-04-29 14:07:34 INFO  InboundTesting:304 - **** Test Cases : Post Method *****
2021-04-29 14:07:34 INFO  URL:51 - PetStore URL Endpoint: https://d-api.sbdinc.com/corpjourneycaa/v1/Inbound/post
2021-04-29 14:07:34 INFO  RestCalls:43 - Post Request Call-
2021-04-29 14:07:34 DEBUG BasicClientConnectionManager:161 - Get connection for route {s}->https://d-api.sbdinc.com:443
2021-04-29 14:07:34 DEBUG DefaultClientConnectionOperator:177 - Connecting to d-api.sbdinc.com:443
2021-04-29 14:07:35 DEBUG RequestAddCookies:123 - CookieSpec selected: ignoreCookies
2021-04-29 14:07:35 DEBUG RequestAuthCache:77 - Auth cache not set in the context
2021-04-29 14:07:35 DEBUG RequestTargetAuthentication:80 - Target auth state: UNCHALLENGED
2021-04-29 14:07:35 DEBUG RequestProxyAuthentication:89 - Proxy auth state: UNCHALLENGED
2021-04-29 14:07:35 DEBUG DefaultHttpClient:682 - Attempt 1 to execute request
2021-04-29 14:07:35 DEBUG DefaultClientConnection:274 - Sending request: POST /corpjourneycaa/v1/Inbound/post?Agora-Subscription-Key=48dfe6a704414f4c9f61b37a6b983fd7 HTTP/1.1
2021-04-29 14:07:35 DEBUG wire:73 -  >> "POST /corpjourneycaa/v1/Inbound/post?Agora-Subscription-Key=48dfe6a704414f4c9f61b37a6b983fd7 HTTP/1.1[\r][\n]"
2021-04-29 14:07:35 DEBUG wire:73 -  >> "Accept: */*[\r][\n]"
2021-04-29 14:07:35 DEBUG wire:73 -  >> "Content-Type: application/json; charset=UTF-8[\r][\n]"
2021-04-29 14:07:35 DEBUG wire:73 -  >> "Content-Length: 0[\r][\n]"
2021-04-29 14:07:35 DEBUG wire:73 -  >> "Host: d-api.sbdinc.com[\r][\n]"
2021-04-29 14:07:35 DEBUG wire:73 -  >> "Connection: Keep-Alive[\r][\n]"
2021-04-29 14:07:35 DEBUG wire:73 -  >> "User-Agent: Apache-HttpClient/4.5.3 (Java/1.8.0_191)[\r][\n]"
2021-04-29 14:07:35 DEBUG wire:73 -  >> "Accept-Encoding: gzip,deflate[\r][\n]"
2021-04-29 14:07:35 DEBUG wire:73 -  >> "[\r][\n]"
2021-04-29 14:07:35 DEBUG headers:278 - >> POST /corpjourneycaa/v1/Inbound/post?Agora-Subscription-Key=48dfe6a704414f4c9f61b37a6b983fd7 HTTP/1.1
2021-04-29 14:07:35 DEBUG headers:281 - >> Accept: */*
2021-04-29 14:07:35 DEBUG headers:281 - >> Content-Type: application/json; charset=UTF-8
2021-04-29 14:07:35 DEBUG headers:281 - >> Content-Length: 0
2021-04-29 14:07:35 DEBUG headers:281 - >> Host: d-api.sbdinc.com
2021-04-29 14:07:35 DEBUG headers:281 - >> Connection: Keep-Alive
2021-04-29 14:07:35 DEBUG headers:281 - >> User-Agent: Apache-HttpClient/4.5.3 (Java/1.8.0_191)
2021-04-29 14:07:35 DEBUG headers:281 - >> Accept-Encoding: gzip,deflate
2021-04-29 14:07:37 DEBUG wire:73 -  << "HTTP/1.1 502 Bad Gateway[\r][\n]"
2021-04-29 14:07:37 DEBUG wire:73 -  << "Cache-Control: no-cache[\r][\n]"
2021-04-29 14:07:37 DEBUG wire:73 -  << "Pragma: no-cache[\r][\n]"
2021-04-29 14:07:37 DEBUG wire:73 -  << "Content-Type: application/json; charset=utf-8[\r][\n]"
2021-04-29 14:07:37 DEBUG wire:73 -  << "Expires: -1[\r][\n]"
2021-04-29 14:07:37 DEBUG wire:73 -  << "x-ms-failure-cause: Trigger[\r][\n]"
2021-04-29 14:07:37 DEBUG wire:73 -  << "x-ms-workflow-run-id: 08585819214202959948002267465CU01[\r][\n]"
2021-04-29 14:07:37 DEBUG wire:73 -  << "x-ms-correlation-id: 970d7529-6dc1-4065-90fa-7ea7b872e2e9[\r][\n]"
2021-04-29 14:07:37 DEBUG wire:73 -  << "x-ms-client-tracking-id: 08585819214202959948002267465CU01[\r][\n]"
2021-04-29 14:07:37 DEBUG wire:73 -  << "x-ms-trigger-history-name: 08585819214202959948002267465CU01[\r][\n]"
2021-04-29 14:07:37 DEBUG wire:73 -  << "x-ms-execution-location: eastus[\r][\n]"
2021-04-29 14:07:37 DEBUG wire:73 -  << "x-ms-workflow-system-id: /locations/eastus/scaleunits/prod-03/workflows/21a2c519adea46fa8226d9348badd1c9[\r][\n]"
2021-04-29 14:07:37 DEBUG wire:73 -  << "x-ms-workflow-id: 21a2c519adea46fa8226d9348badd1c9[\r][\n]"
2021-04-29 14:07:37 DEBUG wire:73 -  << "x-ms-workflow-version: 08585825003350923326[\r][\n]"
2021-04-29 14:07:37 DEBUG wire:73 -  << "x-ms-workflow-name: sbd-SBD.CORP.JOURNEY-CAA-Inbound-APIMReceive-useast-dev-la[\r][\n]"
2021-04-29 14:07:37 DEBUG wire:73 -  << "x-ms-tracking-id: 970d7529-6dc1-4065-90fa-7ea7b872e2e9[\r][\n]"
2021-04-29 14:07:37 DEBUG wire:73 -  << "x-ms-request-id: eastus:970d7529-6dc1-4065-90fa-7ea7b872e2e9[\r][\n]"
2021-04-29 14:07:37 DEBUG wire:73 -  << "Strict-Transport-Security: max-age=31536000; includeSubDomains[\r][\n]"
2021-04-29 14:07:37 DEBUG wire:73 -  << "Date: Thu, 29 Apr 2021 08:37:46 GMT[\r][\n]"
2021-04-29 14:07:37 DEBUG wire:73 -  << "Content-Length: 163[\r][\n]"
2021-04-29 14:07:37 DEBUG wire:73 -  << "[\r][\n]"
2021-04-29 14:07:37 DEBUG DefaultClientConnection:259 - Receiving response: HTTP/1.1 502 Bad Gateway
2021-04-29 14:07:37 DEBUG headers:262 - << HTTP/1.1 502 Bad Gateway
2021-04-29 14:07:37 DEBUG headers:265 - << Cache-Control: no-cache
2021-04-29 14:07:37 DEBUG headers:265 - << Pragma: no-cache
2021-04-29 14:07:37 DEBUG headers:265 - << Content-Type: application/json; charset=utf-8
2021-04-29 14:07:37 DEBUG headers:265 - << Expires: -1
2021-04-29 14:07:37 DEBUG headers:265 - << x-ms-failure-cause: Trigger
2021-04-29 14:07:37 DEBUG headers:265 - << x-ms-workflow-run-id: 08585819214202959948002267465CU01
2021-04-29 14:07:37 DEBUG headers:265 - << x-ms-correlation-id: 970d7529-6dc1-4065-90fa-7ea7b872e2e9
2021-04-29 14:07:37 DEBUG headers:265 - << x-ms-client-tracking-id: 08585819214202959948002267465CU01
2021-04-29 14:07:37 DEBUG headers:265 - << x-ms-trigger-history-name: 08585819214202959948002267465CU01
2021-04-29 14:07:37 DEBUG headers:265 - << x-ms-execution-location: eastus
2021-04-29 14:07:37 DEBUG headers:265 - << x-ms-workflow-system-id: /locations/eastus/scaleunits/prod-03/workflows/21a2c519adea46fa8226d9348badd1c9
2021-04-29 14:07:37 DEBUG headers:265 - << x-ms-workflow-id: 21a2c519adea46fa8226d9348badd1c9
2021-04-29 14:07:37 DEBUG headers:265 - << x-ms-workflow-version: 08585825003350923326
2021-04-29 14:07:37 DEBUG headers:265 - << x-ms-workflow-name: sbd-SBD.CORP.JOURNEY-CAA-Inbound-APIMReceive-useast-dev-la
2021-04-29 14:07:37 DEBUG headers:265 - << x-ms-tracking-id: 970d7529-6dc1-4065-90fa-7ea7b872e2e9
2021-04-29 14:07:37 DEBUG headers:265 - << x-ms-request-id: eastus:970d7529-6dc1-4065-90fa-7ea7b872e2e9
2021-04-29 14:07:37 DEBUG headers:265 - << Strict-Transport-Security: max-age=31536000; includeSubDomains
2021-04-29 14:07:37 DEBUG headers:265 - << Date: Thu, 29 Apr 2021 08:37:46 GMT
2021-04-29 14:07:37 DEBUG headers:265 - << Content-Length: 163
2021-04-29 14:07:37 DEBUG DefaultHttpClient:509 - Connection can be kept alive indefinitely
2021-04-29 14:07:37 DEBUG RequestSpecificationImpl$RestAssuredHttpBuilder:545 - Parsing response as: application/json; charset=utf-8
2021-04-29 14:07:37 DEBUG RequestSpecificationImpl$RestAssuredHttpBuilder:548 - Parsed data to instance of: class org.apache.http.conn.EofSensorInputStream
2021-04-29 14:07:37 DEBUG RestCalls:47 - io.restassured.internal.RequestSpecificationImpl@1ea8a704
2021-04-29 14:07:37 INFO  TestUtils:17 - *** Get String Body****
2021-04-29 14:07:37 DEBUG wire:87 -  << "{"error":{"code":"NoResponse","message":"The server did not receive a response from an upstream server. Request tracking id '08585819214202959948002267465CU01'."}}"
2021-04-29 14:07:37 DEBUG BasicClientConnectionManager:200 - Releasing connection org.apache.http.impl.conn.ManagedClientConnectionImpl@2baffda1
2021-04-29 14:07:37 DEBUG BasicClientConnectionManager:225 - Connection can be kept alive indefinitely
2021-04-29 14:07:37 INFO  TestUtils:33 - ********JsonPath Response for Post*****
2021-04-29 14:07:37 INFO  InboundTesting:311 - ***** End C11_Discount Test Cases ************
2021-04-29 14:07:37 INFO  TestUtils:48 - **** Getting response Code*******
]]></system-out>
  </testcase>
  <testcase name="C11_Discount" classname="Inbound_Testing.InboundTesting" time="3.873">
    <failure message="expected [200] but found [502]" type="java.lang.AssertionError">java.lang.AssertionError: expected [200] but found [502]
	at Inbound_Testing.InboundTesting.C11_Discount(InboundTesting.java:312)
</failure>
    <system-out><![CDATA[2021-04-29 14:07:37 INFO  payLoadsConvertor:16 - Inside payloads fn:
2021-04-29 14:07:37 INFO  InboundTesting:304 - **** Test Cases : Post Method *****
2021-04-29 14:07:37 INFO  URL:51 - PetStore URL Endpoint: https://d-api.sbdinc.com/corpjourneycaa/v1/Inbound/post
2021-04-29 14:07:37 INFO  RestCalls:43 - Post Request Call-
2021-04-29 14:07:37 DEBUG BasicClientConnectionManager:161 - Get connection for route {s}->https://d-api.sbdinc.com:443
2021-04-29 14:07:37 DEBUG DefaultClientConnectionOperator:177 - Connecting to d-api.sbdinc.com:443
2021-04-29 14:07:38 DEBUG RequestAddCookies:123 - CookieSpec selected: ignoreCookies
2021-04-29 14:07:38 DEBUG RequestAuthCache:77 - Auth cache not set in the context
2021-04-29 14:07:38 DEBUG RequestTargetAuthentication:80 - Target auth state: UNCHALLENGED
2021-04-29 14:07:38 DEBUG RequestProxyAuthentication:89 - Proxy auth state: UNCHALLENGED
2021-04-29 14:07:38 DEBUG DefaultHttpClient:682 - Attempt 1 to execute request
2021-04-29 14:07:38 DEBUG DefaultClientConnection:274 - Sending request: POST /corpjourneycaa/v1/Inbound/post?Agora-Subscription-Key=48dfe6a704414f4c9f61b37a6b983fd7 HTTP/1.1
2021-04-29 14:07:38 DEBUG wire:73 -  >> "POST /corpjourneycaa/v1/Inbound/post?Agora-Subscription-Key=48dfe6a704414f4c9f61b37a6b983fd7 HTTP/1.1[\r][\n]"
2021-04-29 14:07:38 DEBUG wire:73 -  >> "Accept: */*[\r][\n]"
2021-04-29 14:07:38 DEBUG wire:73 -  >> "Content-Type: application/json; charset=UTF-8[\r][\n]"
2021-04-29 14:07:38 DEBUG wire:73 -  >> "Content-Length: 0[\r][\n]"
2021-04-29 14:07:38 DEBUG wire:73 -  >> "Host: d-api.sbdinc.com[\r][\n]"
2021-04-29 14:07:38 DEBUG wire:73 -  >> "Connection: Keep-Alive[\r][\n]"
2021-04-29 14:07:38 DEBUG wire:73 -  >> "User-Agent: Apache-HttpClient/4.5.3 (Java/1.8.0_191)[\r][\n]"
2021-04-29 14:07:38 DEBUG wire:73 -  >> "Accept-Encoding: gzip,deflate[\r][\n]"
2021-04-29 14:07:38 DEBUG wire:73 -  >> "[\r][\n]"
2021-04-29 14:07:38 DEBUG headers:278 - >> POST /corpjourneycaa/v1/Inbound/post?Agora-Subscription-Key=48dfe6a704414f4c9f61b37a6b983fd7 HTTP/1.1
2021-04-29 14:07:38 DEBUG headers:281 - >> Accept: */*
2021-04-29 14:07:38 DEBUG headers:281 - >> Content-Type: application/json; charset=UTF-8
2021-04-29 14:07:38 DEBUG headers:281 - >> Content-Length: 0
2021-04-29 14:07:38 DEBUG headers:281 - >> Host: d-api.sbdinc.com
2021-04-29 14:07:38 DEBUG headers:281 - >> Connection: Keep-Alive
2021-04-29 14:07:38 DEBUG headers:281 - >> User-Agent: Apache-HttpClient/4.5.3 (Java/1.8.0_191)
2021-04-29 14:07:38 DEBUG headers:281 - >> Accept-Encoding: gzip,deflate
2021-04-29 14:07:41 DEBUG wire:73 -  << "HTTP/1.1 502 Bad Gateway[\r][\n]"
2021-04-29 14:07:41 DEBUG wire:73 -  << "Cache-Control: no-cache[\r][\n]"
2021-04-29 14:07:41 DEBUG wire:73 -  << "Pragma: no-cache[\r][\n]"
2021-04-29 14:07:41 DEBUG wire:73 -  << "Content-Type: application/json; charset=utf-8[\r][\n]"
2021-04-29 14:07:41 DEBUG wire:73 -  << "Expires: -1[\r][\n]"
2021-04-29 14:07:41 DEBUG wire:73 -  << "x-ms-failure-cause: Trigger[\r][\n]"
2021-04-29 14:07:41 DEBUG wire:73 -  << "x-ms-workflow-run-id: 08585819214169162040923407938CU00[\r][\n]"
2021-04-29 14:07:41 DEBUG wire:73 -  << "x-ms-correlation-id: 9456d2bd-6448-4b57-92b1-2ed8f438452d[\r][\n]"
2021-04-29 14:07:41 DEBUG wire:73 -  << "x-ms-client-tracking-id: 08585819214169162040923407938CU00[\r][\n]"
2021-04-29 14:07:41 DEBUG wire:73 -  << "x-ms-trigger-history-name: 08585819214169162040923407938CU00[\r][\n]"
2021-04-29 14:07:41 DEBUG wire:73 -  << "x-ms-execution-location: eastus[\r][\n]"
2021-04-29 14:07:41 DEBUG wire:73 -  << "x-ms-workflow-system-id: /locations/eastus/scaleunits/prod-03/workflows/21a2c519adea46fa8226d9348badd1c9[\r][\n]"
2021-04-29 14:07:41 DEBUG wire:73 -  << "x-ms-workflow-id: 21a2c519adea46fa8226d9348badd1c9[\r][\n]"
2021-04-29 14:07:41 DEBUG wire:73 -  << "x-ms-workflow-version: 08585825003350923326[\r][\n]"
2021-04-29 14:07:41 DEBUG wire:73 -  << "x-ms-workflow-name: sbd-SBD.CORP.JOURNEY-CAA-Inbound-APIMReceive-useast-dev-la[\r][\n]"
2021-04-29 14:07:41 DEBUG wire:73 -  << "x-ms-tracking-id: 9456d2bd-6448-4b57-92b1-2ed8f438452d[\r][\n]"
2021-04-29 14:07:41 DEBUG wire:73 -  << "x-ms-request-id: eastus:9456d2bd-6448-4b57-92b1-2ed8f438452d[\r][\n]"
2021-04-29 14:07:41 DEBUG wire:73 -  << "Strict-Transport-Security: max-age=31536000; includeSubDomains[\r][\n]"
2021-04-29 14:07:41 DEBUG wire:73 -  << "Date: Thu, 29 Apr 2021 08:37:51 GMT[\r][\n]"
2021-04-29 14:07:41 DEBUG wire:73 -  << "Content-Length: 163[\r][\n]"
2021-04-29 14:07:41 DEBUG wire:73 -  << "[\r][\n]"
2021-04-29 14:07:41 DEBUG DefaultClientConnection:259 - Receiving response: HTTP/1.1 502 Bad Gateway
2021-04-29 14:07:41 DEBUG headers:262 - << HTTP/1.1 502 Bad Gateway
2021-04-29 14:07:41 DEBUG headers:265 - << Cache-Control: no-cache
2021-04-29 14:07:41 DEBUG headers:265 - << Pragma: no-cache
2021-04-29 14:07:41 DEBUG headers:265 - << Content-Type: application/json; charset=utf-8
2021-04-29 14:07:41 DEBUG headers:265 - << Expires: -1
2021-04-29 14:07:41 DEBUG headers:265 - << x-ms-failure-cause: Trigger
2021-04-29 14:07:41 DEBUG headers:265 - << x-ms-workflow-run-id: 08585819214169162040923407938CU00
2021-04-29 14:07:41 DEBUG headers:265 - << x-ms-correlation-id: 9456d2bd-6448-4b57-92b1-2ed8f438452d
2021-04-29 14:07:41 DEBUG headers:265 - << x-ms-client-tracking-id: 08585819214169162040923407938CU00
2021-04-29 14:07:41 DEBUG headers:265 - << x-ms-trigger-history-name: 08585819214169162040923407938CU00
2021-04-29 14:07:41 DEBUG headers:265 - << x-ms-execution-location: eastus
2021-04-29 14:07:41 DEBUG headers:265 - << x-ms-workflow-system-id: /locations/eastus/scaleunits/prod-03/workflows/21a2c519adea46fa8226d9348badd1c9
2021-04-29 14:07:41 DEBUG headers:265 - << x-ms-workflow-id: 21a2c519adea46fa8226d9348badd1c9
2021-04-29 14:07:41 DEBUG headers:265 - << x-ms-workflow-version: 08585825003350923326
2021-04-29 14:07:41 DEBUG headers:265 - << x-ms-workflow-name: sbd-SBD.CORP.JOURNEY-CAA-Inbound-APIMReceive-useast-dev-la
2021-04-29 14:07:41 DEBUG headers:265 - << x-ms-tracking-id: 9456d2bd-6448-4b57-92b1-2ed8f438452d
2021-04-29 14:07:41 DEBUG headers:265 - << x-ms-request-id: eastus:9456d2bd-6448-4b57-92b1-2ed8f438452d
2021-04-29 14:07:41 DEBUG headers:265 - << Strict-Transport-Security: max-age=31536000; includeSubDomains
2021-04-29 14:07:41 DEBUG headers:265 - << Date: Thu, 29 Apr 2021 08:37:51 GMT
2021-04-29 14:07:41 DEBUG headers:265 - << Content-Length: 163
2021-04-29 14:07:41 DEBUG DefaultHttpClient:509 - Connection can be kept alive indefinitely
2021-04-29 14:07:41 DEBUG RequestSpecificationImpl$RestAssuredHttpBuilder:545 - Parsing response as: application/json; charset=utf-8
2021-04-29 14:07:41 DEBUG RequestSpecificationImpl$RestAssuredHttpBuilder:548 - Parsed data to instance of: class org.apache.http.conn.EofSensorInputStream
2021-04-29 14:07:41 DEBUG RestCalls:47 - io.restassured.internal.RequestSpecificationImpl@142d0d1d
2021-04-29 14:07:41 INFO  TestUtils:17 - *** Get String Body****
2021-04-29 14:07:41 DEBUG wire:87 -  << "{"error":{"code":"NoResponse","message":"The server did not receive a response from an upstream server. Request tracking id '08585819214169162040923407938CU00'."}}"
2021-04-29 14:07:41 DEBUG BasicClientConnectionManager:200 - Releasing connection org.apache.http.impl.conn.ManagedClientConnectionImpl@2674cd1e
2021-04-29 14:07:41 DEBUG BasicClientConnectionManager:225 - Connection can be kept alive indefinitely
2021-04-29 14:07:41 INFO  TestUtils:33 - ********JsonPath Response for Post*****
2021-04-29 14:07:41 INFO  InboundTesting:311 - ***** End C11_Discount Test Cases ************
2021-04-29 14:07:41 INFO  TestUtils:48 - **** Getting response Code*******
]]></system-out>
  </testcase>
  <testcase name="C11_OnAccount" classname="Inbound_Testing.InboundTesting" time="10.047"/>
  <testcase name="C11_OverPayment" classname="Inbound_Testing.InboundTesting" time="3.054"/>
  <testcase name="C11_PerfectMatch" classname="Inbound_Testing.InboundTesting" time="10.953"/>
  <testcase name="C11_ShortPayment" classname="Inbound_Testing.InboundTesting" time="3.784"/>
  <testcase name="C11_Sundry" classname="Inbound_Testing.InboundTesting" time="0">
    <skipped message="expected [200] but found [502]"/>
    <system-out><![CDATA[2021-04-29 14:08:09 INFO  payLoadsConvertor:16 - Inside payloads fn:
2021-04-29 14:08:09 INFO  InboundTesting:322 - **** Test Cases : Post Method *****
2021-04-29 14:08:09 INFO  URL:51 - PetStore URL Endpoint: https://d-api.sbdinc.com/corpjourneycaa/v1/Inbound/post
2021-04-29 14:08:09 INFO  RestCalls:43 - Post Request Call-
2021-04-29 14:08:09 DEBUG BasicClientConnectionManager:161 - Get connection for route {s}->https://d-api.sbdinc.com:443
2021-04-29 14:08:09 DEBUG DefaultClientConnectionOperator:177 - Connecting to d-api.sbdinc.com:443
2021-04-29 14:08:10 DEBUG RequestAddCookies:123 - CookieSpec selected: ignoreCookies
2021-04-29 14:08:10 DEBUG RequestAuthCache:77 - Auth cache not set in the context
2021-04-29 14:08:10 DEBUG RequestTargetAuthentication:80 - Target auth state: UNCHALLENGED
2021-04-29 14:08:10 DEBUG RequestProxyAuthentication:89 - Proxy auth state: UNCHALLENGED
2021-04-29 14:08:10 DEBUG DefaultHttpClient:682 - Attempt 1 to execute request
2021-04-29 14:08:10 DEBUG DefaultClientConnection:274 - Sending request: POST /corpjourneycaa/v1/Inbound/post?Agora-Subscription-Key=48dfe6a704414f4c9f61b37a6b983fd7 HTTP/1.1
2021-04-29 14:08:10 DEBUG wire:73 -  >> "POST /corpjourneycaa/v1/Inbound/post?Agora-Subscription-Key=48dfe6a704414f4c9f61b37a6b983fd7 HTTP/1.1[\r][\n]"
2021-04-29 14:08:10 DEBUG wire:73 -  >> "Accept: */*[\r][\n]"
2021-04-29 14:08:10 DEBUG wire:73 -  >> "Content-Type: application/json; charset=UTF-8[\r][\n]"
2021-04-29 14:08:10 DEBUG wire:73 -  >> "Content-Length: 0[\r][\n]"
2021-04-29 14:08:10 DEBUG wire:73 -  >> "Host: d-api.sbdinc.com[\r][\n]"
2021-04-29 14:08:10 DEBUG wire:73 -  >> "Connection: Keep-Alive[\r][\n]"
2021-04-29 14:08:10 DEBUG wire:73 -  >> "User-Agent: Apache-HttpClient/4.5.3 (Java/1.8.0_191)[\r][\n]"
2021-04-29 14:08:10 DEBUG wire:73 -  >> "Accept-Encoding: gzip,deflate[\r][\n]"
2021-04-29 14:08:10 DEBUG wire:73 -  >> "[\r][\n]"
2021-04-29 14:08:10 DEBUG headers:278 - >> POST /corpjourneycaa/v1/Inbound/post?Agora-Subscription-Key=48dfe6a704414f4c9f61b37a6b983fd7 HTTP/1.1
2021-04-29 14:08:10 DEBUG headers:281 - >> Accept: */*
2021-04-29 14:08:10 DEBUG headers:281 - >> Content-Type: application/json; charset=UTF-8
2021-04-29 14:08:10 DEBUG headers:281 - >> Content-Length: 0
2021-04-29 14:08:10 DEBUG headers:281 - >> Host: d-api.sbdinc.com
2021-04-29 14:08:10 DEBUG headers:281 - >> Connection: Keep-Alive
2021-04-29 14:08:10 DEBUG headers:281 - >> User-Agent: Apache-HttpClient/4.5.3 (Java/1.8.0_191)
2021-04-29 14:08:10 DEBUG headers:281 - >> Accept-Encoding: gzip,deflate
2021-04-29 14:08:11 DEBUG wire:73 -  << "HTTP/1.1 502 Bad Gateway[\r][\n]"
2021-04-29 14:08:11 DEBUG wire:73 -  << "Cache-Control: no-cache[\r][\n]"
2021-04-29 14:08:11 DEBUG wire:73 -  << "Pragma: no-cache[\r][\n]"
2021-04-29 14:08:11 DEBUG wire:73 -  << "Content-Type: application/json; charset=utf-8[\r][\n]"
2021-04-29 14:08:11 DEBUG wire:73 -  << "Expires: -1[\r][\n]"
2021-04-29 14:08:11 DEBUG wire:73 -  << "x-ms-failure-cause: Trigger[\r][\n]"
2021-04-29 14:08:11 DEBUG wire:73 -  << "x-ms-workflow-run-id: 08585819213852595055673527797CU00[\r][\n]"
2021-04-29 14:08:11 DEBUG wire:73 -  << "x-ms-correlation-id: 8a191ede-1544-4ce0-a6ac-9be6501f2646[\r][\n]"
2021-04-29 14:08:11 DEBUG wire:73 -  << "x-ms-client-tracking-id: 08585819213852595055673527797CU00[\r][\n]"
2021-04-29 14:08:11 DEBUG wire:73 -  << "x-ms-trigger-history-name: 08585819213852595055673527797CU00[\r][\n]"
2021-04-29 14:08:11 DEBUG wire:73 -  << "x-ms-execution-location: eastus[\r][\n]"
2021-04-29 14:08:11 DEBUG wire:73 -  << "x-ms-workflow-system-id: /locations/eastus/scaleunits/prod-03/workflows/21a2c519adea46fa8226d9348badd1c9[\r][\n]"
2021-04-29 14:08:11 DEBUG wire:73 -  << "x-ms-workflow-id: 21a2c519adea46fa8226d9348badd1c9[\r][\n]"
2021-04-29 14:08:11 DEBUG wire:73 -  << "x-ms-workflow-version: 08585825003350923326[\r][\n]"
2021-04-29 14:08:11 DEBUG wire:73 -  << "x-ms-workflow-name: sbd-SBD.CORP.JOURNEY-CAA-Inbound-APIMReceive-useast-dev-la[\r][\n]"
2021-04-29 14:08:11 DEBUG wire:73 -  << "x-ms-tracking-id: 8a191ede-1544-4ce0-a6ac-9be6501f2646[\r][\n]"
2021-04-29 14:08:11 DEBUG wire:73 -  << "x-ms-request-id: eastus:8a191ede-1544-4ce0-a6ac-9be6501f2646[\r][\n]"
2021-04-29 14:08:11 DEBUG wire:73 -  << "Strict-Transport-Security: max-age=31536000; includeSubDomains[\r][\n]"
2021-04-29 14:08:11 DEBUG wire:73 -  << "Date: Thu, 29 Apr 2021 08:38:20 GMT[\r][\n]"
2021-04-29 14:08:11 DEBUG wire:73 -  << "Content-Length: 163[\r][\n]"
2021-04-29 14:08:11 DEBUG wire:73 -  << "[\r][\n]"
2021-04-29 14:08:11 DEBUG DefaultClientConnection:259 - Receiving response: HTTP/1.1 502 Bad Gateway
2021-04-29 14:08:11 DEBUG headers:262 - << HTTP/1.1 502 Bad Gateway
2021-04-29 14:08:11 DEBUG headers:265 - << Cache-Control: no-cache
2021-04-29 14:08:11 DEBUG headers:265 - << Pragma: no-cache
2021-04-29 14:08:11 DEBUG headers:265 - << Content-Type: application/json; charset=utf-8
2021-04-29 14:08:11 DEBUG headers:265 - << Expires: -1
2021-04-29 14:08:11 DEBUG headers:265 - << x-ms-failure-cause: Trigger
2021-04-29 14:08:11 DEBUG headers:265 - << x-ms-workflow-run-id: 08585819213852595055673527797CU00
2021-04-29 14:08:11 DEBUG headers:265 - << x-ms-correlation-id: 8a191ede-1544-4ce0-a6ac-9be6501f2646
2021-04-29 14:08:11 DEBUG headers:265 - << x-ms-client-tracking-id: 08585819213852595055673527797CU00
2021-04-29 14:08:11 DEBUG headers:265 - << x-ms-trigger-history-name: 08585819213852595055673527797CU00
2021-04-29 14:08:11 DEBUG headers:265 - << x-ms-execution-location: eastus
2021-04-29 14:08:11 DEBUG headers:265 - << x-ms-workflow-system-id: /locations/eastus/scaleunits/prod-03/workflows/21a2c519adea46fa8226d9348badd1c9
2021-04-29 14:08:11 DEBUG headers:265 - << x-ms-workflow-id: 21a2c519adea46fa8226d9348badd1c9
2021-04-29 14:08:11 DEBUG headers:265 - << x-ms-workflow-version: 08585825003350923326
2021-04-29 14:08:11 DEBUG headers:265 - << x-ms-workflow-name: sbd-SBD.CORP.JOURNEY-CAA-Inbound-APIMReceive-useast-dev-la
2021-04-29 14:08:11 DEBUG headers:265 - << x-ms-tracking-id: 8a191ede-1544-4ce0-a6ac-9be6501f2646
2021-04-29 14:08:11 DEBUG headers:265 - << x-ms-request-id: eastus:8a191ede-1544-4ce0-a6ac-9be6501f2646
2021-04-29 14:08:11 DEBUG headers:265 - << Strict-Transport-Security: max-age=31536000; includeSubDomains
2021-04-29 14:08:11 DEBUG headers:265 - << Date: Thu, 29 Apr 2021 08:38:20 GMT
2021-04-29 14:08:11 DEBUG headers:265 - << Content-Length: 163
2021-04-29 14:08:11 DEBUG DefaultHttpClient:509 - Connection can be kept alive indefinitely
2021-04-29 14:08:11 DEBUG RequestSpecificationImpl$RestAssuredHttpBuilder:545 - Parsing response as: application/json; charset=utf-8
2021-04-29 14:08:11 DEBUG RequestSpecificationImpl$RestAssuredHttpBuilder:548 - Parsed data to instance of: class org.apache.http.conn.EofSensorInputStream
2021-04-29 14:08:11 DEBUG RestCalls:47 - io.restassured.internal.RequestSpecificationImpl@643142a7
2021-04-29 14:08:11 INFO  TestUtils:17 - *** Get String Body****
2021-04-29 14:08:11 DEBUG wire:87 -  << "{"error":{"code":"NoResponse","message":"The server did not receive a response from an upstream server. Request tracking id '08585819213852595055673527797CU00'."}}"
2021-04-29 14:08:11 DEBUG BasicClientConnectionManager:200 - Releasing connection org.apache.http.impl.conn.ManagedClientConnectionImpl@250418ea
2021-04-29 14:08:11 DEBUG BasicClientConnectionManager:225 - Connection can be kept alive indefinitely
2021-04-29 14:08:11 INFO  TestUtils:33 - ********JsonPath Response for Post*****
2021-04-29 14:08:11 INFO  InboundTesting:329 - ***** End C11_Sundry Test Cases ************
2021-04-29 14:08:11 INFO  TestUtils:48 - **** Getting response Code*******
]]></system-out>
  </testcase>
  <testcase name="C11_Sundry" classname="Inbound_Testing.InboundTesting" time="0">
    <skipped message="expected [200] but found [502]"/>
    <system-out><![CDATA[2021-04-29 14:08:11 INFO  payLoadsConvertor:16 - Inside payloads fn:
2021-04-29 14:08:11 INFO  InboundTesting:322 - **** Test Cases : Post Method *****
2021-04-29 14:08:11 INFO  URL:51 - PetStore URL Endpoint: https://d-api.sbdinc.com/corpjourneycaa/v1/Inbound/post
2021-04-29 14:08:11 INFO  RestCalls:43 - Post Request Call-
2021-04-29 14:08:11 DEBUG BasicClientConnectionManager:161 - Get connection for route {s}->https://d-api.sbdinc.com:443
2021-04-29 14:08:11 DEBUG DefaultClientConnectionOperator:177 - Connecting to d-api.sbdinc.com:443
2021-04-29 14:08:11 DEBUG RequestAddCookies:123 - CookieSpec selected: ignoreCookies
2021-04-29 14:08:11 DEBUG RequestAuthCache:77 - Auth cache not set in the context
2021-04-29 14:08:11 DEBUG RequestTargetAuthentication:80 - Target auth state: UNCHALLENGED
2021-04-29 14:08:11 DEBUG RequestProxyAuthentication:89 - Proxy auth state: UNCHALLENGED
2021-04-29 14:08:11 DEBUG DefaultHttpClient:682 - Attempt 1 to execute request
2021-04-29 14:08:11 DEBUG DefaultClientConnection:274 - Sending request: POST /corpjourneycaa/v1/Inbound/post?Agora-Subscription-Key=48dfe6a704414f4c9f61b37a6b983fd7 HTTP/1.1
2021-04-29 14:08:11 DEBUG wire:73 -  >> "POST /corpjourneycaa/v1/Inbound/post?Agora-Subscription-Key=48dfe6a704414f4c9f61b37a6b983fd7 HTTP/1.1[\r][\n]"
2021-04-29 14:08:11 DEBUG wire:73 -  >> "Accept: */*[\r][\n]"
2021-04-29 14:08:11 DEBUG wire:73 -  >> "Content-Type: application/json; charset=UTF-8[\r][\n]"
2021-04-29 14:08:11 DEBUG wire:73 -  >> "Content-Length: 0[\r][\n]"
2021-04-29 14:08:11 DEBUG wire:73 -  >> "Host: d-api.sbdinc.com[\r][\n]"
2021-04-29 14:08:11 DEBUG wire:73 -  >> "Connection: Keep-Alive[\r][\n]"
2021-04-29 14:08:11 DEBUG wire:73 -  >> "User-Agent: Apache-HttpClient/4.5.3 (Java/1.8.0_191)[\r][\n]"
2021-04-29 14:08:11 DEBUG wire:73 -  >> "Accept-Encoding: gzip,deflate[\r][\n]"
2021-04-29 14:08:11 DEBUG wire:73 -  >> "[\r][\n]"
2021-04-29 14:08:11 DEBUG headers:278 - >> POST /corpjourneycaa/v1/Inbound/post?Agora-Subscription-Key=48dfe6a704414f4c9f61b37a6b983fd7 HTTP/1.1
2021-04-29 14:08:11 DEBUG headers:281 - >> Accept: */*
2021-04-29 14:08:11 DEBUG headers:281 - >> Content-Type: application/json; charset=UTF-8
2021-04-29 14:08:11 DEBUG headers:281 - >> Content-Length: 0
2021-04-29 14:08:11 DEBUG headers:281 - >> Host: d-api.sbdinc.com
2021-04-29 14:08:11 DEBUG headers:281 - >> Connection: Keep-Alive
2021-04-29 14:08:11 DEBUG headers:281 - >> User-Agent: Apache-HttpClient/4.5.3 (Java/1.8.0_191)
2021-04-29 14:08:11 DEBUG headers:281 - >> Accept-Encoding: gzip,deflate
2021-04-29 14:08:14 DEBUG wire:73 -  << "HTTP/1.1 502 Bad Gateway[\r][\n]"
2021-04-29 14:08:14 DEBUG wire:73 -  << "Cache-Control: no-cache[\r][\n]"
2021-04-29 14:08:14 DEBUG wire:73 -  << "Pragma: no-cache[\r][\n]"
2021-04-29 14:08:14 DEBUG wire:73 -  << "Content-Type: application/json; charset=utf-8[\r][\n]"
2021-04-29 14:08:14 DEBUG wire:73 -  << "Expires: -1[\r][\n]"
2021-04-29 14:08:14 DEBUG wire:73 -  << "x-ms-failure-cause: Trigger[\r][\n]"
2021-04-29 14:08:14 DEBUG wire:73 -  << "x-ms-workflow-run-id: 08585819213835018405149335288CU01[\r][\n]"
2021-04-29 14:08:14 DEBUG wire:73 -  << "x-ms-correlation-id: a0f32142-bc08-47d8-94f5-e0de35e94647[\r][\n]"
2021-04-29 14:08:14 DEBUG wire:73 -  << "x-ms-client-tracking-id: 08585819213835018405149335288CU01[\r][\n]"
2021-04-29 14:08:14 DEBUG wire:73 -  << "x-ms-trigger-history-name: 08585819213835018405149335288CU01[\r][\n]"
2021-04-29 14:08:14 DEBUG wire:73 -  << "x-ms-execution-location: eastus[\r][\n]"
2021-04-29 14:08:14 DEBUG wire:73 -  << "x-ms-workflow-system-id: /locations/eastus/scaleunits/prod-03/workflows/21a2c519adea46fa8226d9348badd1c9[\r][\n]"
2021-04-29 14:08:14 DEBUG wire:73 -  << "x-ms-workflow-id: 21a2c519adea46fa8226d9348badd1c9[\r][\n]"
2021-04-29 14:08:14 DEBUG wire:73 -  << "x-ms-workflow-version: 08585825003350923326[\r][\n]"
2021-04-29 14:08:14 DEBUG wire:73 -  << "x-ms-workflow-name: sbd-SBD.CORP.JOURNEY-CAA-Inbound-APIMReceive-useast-dev-la[\r][\n]"
2021-04-29 14:08:14 DEBUG wire:73 -  << "x-ms-tracking-id: a0f32142-bc08-47d8-94f5-e0de35e94647[\r][\n]"
2021-04-29 14:08:14 DEBUG wire:73 -  << "x-ms-request-id: eastus:a0f32142-bc08-47d8-94f5-e0de35e94647[\r][\n]"
2021-04-29 14:08:14 DEBUG wire:73 -  << "Strict-Transport-Security: max-age=31536000; includeSubDomains[\r][\n]"
2021-04-29 14:08:14 DEBUG wire:73 -  << "Date: Thu, 29 Apr 2021 08:38:24 GMT[\r][\n]"
2021-04-29 14:08:14 DEBUG wire:73 -  << "Content-Length: 163[\r][\n]"
2021-04-29 14:08:14 DEBUG wire:73 -  << "[\r][\n]"
2021-04-29 14:08:14 DEBUG DefaultClientConnection:259 - Receiving response: HTTP/1.1 502 Bad Gateway
2021-04-29 14:08:14 DEBUG headers:262 - << HTTP/1.1 502 Bad Gateway
2021-04-29 14:08:14 DEBUG headers:265 - << Cache-Control: no-cache
2021-04-29 14:08:14 DEBUG headers:265 - << Pragma: no-cache
2021-04-29 14:08:14 DEBUG headers:265 - << Content-Type: application/json; charset=utf-8
2021-04-29 14:08:14 DEBUG headers:265 - << Expires: -1
2021-04-29 14:08:14 DEBUG headers:265 - << x-ms-failure-cause: Trigger
2021-04-29 14:08:14 DEBUG headers:265 - << x-ms-workflow-run-id: 08585819213835018405149335288CU01
2021-04-29 14:08:14 DEBUG headers:265 - << x-ms-correlation-id: a0f32142-bc08-47d8-94f5-e0de35e94647
2021-04-29 14:08:14 DEBUG headers:265 - << x-ms-client-tracking-id: 08585819213835018405149335288CU01
2021-04-29 14:08:14 DEBUG headers:265 - << x-ms-trigger-history-name: 08585819213835018405149335288CU01
2021-04-29 14:08:14 DEBUG headers:265 - << x-ms-execution-location: eastus
2021-04-29 14:08:14 DEBUG headers:265 - << x-ms-workflow-system-id: /locations/eastus/scaleunits/prod-03/workflows/21a2c519adea46fa8226d9348badd1c9
2021-04-29 14:08:14 DEBUG headers:265 - << x-ms-workflow-id: 21a2c519adea46fa8226d9348badd1c9
2021-04-29 14:08:14 DEBUG headers:265 - << x-ms-workflow-version: 08585825003350923326
2021-04-29 14:08:14 DEBUG headers:265 - << x-ms-workflow-name: sbd-SBD.CORP.JOURNEY-CAA-Inbound-APIMReceive-useast-dev-la
2021-04-29 14:08:14 DEBUG headers:265 - << x-ms-tracking-id: a0f32142-bc08-47d8-94f5-e0de35e94647
2021-04-29 14:08:14 DEBUG headers:265 - << x-ms-request-id: eastus:a0f32142-bc08-47d8-94f5-e0de35e94647
2021-04-29 14:08:14 DEBUG headers:265 - << Strict-Transport-Security: max-age=31536000; includeSubDomains
2021-04-29 14:08:14 DEBUG headers:265 - << Date: Thu, 29 Apr 2021 08:38:24 GMT
2021-04-29 14:08:14 DEBUG headers:265 - << Content-Length: 163
2021-04-29 14:08:14 DEBUG DefaultHttpClient:509 - Connection can be kept alive indefinitely
2021-04-29 14:08:14 DEBUG RequestSpecificationImpl$RestAssuredHttpBuilder:545 - Parsing response as: application/json; charset=utf-8
2021-04-29 14:08:14 DEBUG RequestSpecificationImpl$RestAssuredHttpBuilder:548 - Parsed data to instance of: class org.apache.http.conn.EofSensorInputStream
2021-04-29 14:08:14 DEBUG RestCalls:47 - io.restassured.internal.RequestSpecificationImpl@1d3888b2
2021-04-29 14:08:14 INFO  TestUtils:17 - *** Get String Body****
2021-04-29 14:08:14 DEBUG wire:87 -  << "{"error":{"code":"NoResponse","message":"The server did not receive a response from an upstream server. Request tracking id '08585819213835018405149335288CU01'."}}"
2021-04-29 14:08:14 DEBUG BasicClientConnectionManager:200 - Releasing connection org.apache.http.impl.conn.ManagedClientConnectionImpl@40ab19aa
2021-04-29 14:08:14 DEBUG BasicClientConnectionManager:225 - Connection can be kept alive indefinitely
2021-04-29 14:08:14 INFO  TestUtils:33 - ********JsonPath Response for Post*****
2021-04-29 14:08:14 INFO  InboundTesting:329 - ***** End C11_Sundry Test Cases ************
2021-04-29 14:08:14 INFO  TestUtils:48 - **** Getting response Code*******
]]></system-out>
  </testcase>
  <testcase name="C11_Sundry" classname="Inbound_Testing.InboundTesting" time="0">
    <skipped message="expected [200] but found [502]"/>
    <system-out><![CDATA[2021-04-29 14:08:14 INFO  payLoadsConvertor:16 - Inside payloads fn:
2021-04-29 14:08:14 INFO  InboundTesting:322 - **** Test Cases : Post Method *****
2021-04-29 14:08:14 INFO  URL:51 - PetStore URL Endpoint: https://d-api.sbdinc.com/corpjourneycaa/v1/Inbound/post
2021-04-29 14:08:14 INFO  RestCalls:43 - Post Request Call-
2021-04-29 14:08:14 DEBUG BasicClientConnectionManager:161 - Get connection for route {s}->https://d-api.sbdinc.com:443
2021-04-29 14:08:14 DEBUG DefaultClientConnectionOperator:177 - Connecting to d-api.sbdinc.com:443
2021-04-29 14:08:15 DEBUG RequestAddCookies:123 - CookieSpec selected: ignoreCookies
2021-04-29 14:08:15 DEBUG RequestAuthCache:77 - Auth cache not set in the context
2021-04-29 14:08:15 DEBUG RequestTargetAuthentication:80 - Target auth state: UNCHALLENGED
2021-04-29 14:08:15 DEBUG RequestProxyAuthentication:89 - Proxy auth state: UNCHALLENGED
2021-04-29 14:08:15 DEBUG DefaultHttpClient:682 - Attempt 1 to execute request
2021-04-29 14:08:15 DEBUG DefaultClientConnection:274 - Sending request: POST /corpjourneycaa/v1/Inbound/post?Agora-Subscription-Key=48dfe6a704414f4c9f61b37a6b983fd7 HTTP/1.1
2021-04-29 14:08:15 DEBUG wire:73 -  >> "POST /corpjourneycaa/v1/Inbound/post?Agora-Subscription-Key=48dfe6a704414f4c9f61b37a6b983fd7 HTTP/1.1[\r][\n]"
2021-04-29 14:08:15 DEBUG wire:73 -  >> "Accept: */*[\r][\n]"
2021-04-29 14:08:15 DEBUG wire:73 -  >> "Content-Type: application/json; charset=UTF-8[\r][\n]"
2021-04-29 14:08:15 DEBUG wire:73 -  >> "Content-Length: 0[\r][\n]"
2021-04-29 14:08:15 DEBUG wire:73 -  >> "Host: d-api.sbdinc.com[\r][\n]"
2021-04-29 14:08:15 DEBUG wire:73 -  >> "Connection: Keep-Alive[\r][\n]"
2021-04-29 14:08:15 DEBUG wire:73 -  >> "User-Agent: Apache-HttpClient/4.5.3 (Java/1.8.0_191)[\r][\n]"
2021-04-29 14:08:15 DEBUG wire:73 -  >> "Accept-Encoding: gzip,deflate[\r][\n]"
2021-04-29 14:08:15 DEBUG wire:73 -  >> "[\r][\n]"
2021-04-29 14:08:15 DEBUG headers:278 - >> POST /corpjourneycaa/v1/Inbound/post?Agora-Subscription-Key=48dfe6a704414f4c9f61b37a6b983fd7 HTTP/1.1
2021-04-29 14:08:15 DEBUG headers:281 - >> Accept: */*
2021-04-29 14:08:15 DEBUG headers:281 - >> Content-Type: application/json; charset=UTF-8
2021-04-29 14:08:15 DEBUG headers:281 - >> Content-Length: 0
2021-04-29 14:08:15 DEBUG headers:281 - >> Host: d-api.sbdinc.com
2021-04-29 14:08:15 DEBUG headers:281 - >> Connection: Keep-Alive
2021-04-29 14:08:15 DEBUG headers:281 - >> User-Agent: Apache-HttpClient/4.5.3 (Java/1.8.0_191)
2021-04-29 14:08:15 DEBUG headers:281 - >> Accept-Encoding: gzip,deflate
2021-04-29 14:08:17 DEBUG wire:73 -  << "HTTP/1.1 502 Bad Gateway[\r][\n]"
2021-04-29 14:08:17 DEBUG wire:73 -  << "Cache-Control: no-cache[\r][\n]"
2021-04-29 14:08:17 DEBUG wire:73 -  << "Pragma: no-cache[\r][\n]"
2021-04-29 14:08:17 DEBUG wire:73 -  << "Content-Type: application/json; charset=utf-8[\r][\n]"
2021-04-29 14:08:17 DEBUG wire:73 -  << "Expires: -1[\r][\n]"
2021-04-29 14:08:17 DEBUG wire:73 -  << "x-ms-failure-cause: Trigger[\r][\n]"
2021-04-29 14:08:17 DEBUG wire:73 -  << "x-ms-workflow-run-id: 08585819213801641042879513531CU00[\r][\n]"
2021-04-29 14:08:17 DEBUG wire:73 -  << "x-ms-correlation-id: 988ba697-b9c1-4cb4-9e1f-8dac1e4b74c9[\r][\n]"
2021-04-29 14:08:17 DEBUG wire:73 -  << "x-ms-client-tracking-id: 08585819213801641042879513531CU00[\r][\n]"
2021-04-29 14:08:17 DEBUG wire:73 -  << "x-ms-trigger-history-name: 08585819213801641042879513531CU00[\r][\n]"
2021-04-29 14:08:17 DEBUG wire:73 -  << "x-ms-execution-location: eastus[\r][\n]"
2021-04-29 14:08:17 DEBUG wire:73 -  << "x-ms-workflow-system-id: /locations/eastus/scaleunits/prod-03/workflows/21a2c519adea46fa8226d9348badd1c9[\r][\n]"
2021-04-29 14:08:17 DEBUG wire:73 -  << "x-ms-workflow-id: 21a2c519adea46fa8226d9348badd1c9[\r][\n]"
2021-04-29 14:08:17 DEBUG wire:73 -  << "x-ms-workflow-version: 08585825003350923326[\r][\n]"
2021-04-29 14:08:17 DEBUG wire:73 -  << "x-ms-workflow-name: sbd-SBD.CORP.JOURNEY-CAA-Inbound-APIMReceive-useast-dev-la[\r][\n]"
2021-04-29 14:08:17 DEBUG wire:73 -  << "x-ms-tracking-id: 988ba697-b9c1-4cb4-9e1f-8dac1e4b74c9[\r][\n]"
2021-04-29 14:08:17 DEBUG wire:73 -  << "x-ms-request-id: eastus:988ba697-b9c1-4cb4-9e1f-8dac1e4b74c9[\r][\n]"
2021-04-29 14:08:17 DEBUG wire:73 -  << "Strict-Transport-Security: max-age=31536000; includeSubDomains[\r][\n]"
2021-04-29 14:08:17 DEBUG wire:73 -  << "Date: Thu, 29 Apr 2021 08:38:26 GMT[\r][\n]"
2021-04-29 14:08:17 DEBUG wire:73 -  << "Content-Length: 163[\r][\n]"
2021-04-29 14:08:17 DEBUG wire:73 -  << "[\r][\n]"
2021-04-29 14:08:17 DEBUG DefaultClientConnection:259 - Receiving response: HTTP/1.1 502 Bad Gateway
2021-04-29 14:08:17 DEBUG headers:262 - << HTTP/1.1 502 Bad Gateway
2021-04-29 14:08:17 DEBUG headers:265 - << Cache-Control: no-cache
2021-04-29 14:08:17 DEBUG headers:265 - << Pragma: no-cache
2021-04-29 14:08:17 DEBUG headers:265 - << Content-Type: application/json; charset=utf-8
2021-04-29 14:08:17 DEBUG headers:265 - << Expires: -1
2021-04-29 14:08:17 DEBUG headers:265 - << x-ms-failure-cause: Trigger
2021-04-29 14:08:17 DEBUG headers:265 - << x-ms-workflow-run-id: 08585819213801641042879513531CU00
2021-04-29 14:08:17 DEBUG headers:265 - << x-ms-correlation-id: 988ba697-b9c1-4cb4-9e1f-8dac1e4b74c9
2021-04-29 14:08:17 DEBUG headers:265 - << x-ms-client-tracking-id: 08585819213801641042879513531CU00
2021-04-29 14:08:17 DEBUG headers:265 - << x-ms-trigger-history-name: 08585819213801641042879513531CU00
2021-04-29 14:08:17 DEBUG headers:265 - << x-ms-execution-location: eastus
2021-04-29 14:08:17 DEBUG headers:265 - << x-ms-workflow-system-id: /locations/eastus/scaleunits/prod-03/workflows/21a2c519adea46fa8226d9348badd1c9
2021-04-29 14:08:17 DEBUG headers:265 - << x-ms-workflow-id: 21a2c519adea46fa8226d9348badd1c9
2021-04-29 14:08:17 DEBUG headers:265 - << x-ms-workflow-version: 08585825003350923326
2021-04-29 14:08:17 DEBUG headers:265 - << x-ms-workflow-name: sbd-SBD.CORP.JOURNEY-CAA-Inbound-APIMReceive-useast-dev-la
2021-04-29 14:08:17 DEBUG headers:265 - << x-ms-tracking-id: 988ba697-b9c1-4cb4-9e1f-8dac1e4b74c9
2021-04-29 14:08:17 DEBUG headers:265 - << x-ms-request-id: eastus:988ba697-b9c1-4cb4-9e1f-8dac1e4b74c9
2021-04-29 14:08:17 DEBUG headers:265 - << Strict-Transport-Security: max-age=31536000; includeSubDomains
2021-04-29 14:08:17 DEBUG headers:265 - << Date: Thu, 29 Apr 2021 08:38:26 GMT
2021-04-29 14:08:17 DEBUG headers:265 - << Content-Length: 163
2021-04-29 14:08:17 DEBUG DefaultHttpClient:509 - Connection can be kept alive indefinitely
2021-04-29 14:08:17 DEBUG RequestSpecificationImpl$RestAssuredHttpBuilder:545 - Parsing response as: application/json; charset=utf-8
2021-04-29 14:08:17 DEBUG RequestSpecificationImpl$RestAssuredHttpBuilder:548 - Parsed data to instance of: class org.apache.http.conn.EofSensorInputStream
2021-04-29 14:08:17 DEBUG RestCalls:47 - io.restassured.internal.RequestSpecificationImpl@7dfc0589
2021-04-29 14:08:17 INFO  TestUtils:17 - *** Get String Body****
2021-04-29 14:08:17 DEBUG wire:87 -  << "{"error":{"code":"NoResponse","message":"The server did not receive a response from an upstream server. Request tracking id '08585819213801641042879513531CU00'."}}"
2021-04-29 14:08:17 DEBUG BasicClientConnectionManager:200 - Releasing connection org.apache.http.impl.conn.ManagedClientConnectionImpl@4d3da8e4
2021-04-29 14:08:17 DEBUG BasicClientConnectionManager:225 - Connection can be kept alive indefinitely
2021-04-29 14:08:17 INFO  TestUtils:33 - ********JsonPath Response for Post*****
2021-04-29 14:08:17 INFO  InboundTesting:329 - ***** End C11_Sundry Test Cases ************
2021-04-29 14:08:17 INFO  TestUtils:48 - **** Getting response Code*******
]]></system-out>
  </testcase>
  <testcase name="C11_Sundry" classname="Inbound_Testing.InboundTesting" time="4.083">
    <failure message="expected [200] but found [502]" type="java.lang.AssertionError">java.lang.AssertionError: expected [200] but found [502]
	at Inbound_Testing.InboundTesting.C11_Sundry(InboundTesting.java:330)
</failure>
    <system-out><![CDATA[2021-04-29 14:08:17 INFO  payLoadsConvertor:16 - Inside payloads fn:
2021-04-29 14:08:17 INFO  InboundTesting:322 - **** Test Cases : Post Method *****
2021-04-29 14:08:17 INFO  URL:51 - PetStore URL Endpoint: https://d-api.sbdinc.com/corpjourneycaa/v1/Inbound/post
2021-04-29 14:08:17 INFO  RestCalls:43 - Post Request Call-
2021-04-29 14:08:17 DEBUG BasicClientConnectionManager:161 - Get connection for route {s}->https://d-api.sbdinc.com:443
2021-04-29 14:08:17 DEBUG DefaultClientConnectionOperator:177 - Connecting to d-api.sbdinc.com:443
2021-04-29 14:08:18 DEBUG RequestAddCookies:123 - CookieSpec selected: ignoreCookies
2021-04-29 14:08:18 DEBUG RequestAuthCache:77 - Auth cache not set in the context
2021-04-29 14:08:18 DEBUG RequestTargetAuthentication:80 - Target auth state: UNCHALLENGED
2021-04-29 14:08:18 DEBUG RequestProxyAuthentication:89 - Proxy auth state: UNCHALLENGED
2021-04-29 14:08:18 DEBUG DefaultHttpClient:682 - Attempt 1 to execute request
2021-04-29 14:08:18 DEBUG DefaultClientConnection:274 - Sending request: POST /corpjourneycaa/v1/Inbound/post?Agora-Subscription-Key=48dfe6a704414f4c9f61b37a6b983fd7 HTTP/1.1
2021-04-29 14:08:18 DEBUG wire:73 -  >> "POST /corpjourneycaa/v1/Inbound/post?Agora-Subscription-Key=48dfe6a704414f4c9f61b37a6b983fd7 HTTP/1.1[\r][\n]"
2021-04-29 14:08:18 DEBUG wire:73 -  >> "Accept: */*[\r][\n]"
2021-04-29 14:08:18 DEBUG wire:73 -  >> "Content-Type: application/json; charset=UTF-8[\r][\n]"
2021-04-29 14:08:18 DEBUG wire:73 -  >> "Content-Length: 0[\r][\n]"
2021-04-29 14:08:18 DEBUG wire:73 -  >> "Host: d-api.sbdinc.com[\r][\n]"
2021-04-29 14:08:18 DEBUG wire:73 -  >> "Connection: Keep-Alive[\r][\n]"
2021-04-29 14:08:18 DEBUG wire:73 -  >> "User-Agent: Apache-HttpClient/4.5.3 (Java/1.8.0_191)[\r][\n]"
2021-04-29 14:08:18 DEBUG wire:73 -  >> "Accept-Encoding: gzip,deflate[\r][\n]"
2021-04-29 14:08:18 DEBUG wire:73 -  >> "[\r][\n]"
2021-04-29 14:08:18 DEBUG headers:278 - >> POST /corpjourneycaa/v1/Inbound/post?Agora-Subscription-Key=48dfe6a704414f4c9f61b37a6b983fd7 HTTP/1.1
2021-04-29 14:08:18 DEBUG headers:281 - >> Accept: */*
2021-04-29 14:08:18 DEBUG headers:281 - >> Content-Type: application/json; charset=UTF-8
2021-04-29 14:08:18 DEBUG headers:281 - >> Content-Length: 0
2021-04-29 14:08:18 DEBUG headers:281 - >> Host: d-api.sbdinc.com
2021-04-29 14:08:18 DEBUG headers:281 - >> Connection: Keep-Alive
2021-04-29 14:08:18 DEBUG headers:281 - >> User-Agent: Apache-HttpClient/4.5.3 (Java/1.8.0_191)
2021-04-29 14:08:18 DEBUG headers:281 - >> Accept-Encoding: gzip,deflate
2021-04-29 14:08:21 DEBUG wire:73 -  << "HTTP/1.1 502 Bad Gateway[\r][\n]"
2021-04-29 14:08:21 DEBUG wire:73 -  << "Cache-Control: no-cache[\r][\n]"
2021-04-29 14:08:21 DEBUG wire:73 -  << "Pragma: no-cache[\r][\n]"
2021-04-29 14:08:21 DEBUG wire:73 -  << "Content-Type: application/json; charset=utf-8[\r][\n]"
2021-04-29 14:08:21 DEBUG wire:73 -  << "Expires: -1[\r][\n]"
2021-04-29 14:08:21 DEBUG wire:73 -  << "x-ms-failure-cause: Trigger[\r][\n]"
2021-04-29 14:08:21 DEBUG wire:73 -  << "x-ms-workflow-run-id: 08585819213766363373372787360CU00[\r][\n]"
2021-04-29 14:08:21 DEBUG wire:73 -  << "x-ms-correlation-id: ab261ce8-0780-47dd-898a-36ea330638d0[\r][\n]"
2021-04-29 14:08:21 DEBUG wire:73 -  << "x-ms-client-tracking-id: 08585819213766363373372787360CU00[\r][\n]"
2021-04-29 14:08:21 DEBUG wire:73 -  << "x-ms-trigger-history-name: 08585819213766363373372787360CU00[\r][\n]"
2021-04-29 14:08:21 DEBUG wire:73 -  << "x-ms-execution-location: eastus[\r][\n]"
2021-04-29 14:08:21 DEBUG wire:73 -  << "x-ms-workflow-system-id: /locations/eastus/scaleunits/prod-03/workflows/21a2c519adea46fa8226d9348badd1c9[\r][\n]"
2021-04-29 14:08:21 DEBUG wire:73 -  << "x-ms-workflow-id: 21a2c519adea46fa8226d9348badd1c9[\r][\n]"
2021-04-29 14:08:21 DEBUG wire:73 -  << "x-ms-workflow-version: 08585825003350923326[\r][\n]"
2021-04-29 14:08:21 DEBUG wire:73 -  << "x-ms-workflow-name: sbd-SBD.CORP.JOURNEY-CAA-Inbound-APIMReceive-useast-dev-la[\r][\n]"
2021-04-29 14:08:21 DEBUG wire:73 -  << "x-ms-tracking-id: ab261ce8-0780-47dd-898a-36ea330638d0[\r][\n]"
2021-04-29 14:08:21 DEBUG wire:73 -  << "x-ms-request-id: eastus:ab261ce8-0780-47dd-898a-36ea330638d0[\r][\n]"
2021-04-29 14:08:21 DEBUG wire:73 -  << "Strict-Transport-Security: max-age=31536000; includeSubDomains[\r][\n]"
2021-04-29 14:08:21 DEBUG wire:73 -  << "Date: Thu, 29 Apr 2021 08:38:30 GMT[\r][\n]"
2021-04-29 14:08:21 DEBUG wire:73 -  << "Content-Length: 163[\r][\n]"
2021-04-29 14:08:21 DEBUG wire:73 -  << "[\r][\n]"
2021-04-29 14:08:21 DEBUG DefaultClientConnection:259 - Receiving response: HTTP/1.1 502 Bad Gateway
2021-04-29 14:08:21 DEBUG headers:262 - << HTTP/1.1 502 Bad Gateway
2021-04-29 14:08:21 DEBUG headers:265 - << Cache-Control: no-cache
2021-04-29 14:08:21 DEBUG headers:265 - << Pragma: no-cache
2021-04-29 14:08:21 DEBUG headers:265 - << Content-Type: application/json; charset=utf-8
2021-04-29 14:08:21 DEBUG headers:265 - << Expires: -1
2021-04-29 14:08:21 DEBUG headers:265 - << x-ms-failure-cause: Trigger
2021-04-29 14:08:21 DEBUG headers:265 - << x-ms-workflow-run-id: 08585819213766363373372787360CU00
2021-04-29 14:08:21 DEBUG headers:265 - << x-ms-correlation-id: ab261ce8-0780-47dd-898a-36ea330638d0
2021-04-29 14:08:21 DEBUG headers:265 - << x-ms-client-tracking-id: 08585819213766363373372787360CU00
2021-04-29 14:08:21 DEBUG headers:265 - << x-ms-trigger-history-name: 08585819213766363373372787360CU00
2021-04-29 14:08:21 DEBUG headers:265 - << x-ms-execution-location: eastus
2021-04-29 14:08:21 DEBUG headers:265 - << x-ms-workflow-system-id: /locations/eastus/scaleunits/prod-03/workflows/21a2c519adea46fa8226d9348badd1c9
2021-04-29 14:08:21 DEBUG headers:265 - << x-ms-workflow-id: 21a2c519adea46fa8226d9348badd1c9
2021-04-29 14:08:21 DEBUG headers:265 - << x-ms-workflow-version: 08585825003350923326
2021-04-29 14:08:21 DEBUG headers:265 - << x-ms-workflow-name: sbd-SBD.CORP.JOURNEY-CAA-Inbound-APIMReceive-useast-dev-la
2021-04-29 14:08:21 DEBUG headers:265 - << x-ms-tracking-id: ab261ce8-0780-47dd-898a-36ea330638d0
2021-04-29 14:08:21 DEBUG headers:265 - << x-ms-request-id: eastus:ab261ce8-0780-47dd-898a-36ea330638d0
2021-04-29 14:08:21 DEBUG headers:265 - << Strict-Transport-Security: max-age=31536000; includeSubDomains
2021-04-29 14:08:21 DEBUG headers:265 - << Date: Thu, 29 Apr 2021 08:38:30 GMT
2021-04-29 14:08:21 DEBUG headers:265 - << Content-Length: 163
2021-04-29 14:08:21 DEBUG DefaultHttpClient:509 - Connection can be kept alive indefinitely
2021-04-29 14:08:21 DEBUG RequestSpecificationImpl$RestAssuredHttpBuilder:545 - Parsing response as: application/json; charset=utf-8
2021-04-29 14:08:21 DEBUG RequestSpecificationImpl$RestAssuredHttpBuilder:548 - Parsed data to instance of: class org.apache.http.conn.EofSensorInputStream
2021-04-29 14:08:21 DEBUG RestCalls:47 - io.restassured.internal.RequestSpecificationImpl@434a67ac
2021-04-29 14:08:21 INFO  TestUtils:17 - *** Get String Body****
2021-04-29 14:08:21 DEBUG wire:87 -  << "{"error":{"code":"NoResponse","message":"The server did not receive a response from an upstream server. Request tracking id '08585819213766363373372787360CU00'."}}"
2021-04-29 14:08:21 DEBUG BasicClientConnectionManager:200 - Releasing connection org.apache.http.impl.conn.ManagedClientConnectionImpl@537289c3
2021-04-29 14:08:21 DEBUG BasicClientConnectionManager:225 - Connection can be kept alive indefinitely
2021-04-29 14:08:21 INFO  TestUtils:33 - ********JsonPath Response for Post*****
2021-04-29 14:08:21 INFO  InboundTesting:329 - ***** End C11_Sundry Test Cases ************
2021-04-29 14:08:21 INFO  TestUtils:48 - **** Getting response Code*******
]]></system-out>
  </testcase>
  <testcase name="C11_Writeoff" classname="Inbound_Testing.InboundTesting" time="0">
    <skipped message="expected [200] but found [502]"/>
    <system-out><![CDATA[2021-04-29 14:08:21 INFO  payLoadsConvertor:16 - Inside payloads fn:
2021-04-29 14:08:21 INFO  InboundTesting:341 - **** Test Cases : Post Method *****
2021-04-29 14:08:21 INFO  URL:51 - PetStore URL Endpoint: https://d-api.sbdinc.com/corpjourneycaa/v1/Inbound/post
2021-04-29 14:08:21 INFO  RestCalls:43 - Post Request Call-
2021-04-29 14:08:21 DEBUG BasicClientConnectionManager:161 - Get connection for route {s}->https://d-api.sbdinc.com:443
2021-04-29 14:08:21 DEBUG DefaultClientConnectionOperator:177 - Connecting to d-api.sbdinc.com:443
2021-04-29 14:08:22 DEBUG RequestAddCookies:123 - CookieSpec selected: ignoreCookies
2021-04-29 14:08:22 DEBUG RequestAuthCache:77 - Auth cache not set in the context
2021-04-29 14:08:22 DEBUG RequestTargetAuthentication:80 - Target auth state: UNCHALLENGED
2021-04-29 14:08:22 DEBUG RequestProxyAuthentication:89 - Proxy auth state: UNCHALLENGED
2021-04-29 14:08:22 DEBUG DefaultHttpClient:682 - Attempt 1 to execute request
2021-04-29 14:08:22 DEBUG DefaultClientConnection:274 - Sending request: POST /corpjourneycaa/v1/Inbound/post?Agora-Subscription-Key=48dfe6a704414f4c9f61b37a6b983fd7 HTTP/1.1
2021-04-29 14:08:22 DEBUG wire:73 -  >> "POST /corpjourneycaa/v1/Inbound/post?Agora-Subscription-Key=48dfe6a704414f4c9f61b37a6b983fd7 HTTP/1.1[\r][\n]"
2021-04-29 14:08:22 DEBUG wire:73 -  >> "Accept: */*[\r][\n]"
2021-04-29 14:08:22 DEBUG wire:73 -  >> "Content-Type: application/json; charset=UTF-8[\r][\n]"
2021-04-29 14:08:22 DEBUG wire:73 -  >> "Content-Length: 0[\r][\n]"
2021-04-29 14:08:22 DEBUG wire:73 -  >> "Host: d-api.sbdinc.com[\r][\n]"
2021-04-29 14:08:22 DEBUG wire:73 -  >> "Connection: Keep-Alive[\r][\n]"
2021-04-29 14:08:22 DEBUG wire:73 -  >> "User-Agent: Apache-HttpClient/4.5.3 (Java/1.8.0_191)[\r][\n]"
2021-04-29 14:08:22 DEBUG wire:73 -  >> "Accept-Encoding: gzip,deflate[\r][\n]"
2021-04-29 14:08:22 DEBUG wire:73 -  >> "[\r][\n]"
2021-04-29 14:08:22 DEBUG headers:278 - >> POST /corpjourneycaa/v1/Inbound/post?Agora-Subscription-Key=48dfe6a704414f4c9f61b37a6b983fd7 HTTP/1.1
2021-04-29 14:08:22 DEBUG headers:281 - >> Accept: */*
2021-04-29 14:08:22 DEBUG headers:281 - >> Content-Type: application/json; charset=UTF-8
2021-04-29 14:08:22 DEBUG headers:281 - >> Content-Length: 0
2021-04-29 14:08:22 DEBUG headers:281 - >> Host: d-api.sbdinc.com
2021-04-29 14:08:22 DEBUG headers:281 - >> Connection: Keep-Alive
2021-04-29 14:08:22 DEBUG headers:281 - >> User-Agent: Apache-HttpClient/4.5.3 (Java/1.8.0_191)
2021-04-29 14:08:22 DEBUG headers:281 - >> Accept-Encoding: gzip,deflate
2021-04-29 14:08:24 DEBUG wire:73 -  << "HTTP/1.1 502 Bad Gateway[\r][\n]"
2021-04-29 14:08:24 DEBUG wire:73 -  << "Cache-Control: no-cache[\r][\n]"
2021-04-29 14:08:24 DEBUG wire:73 -  << "Pragma: no-cache[\r][\n]"
2021-04-29 14:08:24 DEBUG wire:73 -  << "Content-Type: application/json; charset=utf-8[\r][\n]"
2021-04-29 14:08:24 DEBUG wire:73 -  << "Expires: -1[\r][\n]"
2021-04-29 14:08:24 DEBUG wire:73 -  << "x-ms-failure-cause: Trigger[\r][\n]"
2021-04-29 14:08:24 DEBUG wire:73 -  << "x-ms-workflow-run-id: 08585819213732362740023404574CU01[\r][\n]"
2021-04-29 14:08:24 DEBUG wire:73 -  << "x-ms-correlation-id: 9dfb4737-155e-42a6-baa2-a807176a4aab[\r][\n]"
2021-04-29 14:08:24 DEBUG wire:73 -  << "x-ms-client-tracking-id: 08585819213732362740023404574CU01[\r][\n]"
2021-04-29 14:08:24 DEBUG wire:73 -  << "x-ms-trigger-history-name: 08585819213732362740023404574CU01[\r][\n]"
2021-04-29 14:08:24 DEBUG wire:73 -  << "x-ms-execution-location: eastus[\r][\n]"
2021-04-29 14:08:24 DEBUG wire:73 -  << "x-ms-workflow-system-id: /locations/eastus/scaleunits/prod-03/workflows/21a2c519adea46fa8226d9348badd1c9[\r][\n]"
2021-04-29 14:08:24 DEBUG wire:73 -  << "x-ms-workflow-id: 21a2c519adea46fa8226d9348badd1c9[\r][\n]"
2021-04-29 14:08:24 DEBUG wire:73 -  << "x-ms-workflow-version: 08585825003350923326[\r][\n]"
2021-04-29 14:08:24 DEBUG wire:73 -  << "x-ms-workflow-name: sbd-SBD.CORP.JOURNEY-CAA-Inbound-APIMReceive-useast-dev-la[\r][\n]"
2021-04-29 14:08:24 DEBUG wire:73 -  << "x-ms-tracking-id: 9dfb4737-155e-42a6-baa2-a807176a4aab[\r][\n]"
2021-04-29 14:08:24 DEBUG wire:73 -  << "x-ms-request-id: eastus:9dfb4737-155e-42a6-baa2-a807176a4aab[\r][\n]"
2021-04-29 14:08:24 DEBUG wire:73 -  << "Strict-Transport-Security: max-age=31536000; includeSubDomains[\r][\n]"
2021-04-29 14:08:24 DEBUG wire:73 -  << "Date: Thu, 29 Apr 2021 08:38:34 GMT[\r][\n]"
2021-04-29 14:08:24 DEBUG wire:73 -  << "Content-Length: 163[\r][\n]"
2021-04-29 14:08:24 DEBUG wire:73 -  << "[\r][\n]"
2021-04-29 14:08:24 DEBUG DefaultClientConnection:259 - Receiving response: HTTP/1.1 502 Bad Gateway
2021-04-29 14:08:24 DEBUG headers:262 - << HTTP/1.1 502 Bad Gateway
2021-04-29 14:08:24 DEBUG headers:265 - << Cache-Control: no-cache
2021-04-29 14:08:24 DEBUG headers:265 - << Pragma: no-cache
2021-04-29 14:08:24 DEBUG headers:265 - << Content-Type: application/json; charset=utf-8
2021-04-29 14:08:24 DEBUG headers:265 - << Expires: -1
2021-04-29 14:08:24 DEBUG headers:265 - << x-ms-failure-cause: Trigger
2021-04-29 14:08:24 DEBUG headers:265 - << x-ms-workflow-run-id: 08585819213732362740023404574CU01
2021-04-29 14:08:24 DEBUG headers:265 - << x-ms-correlation-id: 9dfb4737-155e-42a6-baa2-a807176a4aab
2021-04-29 14:08:24 DEBUG headers:265 - << x-ms-client-tracking-id: 08585819213732362740023404574CU01
2021-04-29 14:08:24 DEBUG headers:265 - << x-ms-trigger-history-name: 08585819213732362740023404574CU01
2021-04-29 14:08:24 DEBUG headers:265 - << x-ms-execution-location: eastus
2021-04-29 14:08:24 DEBUG headers:265 - << x-ms-workflow-system-id: /locations/eastus/scaleunits/prod-03/workflows/21a2c519adea46fa8226d9348badd1c9
2021-04-29 14:08:24 DEBUG headers:265 - << x-ms-workflow-id: 21a2c519adea46fa8226d9348badd1c9
2021-04-29 14:08:24 DEBUG headers:265 - << x-ms-workflow-version: 08585825003350923326
2021-04-29 14:08:24 DEBUG headers:265 - << x-ms-workflow-name: sbd-SBD.CORP.JOURNEY-CAA-Inbound-APIMReceive-useast-dev-la
2021-04-29 14:08:24 DEBUG headers:265 - << x-ms-tracking-id: 9dfb4737-155e-42a6-baa2-a807176a4aab
2021-04-29 14:08:24 DEBUG headers:265 - << x-ms-request-id: eastus:9dfb4737-155e-42a6-baa2-a807176a4aab
2021-04-29 14:08:24 DEBUG headers:265 - << Strict-Transport-Security: max-age=31536000; includeSubDomains
2021-04-29 14:08:24 DEBUG headers:265 - << Date: Thu, 29 Apr 2021 08:38:34 GMT
2021-04-29 14:08:24 DEBUG headers:265 - << Content-Length: 163
2021-04-29 14:08:24 DEBUG DefaultHttpClient:509 - Connection can be kept alive indefinitely
2021-04-29 14:08:24 DEBUG RequestSpecificationImpl$RestAssuredHttpBuilder:545 - Parsing response as: application/json; charset=utf-8
2021-04-29 14:08:24 DEBUG RequestSpecificationImpl$RestAssuredHttpBuilder:548 - Parsed data to instance of: class org.apache.http.conn.EofSensorInputStream
2021-04-29 14:08:24 DEBUG RestCalls:47 - io.restassured.internal.RequestSpecificationImpl@53a9493
2021-04-29 14:08:24 INFO  TestUtils:17 - *** Get String Body****
2021-04-29 14:08:24 DEBUG wire:87 -  << "{"error":{"code":"NoResponse","message":"The server did not receive a response from an upstream server. Request tracking id '08585819213732362740023404574CU01'."}}"
2021-04-29 14:08:24 DEBUG BasicClientConnectionManager:200 - Releasing connection org.apache.http.impl.conn.ManagedClientConnectionImpl@c09ecb2
2021-04-29 14:08:24 DEBUG BasicClientConnectionManager:225 - Connection can be kept alive indefinitely
2021-04-29 14:08:24 INFO  TestUtils:33 - ********JsonPath Response for Post*****
2021-04-29 14:08:24 INFO  InboundTesting:348 - ***** End C11_Writeoff Test Cases ************
2021-04-29 14:08:24 INFO  TestUtils:48 - **** Getting response Code*******
]]></system-out>
  </testcase>
  <testcase name="C11_Writeoff" classname="Inbound_Testing.InboundTesting" time="0">
    <skipped message="expected [200] but found [502]"/>
    <system-out><![CDATA[2021-04-29 14:08:24 INFO  payLoadsConvertor:16 - Inside payloads fn:
2021-04-29 14:08:24 INFO  InboundTesting:341 - **** Test Cases : Post Method *****
2021-04-29 14:08:24 INFO  URL:51 - PetStore URL Endpoint: https://d-api.sbdinc.com/corpjourneycaa/v1/Inbound/post
2021-04-29 14:08:24 INFO  RestCalls:43 - Post Request Call-
2021-04-29 14:08:24 DEBUG BasicClientConnectionManager:161 - Get connection for route {s}->https://d-api.sbdinc.com:443
2021-04-29 14:08:24 DEBUG DefaultClientConnectionOperator:177 - Connecting to d-api.sbdinc.com:443
2021-04-29 14:08:25 DEBUG RequestAddCookies:123 - CookieSpec selected: ignoreCookies
2021-04-29 14:08:25 DEBUG RequestAuthCache:77 - Auth cache not set in the context
2021-04-29 14:08:25 DEBUG RequestTargetAuthentication:80 - Target auth state: UNCHALLENGED
2021-04-29 14:08:25 DEBUG RequestProxyAuthentication:89 - Proxy auth state: UNCHALLENGED
2021-04-29 14:08:25 DEBUG DefaultHttpClient:682 - Attempt 1 to execute request
2021-04-29 14:08:25 DEBUG DefaultClientConnection:274 - Sending request: POST /corpjourneycaa/v1/Inbound/post?Agora-Subscription-Key=48dfe6a704414f4c9f61b37a6b983fd7 HTTP/1.1
2021-04-29 14:08:25 DEBUG wire:73 -  >> "POST /corpjourneycaa/v1/Inbound/post?Agora-Subscription-Key=48dfe6a704414f4c9f61b37a6b983fd7 HTTP/1.1[\r][\n]"
2021-04-29 14:08:25 DEBUG wire:73 -  >> "Accept: */*[\r][\n]"
2021-04-29 14:08:25 DEBUG wire:73 -  >> "Content-Type: application/json; charset=UTF-8[\r][\n]"
2021-04-29 14:08:25 DEBUG wire:73 -  >> "Content-Length: 0[\r][\n]"
2021-04-29 14:08:25 DEBUG wire:73 -  >> "Host: d-api.sbdinc.com[\r][\n]"
2021-04-29 14:08:25 DEBUG wire:73 -  >> "Connection: Keep-Alive[\r][\n]"
2021-04-29 14:08:25 DEBUG wire:73 -  >> "User-Agent: Apache-HttpClient/4.5.3 (Java/1.8.0_191)[\r][\n]"
2021-04-29 14:08:25 DEBUG wire:73 -  >> "Accept-Encoding: gzip,deflate[\r][\n]"
2021-04-29 14:08:25 DEBUG wire:73 -  >> "[\r][\n]"
2021-04-29 14:08:25 DEBUG headers:278 - >> POST /corpjourneycaa/v1/Inbound/post?Agora-Subscription-Key=48dfe6a704414f4c9f61b37a6b983fd7 HTTP/1.1
2021-04-29 14:08:25 DEBUG headers:281 - >> Accept: */*
2021-04-29 14:08:25 DEBUG headers:281 - >> Content-Type: application/json; charset=UTF-8
2021-04-29 14:08:25 DEBUG headers:281 - >> Content-Length: 0
2021-04-29 14:08:25 DEBUG headers:281 - >> Host: d-api.sbdinc.com
2021-04-29 14:08:25 DEBUG headers:281 - >> Connection: Keep-Alive
2021-04-29 14:08:25 DEBUG headers:281 - >> User-Agent: Apache-HttpClient/4.5.3 (Java/1.8.0_191)
2021-04-29 14:08:25 DEBUG headers:281 - >> Accept-Encoding: gzip,deflate
2021-04-29 14:08:26 DEBUG wire:73 -  << "HTTP/1.1 502 Bad Gateway[\r][\n]"
2021-04-29 14:08:26 DEBUG wire:73 -  << "Cache-Control: no-cache[\r][\n]"
2021-04-29 14:08:26 DEBUG wire:73 -  << "Pragma: no-cache[\r][\n]"
2021-04-29 14:08:26 DEBUG wire:73 -  << "Content-Type: application/json; charset=utf-8[\r][\n]"
2021-04-29 14:08:26 DEBUG wire:73 -  << "Expires: -1[\r][\n]"
2021-04-29 14:08:26 DEBUG wire:73 -  << "x-ms-failure-cause: Trigger[\r][\n]"
2021-04-29 14:08:26 DEBUG wire:73 -  << "x-ms-workflow-run-id: 08585819213699635495468359820CU03[\r][\n]"
2021-04-29 14:08:26 DEBUG wire:73 -  << "x-ms-correlation-id: fb7664a7-624f-4593-a1d7-dfe7d8e6d19f[\r][\n]"
2021-04-29 14:08:26 DEBUG wire:73 -  << "x-ms-client-tracking-id: 08585819213699635495468359820CU03[\r][\n]"
2021-04-29 14:08:26 DEBUG wire:73 -  << "x-ms-trigger-history-name: 08585819213699635495468359820CU03[\r][\n]"
2021-04-29 14:08:26 DEBUG wire:73 -  << "x-ms-execution-location: eastus[\r][\n]"
2021-04-29 14:08:26 DEBUG wire:73 -  << "x-ms-workflow-system-id: /locations/eastus/scaleunits/prod-03/workflows/21a2c519adea46fa8226d9348badd1c9[\r][\n]"
2021-04-29 14:08:26 DEBUG wire:73 -  << "x-ms-workflow-id: 21a2c519adea46fa8226d9348badd1c9[\r][\n]"
2021-04-29 14:08:26 DEBUG wire:73 -  << "x-ms-workflow-version: 08585825003350923326[\r][\n]"
2021-04-29 14:08:26 DEBUG wire:73 -  << "x-ms-workflow-name: sbd-SBD.CORP.JOURNEY-CAA-Inbound-APIMReceive-useast-dev-la[\r][\n]"
2021-04-29 14:08:26 DEBUG wire:73 -  << "x-ms-tracking-id: fb7664a7-624f-4593-a1d7-dfe7d8e6d19f[\r][\n]"
2021-04-29 14:08:26 DEBUG wire:73 -  << "x-ms-request-id: eastus:fb7664a7-624f-4593-a1d7-dfe7d8e6d19f[\r][\n]"
2021-04-29 14:08:26 DEBUG wire:73 -  << "Strict-Transport-Security: max-age=31536000; includeSubDomains[\r][\n]"
2021-04-29 14:08:26 DEBUG wire:73 -  << "Date: Thu, 29 Apr 2021 08:38:36 GMT[\r][\n]"
2021-04-29 14:08:26 DEBUG wire:73 -  << "Content-Length: 163[\r][\n]"
2021-04-29 14:08:26 DEBUG wire:73 -  << "[\r][\n]"
2021-04-29 14:08:26 DEBUG DefaultClientConnection:259 - Receiving response: HTTP/1.1 502 Bad Gateway
2021-04-29 14:08:26 DEBUG headers:262 - << HTTP/1.1 502 Bad Gateway
2021-04-29 14:08:26 DEBUG headers:265 - << Cache-Control: no-cache
2021-04-29 14:08:26 DEBUG headers:265 - << Pragma: no-cache
2021-04-29 14:08:26 DEBUG headers:265 - << Content-Type: application/json; charset=utf-8
2021-04-29 14:08:26 DEBUG headers:265 - << Expires: -1
2021-04-29 14:08:26 DEBUG headers:265 - << x-ms-failure-cause: Trigger
2021-04-29 14:08:26 DEBUG headers:265 - << x-ms-workflow-run-id: 08585819213699635495468359820CU03
2021-04-29 14:08:26 DEBUG headers:265 - << x-ms-correlation-id: fb7664a7-624f-4593-a1d7-dfe7d8e6d19f
2021-04-29 14:08:26 DEBUG headers:265 - << x-ms-client-tracking-id: 08585819213699635495468359820CU03
2021-04-29 14:08:26 DEBUG headers:265 - << x-ms-trigger-history-name: 08585819213699635495468359820CU03
2021-04-29 14:08:26 DEBUG headers:265 - << x-ms-execution-location: eastus
2021-04-29 14:08:26 DEBUG headers:265 - << x-ms-workflow-system-id: /locations/eastus/scaleunits/prod-03/workflows/21a2c519adea46fa8226d9348badd1c9
2021-04-29 14:08:26 DEBUG headers:265 - << x-ms-workflow-id: 21a2c519adea46fa8226d9348badd1c9
2021-04-29 14:08:26 DEBUG headers:265 - << x-ms-workflow-version: 08585825003350923326
2021-04-29 14:08:26 DEBUG headers:265 - << x-ms-workflow-name: sbd-SBD.CORP.JOURNEY-CAA-Inbound-APIMReceive-useast-dev-la
2021-04-29 14:08:26 DEBUG headers:265 - << x-ms-tracking-id: fb7664a7-624f-4593-a1d7-dfe7d8e6d19f
2021-04-29 14:08:26 DEBUG headers:265 - << x-ms-request-id: eastus:fb7664a7-624f-4593-a1d7-dfe7d8e6d19f
2021-04-29 14:08:26 DEBUG headers:265 - << Strict-Transport-Security: max-age=31536000; includeSubDomains
2021-04-29 14:08:26 DEBUG headers:265 - << Date: Thu, 29 Apr 2021 08:38:36 GMT
2021-04-29 14:08:26 DEBUG headers:265 - << Content-Length: 163
2021-04-29 14:08:26 DEBUG DefaultHttpClient:509 - Connection can be kept alive indefinitely
2021-04-29 14:08:26 DEBUG RequestSpecificationImpl$RestAssuredHttpBuilder:545 - Parsing response as: application/json; charset=utf-8
2021-04-29 14:08:26 DEBUG RequestSpecificationImpl$RestAssuredHttpBuilder:548 - Parsed data to instance of: class org.apache.http.conn.EofSensorInputStream
2021-04-29 14:08:26 DEBUG RestCalls:47 - io.restassured.internal.RequestSpecificationImpl@44285a6
2021-04-29 14:08:26 INFO  TestUtils:17 - *** Get String Body****
2021-04-29 14:08:26 DEBUG wire:87 -  << "{"error":{"code":"NoResponse","message":"The server did not receive a response from an upstream server. Request tracking id '08585819213699635495468359820CU03'."}}"
2021-04-29 14:08:26 DEBUG BasicClientConnectionManager:200 - Releasing connection org.apache.http.impl.conn.ManagedClientConnectionImpl@17be8f9d
2021-04-29 14:08:26 DEBUG BasicClientConnectionManager:225 - Connection can be kept alive indefinitely
2021-04-29 14:08:26 INFO  TestUtils:33 - ********JsonPath Response for Post*****
2021-04-29 14:08:26 INFO  InboundTesting:348 - ***** End C11_Writeoff Test Cases ************
2021-04-29 14:08:26 INFO  TestUtils:48 - **** Getting response Code*******
]]></system-out>
  </testcase>
  <testcase name="C11_Writeoff" classname="Inbound_Testing.InboundTesting" time="0">
    <skipped message="expected [200] but found [502]"/>
    <system-out><![CDATA[2021-04-29 14:08:26 INFO  payLoadsConvertor:16 - Inside payloads fn:
2021-04-29 14:08:26 INFO  InboundTesting:341 - **** Test Cases : Post Method *****
2021-04-29 14:08:26 INFO  URL:51 - PetStore URL Endpoint: https://d-api.sbdinc.com/corpjourneycaa/v1/Inbound/post
2021-04-29 14:08:26 INFO  RestCalls:43 - Post Request Call-
2021-04-29 14:08:26 DEBUG BasicClientConnectionManager:161 - Get connection for route {s}->https://d-api.sbdinc.com:443
2021-04-29 14:08:26 DEBUG DefaultClientConnectionOperator:177 - Connecting to d-api.sbdinc.com:443
2021-04-29 14:08:27 DEBUG RequestAddCookies:123 - CookieSpec selected: ignoreCookies
2021-04-29 14:08:27 DEBUG RequestAuthCache:77 - Auth cache not set in the context
2021-04-29 14:08:27 DEBUG RequestTargetAuthentication:80 - Target auth state: UNCHALLENGED
2021-04-29 14:08:27 DEBUG RequestProxyAuthentication:89 - Proxy auth state: UNCHALLENGED
2021-04-29 14:08:27 DEBUG DefaultHttpClient:682 - Attempt 1 to execute request
2021-04-29 14:08:27 DEBUG DefaultClientConnection:274 - Sending request: POST /corpjourneycaa/v1/Inbound/post?Agora-Subscription-Key=48dfe6a704414f4c9f61b37a6b983fd7 HTTP/1.1
2021-04-29 14:08:27 DEBUG wire:73 -  >> "POST /corpjourneycaa/v1/Inbound/post?Agora-Subscription-Key=48dfe6a704414f4c9f61b37a6b983fd7 HTTP/1.1[\r][\n]"
2021-04-29 14:08:27 DEBUG wire:73 -  >> "Accept: */*[\r][\n]"
2021-04-29 14:08:27 DEBUG wire:73 -  >> "Content-Type: application/json; charset=UTF-8[\r][\n]"
2021-04-29 14:08:27 DEBUG wire:73 -  >> "Content-Length: 0[\r][\n]"
2021-04-29 14:08:27 DEBUG wire:73 -  >> "Host: d-api.sbdinc.com[\r][\n]"
2021-04-29 14:08:27 DEBUG wire:73 -  >> "Connection: Keep-Alive[\r][\n]"
2021-04-29 14:08:27 DEBUG wire:73 -  >> "User-Agent: Apache-HttpClient/4.5.3 (Java/1.8.0_191)[\r][\n]"
2021-04-29 14:08:27 DEBUG wire:73 -  >> "Accept-Encoding: gzip,deflate[\r][\n]"
2021-04-29 14:08:27 DEBUG wire:73 -  >> "[\r][\n]"
2021-04-29 14:08:27 DEBUG headers:278 - >> POST /corpjourneycaa/v1/Inbound/post?Agora-Subscription-Key=48dfe6a704414f4c9f61b37a6b983fd7 HTTP/1.1
2021-04-29 14:08:27 DEBUG headers:281 - >> Accept: */*
2021-04-29 14:08:27 DEBUG headers:281 - >> Content-Type: application/json; charset=UTF-8
2021-04-29 14:08:27 DEBUG headers:281 - >> Content-Length: 0
2021-04-29 14:08:27 DEBUG headers:281 - >> Host: d-api.sbdinc.com
2021-04-29 14:08:27 DEBUG headers:281 - >> Connection: Keep-Alive
2021-04-29 14:08:27 DEBUG headers:281 - >> User-Agent: Apache-HttpClient/4.5.3 (Java/1.8.0_191)
2021-04-29 14:08:27 DEBUG headers:281 - >> Accept-Encoding: gzip,deflate
2021-04-29 14:08:30 DEBUG wire:73 -  << "HTTP/1.1 502 Bad Gateway[\r][\n]"
2021-04-29 14:08:30 DEBUG wire:73 -  << "Cache-Control: no-cache[\r][\n]"
2021-04-29 14:08:30 DEBUG wire:73 -  << "Pragma: no-cache[\r][\n]"
2021-04-29 14:08:30 DEBUG wire:73 -  << "Content-Type: application/json; charset=utf-8[\r][\n]"
2021-04-29 14:08:30 DEBUG wire:73 -  << "Expires: -1[\r][\n]"
2021-04-29 14:08:30 DEBUG wire:73 -  << "x-ms-failure-cause: Trigger[\r][\n]"
2021-04-29 14:08:30 DEBUG wire:73 -  << "x-ms-workflow-run-id: 08585819213676554118576221149CU02[\r][\n]"
2021-04-29 14:08:30 DEBUG wire:73 -  << "x-ms-correlation-id: 4a37e633-2e0b-41b0-9c6d-90fe107fbe2e[\r][\n]"
2021-04-29 14:08:30 DEBUG wire:73 -  << "x-ms-client-tracking-id: 08585819213676554118576221149CU02[\r][\n]"
2021-04-29 14:08:30 DEBUG wire:73 -  << "x-ms-trigger-history-name: 08585819213676554118576221149CU02[\r][\n]"
2021-04-29 14:08:30 DEBUG wire:73 -  << "x-ms-execution-location: eastus[\r][\n]"
2021-04-29 14:08:30 DEBUG wire:73 -  << "x-ms-workflow-system-id: /locations/eastus/scaleunits/prod-03/workflows/21a2c519adea46fa8226d9348badd1c9[\r][\n]"
2021-04-29 14:08:30 DEBUG wire:73 -  << "x-ms-workflow-id: 21a2c519adea46fa8226d9348badd1c9[\r][\n]"
2021-04-29 14:08:30 DEBUG wire:73 -  << "x-ms-workflow-version: 08585825003350923326[\r][\n]"
2021-04-29 14:08:30 DEBUG wire:73 -  << "x-ms-workflow-name: sbd-SBD.CORP.JOURNEY-CAA-Inbound-APIMReceive-useast-dev-la[\r][\n]"
2021-04-29 14:08:30 DEBUG wire:73 -  << "x-ms-tracking-id: 4a37e633-2e0b-41b0-9c6d-90fe107fbe2e[\r][\n]"
2021-04-29 14:08:30 DEBUG wire:73 -  << "x-ms-request-id: eastus:4a37e633-2e0b-41b0-9c6d-90fe107fbe2e[\r][\n]"
2021-04-29 14:08:30 DEBUG wire:73 -  << "Strict-Transport-Security: max-age=31536000; includeSubDomains[\r][\n]"
2021-04-29 14:08:30 DEBUG wire:73 -  << "Date: Thu, 29 Apr 2021 08:38:39 GMT[\r][\n]"
2021-04-29 14:08:30 DEBUG wire:73 -  << "Content-Length: 163[\r][\n]"
2021-04-29 14:08:30 DEBUG wire:73 -  << "[\r][\n]"
2021-04-29 14:08:30 DEBUG DefaultClientConnection:259 - Receiving response: HTTP/1.1 502 Bad Gateway
2021-04-29 14:08:30 DEBUG headers:262 - << HTTP/1.1 502 Bad Gateway
2021-04-29 14:08:30 DEBUG headers:265 - << Cache-Control: no-cache
2021-04-29 14:08:30 DEBUG headers:265 - << Pragma: no-cache
2021-04-29 14:08:30 DEBUG headers:265 - << Content-Type: application/json; charset=utf-8
2021-04-29 14:08:30 DEBUG headers:265 - << Expires: -1
2021-04-29 14:08:30 DEBUG headers:265 - << x-ms-failure-cause: Trigger
2021-04-29 14:08:30 DEBUG headers:265 - << x-ms-workflow-run-id: 08585819213676554118576221149CU02
2021-04-29 14:08:30 DEBUG headers:265 - << x-ms-correlation-id: 4a37e633-2e0b-41b0-9c6d-90fe107fbe2e
2021-04-29 14:08:30 DEBUG headers:265 - << x-ms-client-tracking-id: 08585819213676554118576221149CU02
2021-04-29 14:08:30 DEBUG headers:265 - << x-ms-trigger-history-name: 08585819213676554118576221149CU02
2021-04-29 14:08:30 DEBUG headers:265 - << x-ms-execution-location: eastus
2021-04-29 14:08:30 DEBUG headers:265 - << x-ms-workflow-system-id: /locations/eastus/scaleunits/prod-03/workflows/21a2c519adea46fa8226d9348badd1c9
2021-04-29 14:08:30 DEBUG headers:265 - << x-ms-workflow-id: 21a2c519adea46fa8226d9348badd1c9
2021-04-29 14:08:30 DEBUG headers:265 - << x-ms-workflow-version: 08585825003350923326
2021-04-29 14:08:30 DEBUG headers:265 - << x-ms-workflow-name: sbd-SBD.CORP.JOURNEY-CAA-Inbound-APIMReceive-useast-dev-la
2021-04-29 14:08:30 DEBUG headers:265 - << x-ms-tracking-id: 4a37e633-2e0b-41b0-9c6d-90fe107fbe2e
2021-04-29 14:08:30 DEBUG headers:265 - << x-ms-request-id: eastus:4a37e633-2e0b-41b0-9c6d-90fe107fbe2e
2021-04-29 14:08:30 DEBUG headers:265 - << Strict-Transport-Security: max-age=31536000; includeSubDomains
2021-04-29 14:08:30 DEBUG headers:265 - << Date: Thu, 29 Apr 2021 08:38:39 GMT
2021-04-29 14:08:30 DEBUG headers:265 - << Content-Length: 163
2021-04-29 14:08:30 DEBUG DefaultHttpClient:509 - Connection can be kept alive indefinitely
2021-04-29 14:08:30 DEBUG RequestSpecificationImpl$RestAssuredHttpBuilder:545 - Parsing response as: application/json; charset=utf-8
2021-04-29 14:08:30 DEBUG RequestSpecificationImpl$RestAssuredHttpBuilder:548 - Parsed data to instance of: class org.apache.http.conn.EofSensorInputStream
2021-04-29 14:08:30 DEBUG RestCalls:47 - io.restassured.internal.RequestSpecificationImpl@36ce1836
2021-04-29 14:08:30 INFO  TestUtils:17 - *** Get String Body****
2021-04-29 14:08:30 DEBUG wire:87 -  << "{"error":{"code":"NoResponse","message":"The server did not receive a response from an upstream server. Request tracking id '08585819213676554118576221149CU02'."}}"
2021-04-29 14:08:30 DEBUG BasicClientConnectionManager:200 - Releasing connection org.apache.http.impl.conn.ManagedClientConnectionImpl@7b3a2404
2021-04-29 14:08:30 DEBUG BasicClientConnectionManager:225 - Connection can be kept alive indefinitely
2021-04-29 14:08:30 INFO  TestUtils:33 - ********JsonPath Response for Post*****
2021-04-29 14:08:30 INFO  InboundTesting:348 - ***** End C11_Writeoff Test Cases ************
2021-04-29 14:08:30 INFO  TestUtils:48 - **** Getting response Code*******
]]></system-out>
  </testcase>
  <testcase name="C11_Writeoff" classname="Inbound_Testing.InboundTesting" time="4.47">
    <failure message="expected [200] but found [502]" type="java.lang.AssertionError">java.lang.AssertionError: expected [200] but found [502]
	at Inbound_Testing.InboundTesting.C11_Writeoff(InboundTesting.java:349)
</failure>
    <system-out><![CDATA[2021-04-29 14:08:30 INFO  payLoadsConvertor:16 - Inside payloads fn:
2021-04-29 14:08:30 INFO  InboundTesting:341 - **** Test Cases : Post Method *****
2021-04-29 14:08:30 INFO  URL:51 - PetStore URL Endpoint: https://d-api.sbdinc.com/corpjourneycaa/v1/Inbound/post
2021-04-29 14:08:30 INFO  RestCalls:43 - Post Request Call-
2021-04-29 14:08:30 DEBUG BasicClientConnectionManager:161 - Get connection for route {s}->https://d-api.sbdinc.com:443
2021-04-29 14:08:30 DEBUG DefaultClientConnectionOperator:177 - Connecting to d-api.sbdinc.com:443
2021-04-29 14:08:32 DEBUG RequestAddCookies:123 - CookieSpec selected: ignoreCookies
2021-04-29 14:08:32 DEBUG RequestAuthCache:77 - Auth cache not set in the context
2021-04-29 14:08:32 DEBUG RequestTargetAuthentication:80 - Target auth state: UNCHALLENGED
2021-04-29 14:08:32 DEBUG RequestProxyAuthentication:89 - Proxy auth state: UNCHALLENGED
2021-04-29 14:08:32 DEBUG DefaultHttpClient:682 - Attempt 1 to execute request
2021-04-29 14:08:32 DEBUG DefaultClientConnection:274 - Sending request: POST /corpjourneycaa/v1/Inbound/post?Agora-Subscription-Key=48dfe6a704414f4c9f61b37a6b983fd7 HTTP/1.1
2021-04-29 14:08:32 DEBUG wire:73 -  >> "POST /corpjourneycaa/v1/Inbound/post?Agora-Subscription-Key=48dfe6a704414f4c9f61b37a6b983fd7 HTTP/1.1[\r][\n]"
2021-04-29 14:08:32 DEBUG wire:73 -  >> "Accept: */*[\r][\n]"
2021-04-29 14:08:32 DEBUG wire:73 -  >> "Content-Type: application/json; charset=UTF-8[\r][\n]"
2021-04-29 14:08:32 DEBUG wire:73 -  >> "Content-Length: 0[\r][\n]"
2021-04-29 14:08:32 DEBUG wire:73 -  >> "Host: d-api.sbdinc.com[\r][\n]"
2021-04-29 14:08:32 DEBUG wire:73 -  >> "Connection: Keep-Alive[\r][\n]"
2021-04-29 14:08:32 DEBUG wire:73 -  >> "User-Agent: Apache-HttpClient/4.5.3 (Java/1.8.0_191)[\r][\n]"
2021-04-29 14:08:32 DEBUG wire:73 -  >> "Accept-Encoding: gzip,deflate[\r][\n]"
2021-04-29 14:08:32 DEBUG wire:73 -  >> "[\r][\n]"
2021-04-29 14:08:32 DEBUG headers:278 - >> POST /corpjourneycaa/v1/Inbound/post?Agora-Subscription-Key=48dfe6a704414f4c9f61b37a6b983fd7 HTTP/1.1
2021-04-29 14:08:32 DEBUG headers:281 - >> Accept: */*
2021-04-29 14:08:32 DEBUG headers:281 - >> Content-Type: application/json; charset=UTF-8
2021-04-29 14:08:32 DEBUG headers:281 - >> Content-Length: 0
2021-04-29 14:08:32 DEBUG headers:281 - >> Host: d-api.sbdinc.com
2021-04-29 14:08:32 DEBUG headers:281 - >> Connection: Keep-Alive
2021-04-29 14:08:32 DEBUG headers:281 - >> User-Agent: Apache-HttpClient/4.5.3 (Java/1.8.0_191)
2021-04-29 14:08:32 DEBUG headers:281 - >> Accept-Encoding: gzip,deflate
2021-04-29 14:08:35 DEBUG wire:73 -  << "HTTP/1.1 502 Bad Gateway[\r][\n]"
2021-04-29 14:08:35 DEBUG wire:73 -  << "Cache-Control: no-cache[\r][\n]"
2021-04-29 14:08:35 DEBUG wire:73 -  << "Pragma: no-cache[\r][\n]"
2021-04-29 14:08:35 DEBUG wire:73 -  << "Content-Type: application/json; charset=utf-8[\r][\n]"
2021-04-29 14:08:35 DEBUG wire:73 -  << "Expires: -1[\r][\n]"
2021-04-29 14:08:35 DEBUG wire:73 -  << "x-ms-failure-cause: Trigger[\r][\n]"
2021-04-29 14:08:35 DEBUG wire:73 -  << "x-ms-workflow-run-id: 08585819213626900806126946932CU00[\r][\n]"
2021-04-29 14:08:35 DEBUG wire:73 -  << "x-ms-correlation-id: 37da0f4f-6322-4a60-ac12-85944747d5e5[\r][\n]"
2021-04-29 14:08:35 DEBUG wire:73 -  << "x-ms-client-tracking-id: 08585819213626900806126946932CU00[\r][\n]"
2021-04-29 14:08:35 DEBUG wire:73 -  << "x-ms-trigger-history-name: 08585819213626900806126946932CU00[\r][\n]"
2021-04-29 14:08:35 DEBUG wire:73 -  << "x-ms-execution-location: eastus[\r][\n]"
2021-04-29 14:08:35 DEBUG wire:73 -  << "x-ms-workflow-system-id: /locations/eastus/scaleunits/prod-03/workflows/21a2c519adea46fa8226d9348badd1c9[\r][\n]"
2021-04-29 14:08:35 DEBUG wire:73 -  << "x-ms-workflow-id: 21a2c519adea46fa8226d9348badd1c9[\r][\n]"
2021-04-29 14:08:35 DEBUG wire:73 -  << "x-ms-workflow-version: 08585825003350923326[\r][\n]"
2021-04-29 14:08:35 DEBUG wire:73 -  << "x-ms-workflow-name: sbd-SBD.CORP.JOURNEY-CAA-Inbound-APIMReceive-useast-dev-la[\r][\n]"
2021-04-29 14:08:35 DEBUG wire:73 -  << "x-ms-tracking-id: 37da0f4f-6322-4a60-ac12-85944747d5e5[\r][\n]"
2021-04-29 14:08:35 DEBUG wire:73 -  << "x-ms-request-id: eastus:37da0f4f-6322-4a60-ac12-85944747d5e5[\r][\n]"
2021-04-29 14:08:35 DEBUG wire:73 -  << "Strict-Transport-Security: max-age=31536000; includeSubDomains[\r][\n]"
2021-04-29 14:08:35 DEBUG wire:73 -  << "Date: Thu, 29 Apr 2021 08:38:44 GMT[\r][\n]"
2021-04-29 14:08:35 DEBUG wire:73 -  << "Content-Length: 163[\r][\n]"
2021-04-29 14:08:35 DEBUG wire:73 -  << "[\r][\n]"
2021-04-29 14:08:35 DEBUG DefaultClientConnection:259 - Receiving response: HTTP/1.1 502 Bad Gateway
2021-04-29 14:08:35 DEBUG headers:262 - << HTTP/1.1 502 Bad Gateway
2021-04-29 14:08:35 DEBUG headers:265 - << Cache-Control: no-cache
2021-04-29 14:08:35 DEBUG headers:265 - << Pragma: no-cache
2021-04-29 14:08:35 DEBUG headers:265 - << Content-Type: application/json; charset=utf-8
2021-04-29 14:08:35 DEBUG headers:265 - << Expires: -1
2021-04-29 14:08:35 DEBUG headers:265 - << x-ms-failure-cause: Trigger
2021-04-29 14:08:35 DEBUG headers:265 - << x-ms-workflow-run-id: 08585819213626900806126946932CU00
2021-04-29 14:08:35 DEBUG headers:265 - << x-ms-correlation-id: 37da0f4f-6322-4a60-ac12-85944747d5e5
2021-04-29 14:08:35 DEBUG headers:265 - << x-ms-client-tracking-id: 08585819213626900806126946932CU00
2021-04-29 14:08:35 DEBUG headers:265 - << x-ms-trigger-history-name: 08585819213626900806126946932CU00
2021-04-29 14:08:35 DEBUG headers:265 - << x-ms-execution-location: eastus
2021-04-29 14:08:35 DEBUG headers:265 - << x-ms-workflow-system-id: /locations/eastus/scaleunits/prod-03/workflows/21a2c519adea46fa8226d9348badd1c9
2021-04-29 14:08:35 DEBUG headers:265 - << x-ms-workflow-id: 21a2c519adea46fa8226d9348badd1c9
2021-04-29 14:08:35 DEBUG headers:265 - << x-ms-workflow-version: 08585825003350923326
2021-04-29 14:08:35 DEBUG headers:265 - << x-ms-workflow-name: sbd-SBD.CORP.JOURNEY-CAA-Inbound-APIMReceive-useast-dev-la
2021-04-29 14:08:35 DEBUG headers:265 - << x-ms-tracking-id: 37da0f4f-6322-4a60-ac12-85944747d5e5
2021-04-29 14:08:35 DEBUG headers:265 - << x-ms-request-id: eastus:37da0f4f-6322-4a60-ac12-85944747d5e5
2021-04-29 14:08:35 DEBUG headers:265 - << Strict-Transport-Security: max-age=31536000; includeSubDomains
2021-04-29 14:08:35 DEBUG headers:265 - << Date: Thu, 29 Apr 2021 08:38:44 GMT
2021-04-29 14:08:35 DEBUG headers:265 - << Content-Length: 163
2021-04-29 14:08:35 DEBUG DefaultHttpClient:509 - Connection can be kept alive indefinitely
2021-04-29 14:08:35 DEBUG RequestSpecificationImpl$RestAssuredHttpBuilder:545 - Parsing response as: application/json; charset=utf-8
2021-04-29 14:08:35 DEBUG RequestSpecificationImpl$RestAssuredHttpBuilder:548 - Parsed data to instance of: class org.apache.http.conn.EofSensorInputStream
2021-04-29 14:08:35 DEBUG RestCalls:47 - io.restassured.internal.RequestSpecificationImpl@11d243b8
2021-04-29 14:08:35 INFO  TestUtils:17 - *** Get String Body****
2021-04-29 14:08:35 DEBUG wire:87 -  << "{"error":{"code":"NoResponse","message":"The server did not receive a response from an upstream server. Request tracking id '08585819213626900806126946932CU00'."}}"
2021-04-29 14:08:35 DEBUG BasicClientConnectionManager:200 - Releasing connection org.apache.http.impl.conn.ManagedClientConnectionImpl@45782296
2021-04-29 14:08:35 DEBUG BasicClientConnectionManager:225 - Connection can be kept alive indefinitely
2021-04-29 14:08:35 INFO  TestUtils:33 - ********JsonPath Response for Post*****
2021-04-29 14:08:35 INFO  InboundTesting:348 - ***** End C11_Writeoff Test Cases ************
2021-04-29 14:08:35 INFO  TestUtils:48 - **** Getting response Code*******
]]></system-out>
  </testcase>
  <testcase name="P10_BankFee" classname="Inbound_Testing.InboundTesting" time="3.521"/>
  <testcase name="P10_Deduction" classname="Inbound_Testing.InboundTesting" time="3.9"/>
  <testcase name="P10_Discount" classname="Inbound_Testing.InboundTesting" time="4.223"/>
  <testcase name="P10_OnAccount" classname="Inbound_Testing.InboundTesting" time="0">
    <skipped message="expected [200] but found [502]"/>
    <system-out><![CDATA[2021-04-29 14:08:46 INFO  payLoadsConvertor:16 - Inside payloads fn:
2021-04-29 14:08:46 INFO  InboundTesting:122 - **** Test Cases : Post Method *****
2021-04-29 14:08:46 INFO  URL:51 - PetStore URL Endpoint: https://d-api.sbdinc.com/corpjourneycaa/v1/Inbound/post
2021-04-29 14:08:46 INFO  RestCalls:43 - Post Request Call-
2021-04-29 14:08:46 DEBUG BasicClientConnectionManager:161 - Get connection for route {s}->https://d-api.sbdinc.com:443
2021-04-29 14:08:46 DEBUG DefaultClientConnectionOperator:177 - Connecting to d-api.sbdinc.com:443
2021-04-29 14:08:47 DEBUG RequestAddCookies:123 - CookieSpec selected: ignoreCookies
2021-04-29 14:08:47 DEBUG RequestAuthCache:77 - Auth cache not set in the context
2021-04-29 14:08:47 DEBUG RequestTargetAuthentication:80 - Target auth state: UNCHALLENGED
2021-04-29 14:08:47 DEBUG RequestProxyAuthentication:89 - Proxy auth state: UNCHALLENGED
2021-04-29 14:08:47 DEBUG DefaultHttpClient:682 - Attempt 1 to execute request
2021-04-29 14:08:47 DEBUG DefaultClientConnection:274 - Sending request: POST /corpjourneycaa/v1/Inbound/post?Agora-Subscription-Key=48dfe6a704414f4c9f61b37a6b983fd7 HTTP/1.1
2021-04-29 14:08:47 DEBUG wire:73 -  >> "POST /corpjourneycaa/v1/Inbound/post?Agora-Subscription-Key=48dfe6a704414f4c9f61b37a6b983fd7 HTTP/1.1[\r][\n]"
2021-04-29 14:08:47 DEBUG wire:73 -  >> "Accept: */*[\r][\n]"
2021-04-29 14:08:47 DEBUG wire:73 -  >> "Content-Type: application/json; charset=UTF-8[\r][\n]"
2021-04-29 14:08:47 DEBUG wire:73 -  >> "Content-Length: 0[\r][\n]"
2021-04-29 14:08:47 DEBUG wire:73 -  >> "Host: d-api.sbdinc.com[\r][\n]"
2021-04-29 14:08:47 DEBUG wire:73 -  >> "Connection: Keep-Alive[\r][\n]"
2021-04-29 14:08:47 DEBUG wire:73 -  >> "User-Agent: Apache-HttpClient/4.5.3 (Java/1.8.0_191)[\r][\n]"
2021-04-29 14:08:47 DEBUG wire:73 -  >> "Accept-Encoding: gzip,deflate[\r][\n]"
2021-04-29 14:08:47 DEBUG wire:73 -  >> "[\r][\n]"
2021-04-29 14:08:47 DEBUG headers:278 - >> POST /corpjourneycaa/v1/Inbound/post?Agora-Subscription-Key=48dfe6a704414f4c9f61b37a6b983fd7 HTTP/1.1
2021-04-29 14:08:47 DEBUG headers:281 - >> Accept: */*
2021-04-29 14:08:47 DEBUG headers:281 - >> Content-Type: application/json; charset=UTF-8
2021-04-29 14:08:47 DEBUG headers:281 - >> Content-Length: 0
2021-04-29 14:08:47 DEBUG headers:281 - >> Host: d-api.sbdinc.com
2021-04-29 14:08:47 DEBUG headers:281 - >> Connection: Keep-Alive
2021-04-29 14:08:47 DEBUG headers:281 - >> User-Agent: Apache-HttpClient/4.5.3 (Java/1.8.0_191)
2021-04-29 14:08:47 DEBUG headers:281 - >> Accept-Encoding: gzip,deflate
2021-04-29 14:08:49 DEBUG wire:73 -  << "HTTP/1.1 502 Bad Gateway[\r][\n]"
2021-04-29 14:08:49 DEBUG wire:73 -  << "Cache-Control: no-cache[\r][\n]"
2021-04-29 14:08:49 DEBUG wire:73 -  << "Pragma: no-cache[\r][\n]"
2021-04-29 14:08:49 DEBUG wire:73 -  << "Content-Type: application/json; charset=utf-8[\r][\n]"
2021-04-29 14:08:49 DEBUG wire:73 -  << "Expires: -1[\r][\n]"
2021-04-29 14:08:49 DEBUG wire:73 -  << "x-ms-failure-cause: Trigger[\r][\n]"
2021-04-29 14:08:49 DEBUG wire:73 -  << "x-ms-workflow-run-id: 08585819213477274398370305244CU03[\r][\n]"
2021-04-29 14:08:49 DEBUG wire:73 -  << "x-ms-correlation-id: 37d07ef9-37e6-4093-bff0-5863d8ce8528[\r][\n]"
2021-04-29 14:08:49 DEBUG wire:73 -  << "x-ms-client-tracking-id: 08585819213477274398370305244CU03[\r][\n]"
2021-04-29 14:08:49 DEBUG wire:73 -  << "x-ms-trigger-history-name: 08585819213477274398370305244CU03[\r][\n]"
2021-04-29 14:08:49 DEBUG wire:73 -  << "x-ms-execution-location: eastus[\r][\n]"
2021-04-29 14:08:49 DEBUG wire:73 -  << "x-ms-workflow-system-id: /locations/eastus/scaleunits/prod-03/workflows/21a2c519adea46fa8226d9348badd1c9[\r][\n]"
2021-04-29 14:08:49 DEBUG wire:73 -  << "x-ms-workflow-id: 21a2c519adea46fa8226d9348badd1c9[\r][\n]"
2021-04-29 14:08:49 DEBUG wire:73 -  << "x-ms-workflow-version: 08585825003350923326[\r][\n]"
2021-04-29 14:08:49 DEBUG wire:73 -  << "x-ms-workflow-name: sbd-SBD.CORP.JOURNEY-CAA-Inbound-APIMReceive-useast-dev-la[\r][\n]"
2021-04-29 14:08:49 DEBUG wire:73 -  << "x-ms-tracking-id: 37d07ef9-37e6-4093-bff0-5863d8ce8528[\r][\n]"
2021-04-29 14:08:49 DEBUG wire:73 -  << "x-ms-request-id: eastus:37d07ef9-37e6-4093-bff0-5863d8ce8528[\r][\n]"
2021-04-29 14:08:49 DEBUG wire:73 -  << "Strict-Transport-Security: max-age=31536000; includeSubDomains[\r][\n]"
2021-04-29 14:08:49 DEBUG wire:73 -  << "Date: Thu, 29 Apr 2021 08:38:59 GMT[\r][\n]"
2021-04-29 14:08:49 DEBUG wire:73 -  << "Content-Length: 163[\r][\n]"
2021-04-29 14:08:49 DEBUG wire:73 -  << "[\r][\n]"
2021-04-29 14:08:49 DEBUG DefaultClientConnection:259 - Receiving response: HTTP/1.1 502 Bad Gateway
2021-04-29 14:08:49 DEBUG headers:262 - << HTTP/1.1 502 Bad Gateway
2021-04-29 14:08:49 DEBUG headers:265 - << Cache-Control: no-cache
2021-04-29 14:08:49 DEBUG headers:265 - << Pragma: no-cache
2021-04-29 14:08:49 DEBUG headers:265 - << Content-Type: application/json; charset=utf-8
2021-04-29 14:08:49 DEBUG headers:265 - << Expires: -1
2021-04-29 14:08:49 DEBUG headers:265 - << x-ms-failure-cause: Trigger
2021-04-29 14:08:49 DEBUG headers:265 - << x-ms-workflow-run-id: 08585819213477274398370305244CU03
2021-04-29 14:08:49 DEBUG headers:265 - << x-ms-correlation-id: 37d07ef9-37e6-4093-bff0-5863d8ce8528
2021-04-29 14:08:49 DEBUG headers:265 - << x-ms-client-tracking-id: 08585819213477274398370305244CU03
2021-04-29 14:08:49 DEBUG headers:265 - << x-ms-trigger-history-name: 08585819213477274398370305244CU03
2021-04-29 14:08:49 DEBUG headers:265 - << x-ms-execution-location: eastus
2021-04-29 14:08:49 DEBUG headers:265 - << x-ms-workflow-system-id: /locations/eastus/scaleunits/prod-03/workflows/21a2c519adea46fa8226d9348badd1c9
2021-04-29 14:08:49 DEBUG headers:265 - << x-ms-workflow-id: 21a2c519adea46fa8226d9348badd1c9
2021-04-29 14:08:49 DEBUG headers:265 - << x-ms-workflow-version: 08585825003350923326
2021-04-29 14:08:49 DEBUG headers:265 - << x-ms-workflow-name: sbd-SBD.CORP.JOURNEY-CAA-Inbound-APIMReceive-useast-dev-la
2021-04-29 14:08:49 DEBUG headers:265 - << x-ms-tracking-id: 37d07ef9-37e6-4093-bff0-5863d8ce8528
2021-04-29 14:08:49 DEBUG headers:265 - << x-ms-request-id: eastus:37d07ef9-37e6-4093-bff0-5863d8ce8528
2021-04-29 14:08:49 DEBUG headers:265 - << Strict-Transport-Security: max-age=31536000; includeSubDomains
2021-04-29 14:08:49 DEBUG headers:265 - << Date: Thu, 29 Apr 2021 08:38:59 GMT
2021-04-29 14:08:49 DEBUG headers:265 - << Content-Length: 163
2021-04-29 14:08:49 DEBUG DefaultHttpClient:509 - Connection can be kept alive indefinitely
2021-04-29 14:08:49 DEBUG RequestSpecificationImpl$RestAssuredHttpBuilder:545 - Parsing response as: application/json; charset=utf-8
2021-04-29 14:08:49 DEBUG RequestSpecificationImpl$RestAssuredHttpBuilder:548 - Parsed data to instance of: class org.apache.http.conn.EofSensorInputStream
2021-04-29 14:08:49 DEBUG RestCalls:47 - io.restassured.internal.RequestSpecificationImpl@67b7de72
2021-04-29 14:08:49 INFO  TestUtils:17 - *** Get String Body****
2021-04-29 14:08:49 DEBUG wire:87 -  << "{"error":{"code":"NoResponse","message":"The server did not receive a response from an upstream server. Request tracking id '08585819213477274398370305244CU03'."}}"
2021-04-29 14:08:49 DEBUG BasicClientConnectionManager:200 - Releasing connection org.apache.http.impl.conn.ManagedClientConnectionImpl@6b083feb
2021-04-29 14:08:49 DEBUG BasicClientConnectionManager:225 - Connection can be kept alive indefinitely
2021-04-29 14:08:49 INFO  TestUtils:33 - ********JsonPath Response for Post*****
2021-04-29 14:08:49 INFO  InboundTesting:129 - ***** End P10_OnAccount Test Cases ************
2021-04-29 14:08:49 INFO  TestUtils:48 - **** Getting response Code*******
]]></system-out>
  </testcase>
  <testcase name="P10_OnAccount" classname="Inbound_Testing.InboundTesting" time="0">
    <skipped message="expected [200] but found [502]"/>
    <system-out><![CDATA[2021-04-29 14:08:49 INFO  payLoadsConvertor:16 - Inside payloads fn:
2021-04-29 14:08:49 INFO  InboundTesting:122 - **** Test Cases : Post Method *****
2021-04-29 14:08:49 INFO  URL:51 - PetStore URL Endpoint: https://d-api.sbdinc.com/corpjourneycaa/v1/Inbound/post
2021-04-29 14:08:49 INFO  RestCalls:43 - Post Request Call-
2021-04-29 14:08:49 DEBUG BasicClientConnectionManager:161 - Get connection for route {s}->https://d-api.sbdinc.com:443
2021-04-29 14:08:49 DEBUG DefaultClientConnectionOperator:177 - Connecting to d-api.sbdinc.com:443
2021-04-29 14:08:50 DEBUG RequestAddCookies:123 - CookieSpec selected: ignoreCookies
2021-04-29 14:08:50 DEBUG RequestAuthCache:77 - Auth cache not set in the context
2021-04-29 14:08:50 DEBUG RequestTargetAuthentication:80 - Target auth state: UNCHALLENGED
2021-04-29 14:08:50 DEBUG RequestProxyAuthentication:89 - Proxy auth state: UNCHALLENGED
2021-04-29 14:08:50 DEBUG DefaultHttpClient:682 - Attempt 1 to execute request
2021-04-29 14:08:50 DEBUG DefaultClientConnection:274 - Sending request: POST /corpjourneycaa/v1/Inbound/post?Agora-Subscription-Key=48dfe6a704414f4c9f61b37a6b983fd7 HTTP/1.1
2021-04-29 14:08:50 DEBUG wire:73 -  >> "POST /corpjourneycaa/v1/Inbound/post?Agora-Subscription-Key=48dfe6a704414f4c9f61b37a6b983fd7 HTTP/1.1[\r][\n]"
2021-04-29 14:08:50 DEBUG wire:73 -  >> "Accept: */*[\r][\n]"
2021-04-29 14:08:50 DEBUG wire:73 -  >> "Content-Type: application/json; charset=UTF-8[\r][\n]"
2021-04-29 14:08:50 DEBUG wire:73 -  >> "Content-Length: 0[\r][\n]"
2021-04-29 14:08:50 DEBUG wire:73 -  >> "Host: d-api.sbdinc.com[\r][\n]"
2021-04-29 14:08:50 DEBUG wire:73 -  >> "Connection: Keep-Alive[\r][\n]"
2021-04-29 14:08:50 DEBUG wire:73 -  >> "User-Agent: Apache-HttpClient/4.5.3 (Java/1.8.0_191)[\r][\n]"
2021-04-29 14:08:50 DEBUG wire:73 -  >> "Accept-Encoding: gzip,deflate[\r][\n]"
2021-04-29 14:08:50 DEBUG wire:73 -  >> "[\r][\n]"
2021-04-29 14:08:50 DEBUG headers:278 - >> POST /corpjourneycaa/v1/Inbound/post?Agora-Subscription-Key=48dfe6a704414f4c9f61b37a6b983fd7 HTTP/1.1
2021-04-29 14:08:50 DEBUG headers:281 - >> Accept: */*
2021-04-29 14:08:50 DEBUG headers:281 - >> Content-Type: application/json; charset=UTF-8
2021-04-29 14:08:50 DEBUG headers:281 - >> Content-Length: 0
2021-04-29 14:08:50 DEBUG headers:281 - >> Host: d-api.sbdinc.com
2021-04-29 14:08:50 DEBUG headers:281 - >> Connection: Keep-Alive
2021-04-29 14:08:50 DEBUG headers:281 - >> User-Agent: Apache-HttpClient/4.5.3 (Java/1.8.0_191)
2021-04-29 14:08:50 DEBUG headers:281 - >> Accept-Encoding: gzip,deflate
2021-04-29 14:08:51 DEBUG wire:73 -  << "HTTP/1.1 502 Bad Gateway[\r][\n]"
2021-04-29 14:08:51 DEBUG wire:73 -  << "Cache-Control: no-cache[\r][\n]"
2021-04-29 14:08:51 DEBUG wire:73 -  << "Pragma: no-cache[\r][\n]"
2021-04-29 14:08:51 DEBUG wire:73 -  << "Content-Type: application/json; charset=utf-8[\r][\n]"
2021-04-29 14:08:51 DEBUG wire:73 -  << "Expires: -1[\r][\n]"
2021-04-29 14:08:51 DEBUG wire:73 -  << "x-ms-failure-cause: Trigger[\r][\n]"
2021-04-29 14:08:51 DEBUG wire:73 -  << "x-ms-workflow-run-id: 08585819213449400142302487125CU03[\r][\n]"
2021-04-29 14:08:51 DEBUG wire:73 -  << "x-ms-correlation-id: a1021a74-36ef-41dc-ad29-387fbf8834f7[\r][\n]"
2021-04-29 14:08:51 DEBUG wire:73 -  << "x-ms-client-tracking-id: 08585819213449400142302487125CU03[\r][\n]"
2021-04-29 14:08:51 DEBUG wire:73 -  << "x-ms-trigger-history-name: 08585819213449400142302487125CU03[\r][\n]"
2021-04-29 14:08:51 DEBUG wire:73 -  << "x-ms-execution-location: eastus[\r][\n]"
2021-04-29 14:08:51 DEBUG wire:73 -  << "x-ms-workflow-system-id: /locations/eastus/scaleunits/prod-03/workflows/21a2c519adea46fa8226d9348badd1c9[\r][\n]"
2021-04-29 14:08:51 DEBUG wire:73 -  << "x-ms-workflow-id: 21a2c519adea46fa8226d9348badd1c9[\r][\n]"
2021-04-29 14:08:51 DEBUG wire:73 -  << "x-ms-workflow-version: 08585825003350923326[\r][\n]"
2021-04-29 14:08:51 DEBUG wire:73 -  << "x-ms-workflow-name: sbd-SBD.CORP.JOURNEY-CAA-Inbound-APIMReceive-useast-dev-la[\r][\n]"
2021-04-29 14:08:51 DEBUG wire:73 -  << "x-ms-tracking-id: a1021a74-36ef-41dc-ad29-387fbf8834f7[\r][\n]"
2021-04-29 14:08:51 DEBUG wire:73 -  << "x-ms-request-id: eastus:a1021a74-36ef-41dc-ad29-387fbf8834f7[\r][\n]"
2021-04-29 14:08:51 DEBUG wire:73 -  << "Strict-Transport-Security: max-age=31536000; includeSubDomains[\r][\n]"
2021-04-29 14:08:51 DEBUG wire:73 -  << "Date: Thu, 29 Apr 2021 08:39:01 GMT[\r][\n]"
2021-04-29 14:08:51 DEBUG wire:73 -  << "Content-Length: 163[\r][\n]"
2021-04-29 14:08:51 DEBUG wire:73 -  << "[\r][\n]"
2021-04-29 14:08:51 DEBUG DefaultClientConnection:259 - Receiving response: HTTP/1.1 502 Bad Gateway
2021-04-29 14:08:51 DEBUG headers:262 - << HTTP/1.1 502 Bad Gateway
2021-04-29 14:08:51 DEBUG headers:265 - << Cache-Control: no-cache
2021-04-29 14:08:51 DEBUG headers:265 - << Pragma: no-cache
2021-04-29 14:08:51 DEBUG headers:265 - << Content-Type: application/json; charset=utf-8
2021-04-29 14:08:51 DEBUG headers:265 - << Expires: -1
2021-04-29 14:08:51 DEBUG headers:265 - << x-ms-failure-cause: Trigger
2021-04-29 14:08:51 DEBUG headers:265 - << x-ms-workflow-run-id: 08585819213449400142302487125CU03
2021-04-29 14:08:51 DEBUG headers:265 - << x-ms-correlation-id: a1021a74-36ef-41dc-ad29-387fbf8834f7
2021-04-29 14:08:51 DEBUG headers:265 - << x-ms-client-tracking-id: 08585819213449400142302487125CU03
2021-04-29 14:08:51 DEBUG headers:265 - << x-ms-trigger-history-name: 08585819213449400142302487125CU03
2021-04-29 14:08:51 DEBUG headers:265 - << x-ms-execution-location: eastus
2021-04-29 14:08:51 DEBUG headers:265 - << x-ms-workflow-system-id: /locations/eastus/scaleunits/prod-03/workflows/21a2c519adea46fa8226d9348badd1c9
2021-04-29 14:08:51 DEBUG headers:265 - << x-ms-workflow-id: 21a2c519adea46fa8226d9348badd1c9
2021-04-29 14:08:51 DEBUG headers:265 - << x-ms-workflow-version: 08585825003350923326
2021-04-29 14:08:51 DEBUG headers:265 - << x-ms-workflow-name: sbd-SBD.CORP.JOURNEY-CAA-Inbound-APIMReceive-useast-dev-la
2021-04-29 14:08:51 DEBUG headers:265 - << x-ms-tracking-id: a1021a74-36ef-41dc-ad29-387fbf8834f7
2021-04-29 14:08:51 DEBUG headers:265 - << x-ms-request-id: eastus:a1021a74-36ef-41dc-ad29-387fbf8834f7
2021-04-29 14:08:51 DEBUG headers:265 - << Strict-Transport-Security: max-age=31536000; includeSubDomains
2021-04-29 14:08:51 DEBUG headers:265 - << Date: Thu, 29 Apr 2021 08:39:01 GMT
2021-04-29 14:08:51 DEBUG headers:265 - << Content-Length: 163
2021-04-29 14:08:51 DEBUG DefaultHttpClient:509 - Connection can be kept alive indefinitely
2021-04-29 14:08:51 DEBUG RequestSpecificationImpl$RestAssuredHttpBuilder:545 - Parsing response as: application/json; charset=utf-8
2021-04-29 14:08:51 DEBUG RequestSpecificationImpl$RestAssuredHttpBuilder:548 - Parsed data to instance of: class org.apache.http.conn.EofSensorInputStream
2021-04-29 14:08:51 DEBUG RestCalls:47 - io.restassured.internal.RequestSpecificationImpl@280d92e3
2021-04-29 14:08:51 INFO  TestUtils:17 - *** Get String Body****
2021-04-29 14:08:51 DEBUG wire:87 -  << "{"error":{"code":"NoResponse","message":"The server did not receive a response from an upstream server. Request tracking id '08585819213449400142302487125CU03'."}}"
2021-04-29 14:08:51 DEBUG BasicClientConnectionManager:200 - Releasing connection org.apache.http.impl.conn.ManagedClientConnectionImpl@62c1014b
2021-04-29 14:08:51 DEBUG BasicClientConnectionManager:225 - Connection can be kept alive indefinitely
2021-04-29 14:08:51 INFO  TestUtils:33 - ********JsonPath Response for Post*****
2021-04-29 14:08:51 INFO  InboundTesting:129 - ***** End P10_OnAccount Test Cases ************
2021-04-29 14:08:51 INFO  TestUtils:48 - **** Getting response Code*******
]]></system-out>
  </testcase>
  <testcase name="P10_OnAccount" classname="Inbound_Testing.InboundTesting" time="0">
    <skipped message="expected [200] but found [502]"/>
    <system-out><![CDATA[2021-04-29 14:08:51 INFO  payLoadsConvertor:16 - Inside payloads fn:
2021-04-29 14:08:51 INFO  InboundTesting:122 - **** Test Cases : Post Method *****
2021-04-29 14:08:51 INFO  URL:51 - PetStore URL Endpoint: https://d-api.sbdinc.com/corpjourneycaa/v1/Inbound/post
2021-04-29 14:08:51 INFO  RestCalls:43 - Post Request Call-
2021-04-29 14:08:51 DEBUG BasicClientConnectionManager:161 - Get connection for route {s}->https://d-api.sbdinc.com:443
2021-04-29 14:08:51 DEBUG DefaultClientConnectionOperator:177 - Connecting to d-api.sbdinc.com:443
2021-04-29 14:08:52 DEBUG RequestAddCookies:123 - CookieSpec selected: ignoreCookies
2021-04-29 14:08:52 DEBUG RequestAuthCache:77 - Auth cache not set in the context
2021-04-29 14:08:52 DEBUG RequestTargetAuthentication:80 - Target auth state: UNCHALLENGED
2021-04-29 14:08:52 DEBUG RequestProxyAuthentication:89 - Proxy auth state: UNCHALLENGED
2021-04-29 14:08:52 DEBUG DefaultHttpClient:682 - Attempt 1 to execute request
2021-04-29 14:08:52 DEBUG DefaultClientConnection:274 - Sending request: POST /corpjourneycaa/v1/Inbound/post?Agora-Subscription-Key=48dfe6a704414f4c9f61b37a6b983fd7 HTTP/1.1
2021-04-29 14:08:52 DEBUG wire:73 -  >> "POST /corpjourneycaa/v1/Inbound/post?Agora-Subscription-Key=48dfe6a704414f4c9f61b37a6b983fd7 HTTP/1.1[\r][\n]"
2021-04-29 14:08:52 DEBUG wire:73 -  >> "Accept: */*[\r][\n]"
2021-04-29 14:08:52 DEBUG wire:73 -  >> "Content-Type: application/json; charset=UTF-8[\r][\n]"
2021-04-29 14:08:52 DEBUG wire:73 -  >> "Content-Length: 0[\r][\n]"
2021-04-29 14:08:52 DEBUG wire:73 -  >> "Host: d-api.sbdinc.com[\r][\n]"
2021-04-29 14:08:52 DEBUG wire:73 -  >> "Connection: Keep-Alive[\r][\n]"
2021-04-29 14:08:52 DEBUG wire:73 -  >> "User-Agent: Apache-HttpClient/4.5.3 (Java/1.8.0_191)[\r][\n]"
2021-04-29 14:08:52 DEBUG wire:73 -  >> "Accept-Encoding: gzip,deflate[\r][\n]"
2021-04-29 14:08:52 DEBUG wire:73 -  >> "[\r][\n]"
2021-04-29 14:08:52 DEBUG headers:278 - >> POST /corpjourneycaa/v1/Inbound/post?Agora-Subscription-Key=48dfe6a704414f4c9f61b37a6b983fd7 HTTP/1.1
2021-04-29 14:08:52 DEBUG headers:281 - >> Accept: */*
2021-04-29 14:08:52 DEBUG headers:281 - >> Content-Type: application/json; charset=UTF-8
2021-04-29 14:08:52 DEBUG headers:281 - >> Content-Length: 0
2021-04-29 14:08:52 DEBUG headers:281 - >> Host: d-api.sbdinc.com
2021-04-29 14:08:52 DEBUG headers:281 - >> Connection: Keep-Alive
2021-04-29 14:08:52 DEBUG headers:281 - >> User-Agent: Apache-HttpClient/4.5.3 (Java/1.8.0_191)
2021-04-29 14:08:52 DEBUG headers:281 - >> Accept-Encoding: gzip,deflate
2021-04-29 14:08:54 DEBUG wire:73 -  << "HTTP/1.1 502 Bad Gateway[\r][\n]"
2021-04-29 14:08:54 DEBUG wire:73 -  << "Cache-Control: no-cache[\r][\n]"
2021-04-29 14:08:54 DEBUG wire:73 -  << "Pragma: no-cache[\r][\n]"
2021-04-29 14:08:54 DEBUG wire:73 -  << "Content-Type: application/json; charset=utf-8[\r][\n]"
2021-04-29 14:08:54 DEBUG wire:73 -  << "Expires: -1[\r][\n]"
2021-04-29 14:08:54 DEBUG wire:73 -  << "x-ms-failure-cause: Trigger[\r][\n]"
2021-04-29 14:08:54 DEBUG wire:73 -  << "x-ms-workflow-run-id: 08585819213426712502374380333CU00[\r][\n]"
2021-04-29 14:08:54 DEBUG wire:73 -  << "x-ms-correlation-id: 444c4177-92db-4605-91a8-794355f88229[\r][\n]"
2021-04-29 14:08:54 DEBUG wire:73 -  << "x-ms-client-tracking-id: 08585819213426712502374380333CU00[\r][\n]"
2021-04-29 14:08:54 DEBUG wire:73 -  << "x-ms-trigger-history-name: 08585819213426712502374380333CU00[\r][\n]"
2021-04-29 14:08:54 DEBUG wire:73 -  << "x-ms-execution-location: eastus[\r][\n]"
2021-04-29 14:08:54 DEBUG wire:73 -  << "x-ms-workflow-system-id: /locations/eastus/scaleunits/prod-03/workflows/21a2c519adea46fa8226d9348badd1c9[\r][\n]"
2021-04-29 14:08:54 DEBUG wire:73 -  << "x-ms-workflow-id: 21a2c519adea46fa8226d9348badd1c9[\r][\n]"
2021-04-29 14:08:54 DEBUG wire:73 -  << "x-ms-workflow-version: 08585825003350923326[\r][\n]"
2021-04-29 14:08:54 DEBUG wire:73 -  << "x-ms-workflow-name: sbd-SBD.CORP.JOURNEY-CAA-Inbound-APIMReceive-useast-dev-la[\r][\n]"
2021-04-29 14:08:54 DEBUG wire:73 -  << "x-ms-tracking-id: 444c4177-92db-4605-91a8-794355f88229[\r][\n]"
2021-04-29 14:08:54 DEBUG wire:73 -  << "x-ms-request-id: eastus:444c4177-92db-4605-91a8-794355f88229[\r][\n]"
2021-04-29 14:08:54 DEBUG wire:73 -  << "Strict-Transport-Security: max-age=31536000; includeSubDomains[\r][\n]"
2021-04-29 14:08:54 DEBUG wire:73 -  << "Date: Thu, 29 Apr 2021 08:39:03 GMT[\r][\n]"
2021-04-29 14:08:54 DEBUG wire:73 -  << "Content-Length: 163[\r][\n]"
2021-04-29 14:08:54 DEBUG wire:73 -  << "[\r][\n]"
2021-04-29 14:08:54 DEBUG DefaultClientConnection:259 - Receiving response: HTTP/1.1 502 Bad Gateway
2021-04-29 14:08:54 DEBUG headers:262 - << HTTP/1.1 502 Bad Gateway
2021-04-29 14:08:54 DEBUG headers:265 - << Cache-Control: no-cache
2021-04-29 14:08:54 DEBUG headers:265 - << Pragma: no-cache
2021-04-29 14:08:54 DEBUG headers:265 - << Content-Type: application/json; charset=utf-8
2021-04-29 14:08:54 DEBUG headers:265 - << Expires: -1
2021-04-29 14:08:54 DEBUG headers:265 - << x-ms-failure-cause: Trigger
2021-04-29 14:08:54 DEBUG headers:265 - << x-ms-workflow-run-id: 08585819213426712502374380333CU00
2021-04-29 14:08:54 DEBUG headers:265 - << x-ms-correlation-id: 444c4177-92db-4605-91a8-794355f88229
2021-04-29 14:08:54 DEBUG headers:265 - << x-ms-client-tracking-id: 08585819213426712502374380333CU00
2021-04-29 14:08:54 DEBUG headers:265 - << x-ms-trigger-history-name: 08585819213426712502374380333CU00
2021-04-29 14:08:54 DEBUG headers:265 - << x-ms-execution-location: eastus
2021-04-29 14:08:54 DEBUG headers:265 - << x-ms-workflow-system-id: /locations/eastus/scaleunits/prod-03/workflows/21a2c519adea46fa8226d9348badd1c9
2021-04-29 14:08:54 DEBUG headers:265 - << x-ms-workflow-id: 21a2c519adea46fa8226d9348badd1c9
2021-04-29 14:08:54 DEBUG headers:265 - << x-ms-workflow-version: 08585825003350923326
2021-04-29 14:08:54 DEBUG headers:265 - << x-ms-workflow-name: sbd-SBD.CORP.JOURNEY-CAA-Inbound-APIMReceive-useast-dev-la
2021-04-29 14:08:54 DEBUG headers:265 - << x-ms-tracking-id: 444c4177-92db-4605-91a8-794355f88229
2021-04-29 14:08:54 DEBUG headers:265 - << x-ms-request-id: eastus:444c4177-92db-4605-91a8-794355f88229
2021-04-29 14:08:54 DEBUG headers:265 - << Strict-Transport-Security: max-age=31536000; includeSubDomains
2021-04-29 14:08:54 DEBUG headers:265 - << Date: Thu, 29 Apr 2021 08:39:03 GMT
2021-04-29 14:08:54 DEBUG headers:265 - << Content-Length: 163
2021-04-29 14:08:54 DEBUG DefaultHttpClient:509 - Connection can be kept alive indefinitely
2021-04-29 14:08:54 DEBUG RequestSpecificationImpl$RestAssuredHttpBuilder:545 - Parsing response as: application/json; charset=utf-8
2021-04-29 14:08:54 DEBUG RequestSpecificationImpl$RestAssuredHttpBuilder:548 - Parsed data to instance of: class org.apache.http.conn.EofSensorInputStream
2021-04-29 14:08:54 DEBUG RestCalls:47 - io.restassured.internal.RequestSpecificationImpl@b8bc6c8
2021-04-29 14:08:54 INFO  TestUtils:17 - *** Get String Body****
2021-04-29 14:08:54 DEBUG wire:87 -  << "{"error":{"code":"NoResponse","message":"The server did not receive a response from an upstream server. Request tracking id '08585819213426712502374380333CU00'."}}"
2021-04-29 14:08:54 DEBUG BasicClientConnectionManager:200 - Releasing connection org.apache.http.impl.conn.ManagedClientConnectionImpl@5ec0dcf2
2021-04-29 14:08:54 DEBUG BasicClientConnectionManager:225 - Connection can be kept alive indefinitely
2021-04-29 14:08:54 INFO  TestUtils:33 - ********JsonPath Response for Post*****
2021-04-29 14:08:54 INFO  InboundTesting:129 - ***** End P10_OnAccount Test Cases ************
2021-04-29 14:08:54 INFO  TestUtils:48 - **** Getting response Code*******
]]></system-out>
  </testcase>
  <testcase name="P10_OnAccount" classname="Inbound_Testing.InboundTesting" time="1.866">
    <failure message="expected [200] but found [502]" type="java.lang.AssertionError">java.lang.AssertionError: expected [200] but found [502]
	at Inbound_Testing.InboundTesting.P10_OnAccount(InboundTesting.java:130)
</failure>
    <system-out><![CDATA[2021-04-29 14:08:54 INFO  payLoadsConvertor:16 - Inside payloads fn:
2021-04-29 14:08:54 INFO  InboundTesting:122 - **** Test Cases : Post Method *****
2021-04-29 14:08:54 INFO  URL:51 - PetStore URL Endpoint: https://d-api.sbdinc.com/corpjourneycaa/v1/Inbound/post
2021-04-29 14:08:54 INFO  RestCalls:43 - Post Request Call-
2021-04-29 14:08:54 DEBUG BasicClientConnectionManager:161 - Get connection for route {s}->https://d-api.sbdinc.com:443
2021-04-29 14:08:54 DEBUG DefaultClientConnectionOperator:177 - Connecting to d-api.sbdinc.com:443
2021-04-29 14:08:55 DEBUG RequestAddCookies:123 - CookieSpec selected: ignoreCookies
2021-04-29 14:08:55 DEBUG RequestAuthCache:77 - Auth cache not set in the context
2021-04-29 14:08:55 DEBUG RequestTargetAuthentication:80 - Target auth state: UNCHALLENGED
2021-04-29 14:08:55 DEBUG RequestProxyAuthentication:89 - Proxy auth state: UNCHALLENGED
2021-04-29 14:08:55 DEBUG DefaultHttpClient:682 - Attempt 1 to execute request
2021-04-29 14:08:55 DEBUG DefaultClientConnection:274 - Sending request: POST /corpjourneycaa/v1/Inbound/post?Agora-Subscription-Key=48dfe6a704414f4c9f61b37a6b983fd7 HTTP/1.1
2021-04-29 14:08:55 DEBUG wire:73 -  >> "POST /corpjourneycaa/v1/Inbound/post?Agora-Subscription-Key=48dfe6a704414f4c9f61b37a6b983fd7 HTTP/1.1[\r][\n]"
2021-04-29 14:08:55 DEBUG wire:73 -  >> "Accept: */*[\r][\n]"
2021-04-29 14:08:55 DEBUG wire:73 -  >> "Content-Type: application/json; charset=UTF-8[\r][\n]"
2021-04-29 14:08:55 DEBUG wire:73 -  >> "Content-Length: 0[\r][\n]"
2021-04-29 14:08:55 DEBUG wire:73 -  >> "Host: d-api.sbdinc.com[\r][\n]"
2021-04-29 14:08:55 DEBUG wire:73 -  >> "Connection: Keep-Alive[\r][\n]"
2021-04-29 14:08:55 DEBUG wire:73 -  >> "User-Agent: Apache-HttpClient/4.5.3 (Java/1.8.0_191)[\r][\n]"
2021-04-29 14:08:55 DEBUG wire:73 -  >> "Accept-Encoding: gzip,deflate[\r][\n]"
2021-04-29 14:08:55 DEBUG wire:73 -  >> "[\r][\n]"
2021-04-29 14:08:55 DEBUG headers:278 - >> POST /corpjourneycaa/v1/Inbound/post?Agora-Subscription-Key=48dfe6a704414f4c9f61b37a6b983fd7 HTTP/1.1
2021-04-29 14:08:55 DEBUG headers:281 - >> Accept: */*
2021-04-29 14:08:55 DEBUG headers:281 - >> Content-Type: application/json; charset=UTF-8
2021-04-29 14:08:55 DEBUG headers:281 - >> Content-Length: 0
2021-04-29 14:08:55 DEBUG headers:281 - >> Host: d-api.sbdinc.com
2021-04-29 14:08:55 DEBUG headers:281 - >> Connection: Keep-Alive
2021-04-29 14:08:55 DEBUG headers:281 - >> User-Agent: Apache-HttpClient/4.5.3 (Java/1.8.0_191)
2021-04-29 14:08:55 DEBUG headers:281 - >> Accept-Encoding: gzip,deflate
2021-04-29 14:08:55 DEBUG wire:73 -  << "HTTP/1.1 502 Bad Gateway[\r][\n]"
2021-04-29 14:08:55 DEBUG wire:73 -  << "Cache-Control: no-cache[\r][\n]"
2021-04-29 14:08:55 DEBUG wire:73 -  << "Pragma: no-cache[\r][\n]"
2021-04-29 14:08:55 DEBUG wire:73 -  << "Content-Type: application/json; charset=utf-8[\r][\n]"
2021-04-29 14:08:55 DEBUG wire:73 -  << "Expires: -1[\r][\n]"
2021-04-29 14:08:55 DEBUG wire:73 -  << "x-ms-failure-cause: Trigger[\r][\n]"
2021-04-29 14:08:55 DEBUG wire:73 -  << "x-ms-workflow-run-id: 08585819213404006589453808437CU03[\r][\n]"
2021-04-29 14:08:55 DEBUG wire:73 -  << "x-ms-correlation-id: 84b85eb6-964a-4dd2-9bd9-e32e5a7a5cf1[\r][\n]"
2021-04-29 14:08:55 DEBUG wire:73 -  << "x-ms-client-tracking-id: 08585819213404006589453808437CU03[\r][\n]"
2021-04-29 14:08:55 DEBUG wire:73 -  << "x-ms-trigger-history-name: 08585819213404006589453808437CU03[\r][\n]"
2021-04-29 14:08:55 DEBUG wire:73 -  << "x-ms-execution-location: eastus[\r][\n]"
2021-04-29 14:08:55 DEBUG wire:73 -  << "x-ms-workflow-system-id: /locations/eastus/scaleunits/prod-03/workflows/21a2c519adea46fa8226d9348badd1c9[\r][\n]"
2021-04-29 14:08:55 DEBUG wire:73 -  << "x-ms-workflow-id: 21a2c519adea46fa8226d9348badd1c9[\r][\n]"
2021-04-29 14:08:55 DEBUG wire:73 -  << "x-ms-workflow-version: 08585825003350923326[\r][\n]"
2021-04-29 14:08:55 DEBUG wire:73 -  << "x-ms-workflow-name: sbd-SBD.CORP.JOURNEY-CAA-Inbound-APIMReceive-useast-dev-la[\r][\n]"
2021-04-29 14:08:55 DEBUG wire:73 -  << "x-ms-tracking-id: 84b85eb6-964a-4dd2-9bd9-e32e5a7a5cf1[\r][\n]"
2021-04-29 14:08:55 DEBUG wire:73 -  << "x-ms-request-id: eastus:84b85eb6-964a-4dd2-9bd9-e32e5a7a5cf1[\r][\n]"
2021-04-29 14:08:55 DEBUG wire:73 -  << "Strict-Transport-Security: max-age=31536000; includeSubDomains[\r][\n]"
2021-04-29 14:08:55 DEBUG wire:73 -  << "Date: Thu, 29 Apr 2021 08:39:05 GMT[\r][\n]"
2021-04-29 14:08:55 DEBUG wire:73 -  << "Content-Length: 163[\r][\n]"
2021-04-29 14:08:55 DEBUG wire:73 -  << "[\r][\n]"
2021-04-29 14:08:56 DEBUG DefaultClientConnection:259 - Receiving response: HTTP/1.1 502 Bad Gateway
2021-04-29 14:08:56 DEBUG headers:262 - << HTTP/1.1 502 Bad Gateway
2021-04-29 14:08:56 DEBUG headers:265 - << Cache-Control: no-cache
2021-04-29 14:08:56 DEBUG headers:265 - << Pragma: no-cache
2021-04-29 14:08:56 DEBUG headers:265 - << Content-Type: application/json; charset=utf-8
2021-04-29 14:08:56 DEBUG headers:265 - << Expires: -1
2021-04-29 14:08:56 DEBUG headers:265 - << x-ms-failure-cause: Trigger
2021-04-29 14:08:56 DEBUG headers:265 - << x-ms-workflow-run-id: 08585819213404006589453808437CU03
2021-04-29 14:08:56 DEBUG headers:265 - << x-ms-correlation-id: 84b85eb6-964a-4dd2-9bd9-e32e5a7a5cf1
2021-04-29 14:08:56 DEBUG headers:265 - << x-ms-client-tracking-id: 08585819213404006589453808437CU03
2021-04-29 14:08:56 DEBUG headers:265 - << x-ms-trigger-history-name: 08585819213404006589453808437CU03
2021-04-29 14:08:56 DEBUG headers:265 - << x-ms-execution-location: eastus
2021-04-29 14:08:56 DEBUG headers:265 - << x-ms-workflow-system-id: /locations/eastus/scaleunits/prod-03/workflows/21a2c519adea46fa8226d9348badd1c9
2021-04-29 14:08:56 DEBUG headers:265 - << x-ms-workflow-id: 21a2c519adea46fa8226d9348badd1c9
2021-04-29 14:08:56 DEBUG headers:265 - << x-ms-workflow-version: 08585825003350923326
2021-04-29 14:08:56 DEBUG headers:265 - << x-ms-workflow-name: sbd-SBD.CORP.JOURNEY-CAA-Inbound-APIMReceive-useast-dev-la
2021-04-29 14:08:56 DEBUG headers:265 - << x-ms-tracking-id: 84b85eb6-964a-4dd2-9bd9-e32e5a7a5cf1
2021-04-29 14:08:56 DEBUG headers:265 - << x-ms-request-id: eastus:84b85eb6-964a-4dd2-9bd9-e32e5a7a5cf1
2021-04-29 14:08:56 DEBUG headers:265 - << Strict-Transport-Security: max-age=31536000; includeSubDomains
2021-04-29 14:08:56 DEBUG headers:265 - << Date: Thu, 29 Apr 2021 08:39:05 GMT
2021-04-29 14:08:56 DEBUG headers:265 - << Content-Length: 163
2021-04-29 14:08:56 DEBUG DefaultHttpClient:509 - Connection can be kept alive indefinitely
2021-04-29 14:08:56 DEBUG RequestSpecificationImpl$RestAssuredHttpBuilder:545 - Parsing response as: application/json; charset=utf-8
2021-04-29 14:08:56 DEBUG RequestSpecificationImpl$RestAssuredHttpBuilder:548 - Parsed data to instance of: class org.apache.http.conn.EofSensorInputStream
2021-04-29 14:08:56 DEBUG RestCalls:47 - io.restassured.internal.RequestSpecificationImpl@36c02fab
2021-04-29 14:08:56 INFO  TestUtils:17 - *** Get String Body****
2021-04-29 14:08:56 DEBUG wire:87 -  << "{"error":{"code":"NoResponse","message":"The server did not receive a response from an upstream server. Request tracking id '08585819213404006589453808437CU03'."}}"
2021-04-29 14:08:56 DEBUG BasicClientConnectionManager:200 - Releasing connection org.apache.http.impl.conn.ManagedClientConnectionImpl@1080854b
2021-04-29 14:08:56 DEBUG BasicClientConnectionManager:225 - Connection can be kept alive indefinitely
2021-04-29 14:08:56 INFO  TestUtils:33 - ********JsonPath Response for Post*****
2021-04-29 14:08:56 INFO  InboundTesting:129 - ***** End P10_OnAccount Test Cases ************
2021-04-29 14:08:56 INFO  TestUtils:48 - **** Getting response Code*******
]]></system-out>
  </testcase>
  <testcase name="P10_OverPayment" classname="Inbound_Testing.InboundTesting" time="0">
    <skipped message="expected [200] but found [502]"/>
    <system-out><![CDATA[2021-04-29 14:08:56 INFO  payLoadsConvertor:16 - Inside payloads fn:
2021-04-29 14:08:56 INFO  InboundTesting:140 - **** Test Cases : Post Method *****
2021-04-29 14:08:56 INFO  URL:51 - PetStore URL Endpoint: https://d-api.sbdinc.com/corpjourneycaa/v1/Inbound/post
2021-04-29 14:08:56 INFO  RestCalls:43 - Post Request Call-
2021-04-29 14:08:56 DEBUG BasicClientConnectionManager:161 - Get connection for route {s}->https://d-api.sbdinc.com:443
2021-04-29 14:08:56 DEBUG DefaultClientConnectionOperator:177 - Connecting to d-api.sbdinc.com:443
2021-04-29 14:08:56 DEBUG DefaultClientConnection:180 - Connection 0.0.0.0:61613<->13.82.100.245:443 closed
2021-04-29 14:08:56 DEBUG DefaultClientConnection:180 - Connection 0.0.0.0:61615<->13.82.100.245:443 closed
2021-04-29 14:08:56 DEBUG DefaultClientConnection:180 - Connection 0.0.0.0:61616<->13.82.100.245:443 closed
2021-04-29 14:08:56 DEBUG DefaultClientConnection:180 - Connection 0.0.0.0:61618<->13.82.100.245:443 closed
2021-04-29 14:08:56 DEBUG DefaultClientConnection:180 - Connection 0.0.0.0:61619<->13.82.100.245:443 closed
2021-04-29 14:08:56 DEBUG DefaultClientConnection:180 - Connection 0.0.0.0:61601<->13.82.100.245:443 closed
2021-04-29 14:08:56 DEBUG DefaultClientConnection:180 - Connection 0.0.0.0:61604<->13.82.100.245:443 closed
2021-04-29 14:08:56 DEBUG DefaultClientConnection:180 - Connection 0.0.0.0:61605<->13.82.100.245:443 closed
2021-04-29 14:08:56 DEBUG DefaultClientConnection:180 - Connection 0.0.0.0:61606<->13.82.100.245:443 closed
2021-04-29 14:08:56 DEBUG DefaultClientConnection:180 - Connection 0.0.0.0:61609<->13.82.100.245:443 closed
2021-04-29 14:08:56 DEBUG DefaultClientConnection:180 - Connection 0.0.0.0:61612<->13.82.100.245:443 closed
2021-04-29 14:08:56 DEBUG DefaultClientConnection:180 - Connection 0.0.0.0:61578<->13.82.100.245:443 closed
2021-04-29 14:08:56 DEBUG DefaultClientConnection:180 - Connection 0.0.0.0:61581<->13.82.100.245:443 closed
2021-04-29 14:08:56 DEBUG DefaultClientConnection:180 - Connection 0.0.0.0:61582<->13.82.100.245:443 closed
2021-04-29 14:08:56 DEBUG DefaultClientConnection:180 - Connection 0.0.0.0:61583<->13.82.100.245:443 closed
2021-04-29 14:08:56 DEBUG DefaultClientConnection:180 - Connection 0.0.0.0:61584<->13.82.100.245:443 closed
2021-04-29 14:08:56 DEBUG DefaultClientConnection:180 - Connection 0.0.0.0:61590<->13.82.100.245:443 closed
2021-04-29 14:08:56 DEBUG DefaultClientConnection:180 - Connection 0.0.0.0:61591<->13.82.100.245:443 closed
2021-04-29 14:08:56 DEBUG DefaultClientConnection:180 - Connection 0.0.0.0:61592<->13.82.100.245:443 closed
2021-04-29 14:08:56 DEBUG DefaultClientConnection:180 - Connection 0.0.0.0:61593<->13.82.100.245:443 closed
2021-04-29 14:08:56 DEBUG DefaultClientConnection:180 - Connection 0.0.0.0:61595<->13.82.100.245:443 closed
2021-04-29 14:08:56 DEBUG DefaultClientConnection:180 - Connection 0.0.0.0:61596<->13.82.100.245:443 closed
2021-04-29 14:08:57 DEBUG RequestAddCookies:123 - CookieSpec selected: ignoreCookies
2021-04-29 14:08:57 DEBUG RequestAuthCache:77 - Auth cache not set in the context
2021-04-29 14:08:57 DEBUG RequestTargetAuthentication:80 - Target auth state: UNCHALLENGED
2021-04-29 14:08:57 DEBUG RequestProxyAuthentication:89 - Proxy auth state: UNCHALLENGED
2021-04-29 14:08:57 DEBUG DefaultHttpClient:682 - Attempt 1 to execute request
2021-04-29 14:08:57 DEBUG DefaultClientConnection:274 - Sending request: POST /corpjourneycaa/v1/Inbound/post?Agora-Subscription-Key=48dfe6a704414f4c9f61b37a6b983fd7 HTTP/1.1
2021-04-29 14:08:57 DEBUG wire:73 -  >> "POST /corpjourneycaa/v1/Inbound/post?Agora-Subscription-Key=48dfe6a704414f4c9f61b37a6b983fd7 HTTP/1.1[\r][\n]"
2021-04-29 14:08:57 DEBUG wire:73 -  >> "Accept: */*[\r][\n]"
2021-04-29 14:08:57 DEBUG wire:73 -  >> "Content-Type: application/json; charset=UTF-8[\r][\n]"
2021-04-29 14:08:57 DEBUG wire:73 -  >> "Content-Length: 0[\r][\n]"
2021-04-29 14:08:57 DEBUG wire:73 -  >> "Host: d-api.sbdinc.com[\r][\n]"
2021-04-29 14:08:57 DEBUG wire:73 -  >> "Connection: Keep-Alive[\r][\n]"
2021-04-29 14:08:57 DEBUG wire:73 -  >> "User-Agent: Apache-HttpClient/4.5.3 (Java/1.8.0_191)[\r][\n]"
2021-04-29 14:08:57 DEBUG wire:73 -  >> "Accept-Encoding: gzip,deflate[\r][\n]"
2021-04-29 14:08:57 DEBUG wire:73 -  >> "[\r][\n]"
2021-04-29 14:08:57 DEBUG headers:278 - >> POST /corpjourneycaa/v1/Inbound/post?Agora-Subscription-Key=48dfe6a704414f4c9f61b37a6b983fd7 HTTP/1.1
2021-04-29 14:08:57 DEBUG headers:281 - >> Accept: */*
2021-04-29 14:08:57 DEBUG headers:281 - >> Content-Type: application/json; charset=UTF-8
2021-04-29 14:08:57 DEBUG headers:281 - >> Content-Length: 0
2021-04-29 14:08:57 DEBUG headers:281 - >> Host: d-api.sbdinc.com
2021-04-29 14:08:57 DEBUG headers:281 - >> Connection: Keep-Alive
2021-04-29 14:08:57 DEBUG headers:281 - >> User-Agent: Apache-HttpClient/4.5.3 (Java/1.8.0_191)
2021-04-29 14:08:57 DEBUG headers:281 - >> Accept-Encoding: gzip,deflate
2021-04-29 14:09:00 DEBUG wire:73 -  << "HTTP/1.1 502 Bad Gateway[\r][\n]"
2021-04-29 14:09:00 DEBUG wire:73 -  << "Cache-Control: no-cache[\r][\n]"
2021-04-29 14:09:00 DEBUG wire:73 -  << "Pragma: no-cache[\r][\n]"
2021-04-29 14:09:00 DEBUG wire:73 -  << "Content-Type: application/json; charset=utf-8[\r][\n]"
2021-04-29 14:09:00 DEBUG wire:73 -  << "Expires: -1[\r][\n]"
2021-04-29 14:09:00 DEBUG wire:73 -  << "x-ms-failure-cause: Trigger[\r][\n]"
2021-04-29 14:09:00 DEBUG wire:73 -  << "x-ms-workflow-run-id: 08585819213381907611503401882CU00[\r][\n]"
2021-04-29 14:09:00 DEBUG wire:73 -  << "x-ms-correlation-id: 9610b78e-f215-4a78-9840-85b23e1c8976[\r][\n]"
2021-04-29 14:09:00 DEBUG wire:73 -  << "x-ms-client-tracking-id: 08585819213381907611503401882CU00[\r][\n]"
2021-04-29 14:09:00 DEBUG wire:73 -  << "x-ms-trigger-history-name: 08585819213381907611503401882CU00[\r][\n]"
2021-04-29 14:09:00 DEBUG wire:73 -  << "x-ms-execution-location: eastus[\r][\n]"
2021-04-29 14:09:00 DEBUG wire:73 -  << "x-ms-workflow-system-id: /locations/eastus/scaleunits/prod-03/workflows/21a2c519adea46fa8226d9348badd1c9[\r][\n]"
2021-04-29 14:09:00 DEBUG wire:73 -  << "x-ms-workflow-id: 21a2c519adea46fa8226d9348badd1c9[\r][\n]"
2021-04-29 14:09:00 DEBUG wire:73 -  << "x-ms-workflow-version: 08585825003350923326[\r][\n]"
2021-04-29 14:09:00 DEBUG wire:73 -  << "x-ms-workflow-name: sbd-SBD.CORP.JOURNEY-CAA-Inbound-APIMReceive-useast-dev-la[\r][\n]"
2021-04-29 14:09:00 DEBUG wire:73 -  << "x-ms-tracking-id: 9610b78e-f215-4a78-9840-85b23e1c8976[\r][\n]"
2021-04-29 14:09:00 DEBUG wire:73 -  << "x-ms-request-id: eastus:9610b78e-f215-4a78-9840-85b23e1c8976[\r][\n]"
2021-04-29 14:09:00 DEBUG wire:73 -  << "Strict-Transport-Security: max-age=31536000; includeSubDomains[\r][\n]"
2021-04-29 14:09:00 DEBUG wire:73 -  << "Date: Thu, 29 Apr 2021 08:39:09 GMT[\r][\n]"
2021-04-29 14:09:00 DEBUG wire:73 -  << "Content-Length: 163[\r][\n]"
2021-04-29 14:09:00 DEBUG wire:73 -  << "[\r][\n]"
2021-04-29 14:09:00 DEBUG DefaultClientConnection:259 - Receiving response: HTTP/1.1 502 Bad Gateway
2021-04-29 14:09:00 DEBUG headers:262 - << HTTP/1.1 502 Bad Gateway
2021-04-29 14:09:00 DEBUG headers:265 - << Cache-Control: no-cache
2021-04-29 14:09:00 DEBUG headers:265 - << Pragma: no-cache
2021-04-29 14:09:00 DEBUG headers:265 - << Content-Type: application/json; charset=utf-8
2021-04-29 14:09:00 DEBUG headers:265 - << Expires: -1
2021-04-29 14:09:00 DEBUG headers:265 - << x-ms-failure-cause: Trigger
2021-04-29 14:09:00 DEBUG headers:265 - << x-ms-workflow-run-id: 08585819213381907611503401882CU00
2021-04-29 14:09:00 DEBUG headers:265 - << x-ms-correlation-id: 9610b78e-f215-4a78-9840-85b23e1c8976
2021-04-29 14:09:00 DEBUG headers:265 - << x-ms-client-tracking-id: 08585819213381907611503401882CU00
2021-04-29 14:09:00 DEBUG headers:265 - << x-ms-trigger-history-name: 08585819213381907611503401882CU00
2021-04-29 14:09:00 DEBUG headers:265 - << x-ms-execution-location: eastus
2021-04-29 14:09:00 DEBUG headers:265 - << x-ms-workflow-system-id: /locations/eastus/scaleunits/prod-03/workflows/21a2c519adea46fa8226d9348badd1c9
2021-04-29 14:09:00 DEBUG headers:265 - << x-ms-workflow-id: 21a2c519adea46fa8226d9348badd1c9
2021-04-29 14:09:00 DEBUG headers:265 - << x-ms-workflow-version: 08585825003350923326
2021-04-29 14:09:00 DEBUG headers:265 - << x-ms-workflow-name: sbd-SBD.CORP.JOURNEY-CAA-Inbound-APIMReceive-useast-dev-la
2021-04-29 14:09:00 DEBUG headers:265 - << x-ms-tracking-id: 9610b78e-f215-4a78-9840-85b23e1c8976
2021-04-29 14:09:00 DEBUG headers:265 - << x-ms-request-id: eastus:9610b78e-f215-4a78-9840-85b23e1c8976
2021-04-29 14:09:00 DEBUG headers:265 - << Strict-Transport-Security: max-age=31536000; includeSubDomains
2021-04-29 14:09:00 DEBUG headers:265 - << Date: Thu, 29 Apr 2021 08:39:09 GMT
2021-04-29 14:09:00 DEBUG headers:265 - << Content-Length: 163
2021-04-29 14:09:00 DEBUG DefaultHttpClient:509 - Connection can be kept alive indefinitely
2021-04-29 14:09:00 DEBUG RequestSpecificationImpl$RestAssuredHttpBuilder:545 - Parsing response as: application/json; charset=utf-8
2021-04-29 14:09:00 DEBUG RequestSpecificationImpl$RestAssuredHttpBuilder:548 - Parsed data to instance of: class org.apache.http.conn.EofSensorInputStream
2021-04-29 14:09:00 DEBUG RestCalls:47 - io.restassured.internal.RequestSpecificationImpl@76c8e242
2021-04-29 14:09:00 INFO  TestUtils:17 - *** Get String Body****
2021-04-29 14:09:00 DEBUG wire:87 -  << "{"error":{"code":"NoResponse","message":"The server did not receive a response from an upstream server. Request tracking id '08585819213381907611503401882CU00'."}}"
2021-04-29 14:09:00 DEBUG BasicClientConnectionManager:200 - Releasing connection org.apache.http.impl.conn.ManagedClientConnectionImpl@2c57cc62
2021-04-29 14:09:00 DEBUG BasicClientConnectionManager:225 - Connection can be kept alive indefinitely
2021-04-29 14:09:00 INFO  TestUtils:33 - ********JsonPath Response for Post*****
2021-04-29 14:09:00 INFO  InboundTesting:147 - ***** End P10_OverPayment Test Cases ************
2021-04-29 14:09:00 INFO  TestUtils:48 - **** Getting response Code*******
]]></system-out>
  </testcase>
  <testcase name="P10_OverPayment" classname="Inbound_Testing.InboundTesting" time="0">
    <skipped message="expected [200] but found [502]"/>
    <system-out><![CDATA[2021-04-29 14:09:00 INFO  payLoadsConvertor:16 - Inside payloads fn:
2021-04-29 14:09:00 INFO  InboundTesting:140 - **** Test Cases : Post Method *****
2021-04-29 14:09:00 INFO  URL:51 - PetStore URL Endpoint: https://d-api.sbdinc.com/corpjourneycaa/v1/Inbound/post
2021-04-29 14:09:00 INFO  RestCalls:43 - Post Request Call-
2021-04-29 14:09:00 DEBUG BasicClientConnectionManager:161 - Get connection for route {s}->https://d-api.sbdinc.com:443
2021-04-29 14:09:00 DEBUG DefaultClientConnectionOperator:177 - Connecting to d-api.sbdinc.com:443
2021-04-29 14:09:01 DEBUG RequestAddCookies:123 - CookieSpec selected: ignoreCookies
2021-04-29 14:09:01 DEBUG RequestAuthCache:77 - Auth cache not set in the context
2021-04-29 14:09:01 DEBUG RequestTargetAuthentication:80 - Target auth state: UNCHALLENGED
2021-04-29 14:09:01 DEBUG RequestProxyAuthentication:89 - Proxy auth state: UNCHALLENGED
2021-04-29 14:09:01 DEBUG DefaultHttpClient:682 - Attempt 1 to execute request
2021-04-29 14:09:01 DEBUG DefaultClientConnection:274 - Sending request: POST /corpjourneycaa/v1/Inbound/post?Agora-Subscription-Key=48dfe6a704414f4c9f61b37a6b983fd7 HTTP/1.1
2021-04-29 14:09:01 DEBUG wire:73 -  >> "POST /corpjourneycaa/v1/Inbound/post?Agora-Subscription-Key=48dfe6a704414f4c9f61b37a6b983fd7 HTTP/1.1[\r][\n]"
2021-04-29 14:09:01 DEBUG wire:73 -  >> "Accept: */*[\r][\n]"
2021-04-29 14:09:01 DEBUG wire:73 -  >> "Content-Type: application/json; charset=UTF-8[\r][\n]"
2021-04-29 14:09:01 DEBUG wire:73 -  >> "Content-Length: 0[\r][\n]"
2021-04-29 14:09:01 DEBUG wire:73 -  >> "Host: d-api.sbdinc.com[\r][\n]"
2021-04-29 14:09:01 DEBUG wire:73 -  >> "Connection: Keep-Alive[\r][\n]"
2021-04-29 14:09:01 DEBUG wire:73 -  >> "User-Agent: Apache-HttpClient/4.5.3 (Java/1.8.0_191)[\r][\n]"
2021-04-29 14:09:01 DEBUG wire:73 -  >> "Accept-Encoding: gzip,deflate[\r][\n]"
2021-04-29 14:09:01 DEBUG wire:73 -  >> "[\r][\n]"
2021-04-29 14:09:01 DEBUG headers:278 - >> POST /corpjourneycaa/v1/Inbound/post?Agora-Subscription-Key=48dfe6a704414f4c9f61b37a6b983fd7 HTTP/1.1
2021-04-29 14:09:01 DEBUG headers:281 - >> Accept: */*
2021-04-29 14:09:01 DEBUG headers:281 - >> Content-Type: application/json; charset=UTF-8
2021-04-29 14:09:01 DEBUG headers:281 - >> Content-Length: 0
2021-04-29 14:09:01 DEBUG headers:281 - >> Host: d-api.sbdinc.com
2021-04-29 14:09:01 DEBUG headers:281 - >> Connection: Keep-Alive
2021-04-29 14:09:01 DEBUG headers:281 - >> User-Agent: Apache-HttpClient/4.5.3 (Java/1.8.0_191)
2021-04-29 14:09:01 DEBUG headers:281 - >> Accept-Encoding: gzip,deflate
2021-04-29 14:09:03 DEBUG wire:73 -  << "HTTP/1.1 502 Bad Gateway[\r][\n]"
2021-04-29 14:09:03 DEBUG wire:73 -  << "Cache-Control: no-cache[\r][\n]"
2021-04-29 14:09:03 DEBUG wire:73 -  << "Pragma: no-cache[\r][\n]"
2021-04-29 14:09:03 DEBUG wire:73 -  << "Content-Type: application/json; charset=utf-8[\r][\n]"
2021-04-29 14:09:03 DEBUG wire:73 -  << "Expires: -1[\r][\n]"
2021-04-29 14:09:03 DEBUG wire:73 -  << "x-ms-failure-cause: Trigger[\r][\n]"
2021-04-29 14:09:03 DEBUG wire:73 -  << "x-ms-workflow-run-id: 08585819213344356219429992872CU02[\r][\n]"
2021-04-29 14:09:03 DEBUG wire:73 -  << "x-ms-correlation-id: 8305dfe9-af4d-4e74-bd32-87fbd03b1bdf[\r][\n]"
2021-04-29 14:09:03 DEBUG wire:73 -  << "x-ms-client-tracking-id: 08585819213344356219429992872CU02[\r][\n]"
2021-04-29 14:09:03 DEBUG wire:73 -  << "x-ms-trigger-history-name: 08585819213344356219429992872CU02[\r][\n]"
2021-04-29 14:09:03 DEBUG wire:73 -  << "x-ms-execution-location: eastus[\r][\n]"
2021-04-29 14:09:03 DEBUG wire:73 -  << "x-ms-workflow-system-id: /locations/eastus/scaleunits/prod-03/workflows/21a2c519adea46fa8226d9348badd1c9[\r][\n]"
2021-04-29 14:09:03 DEBUG wire:73 -  << "x-ms-workflow-id: 21a2c519adea46fa8226d9348badd1c9[\r][\n]"
2021-04-29 14:09:03 DEBUG wire:73 -  << "x-ms-workflow-version: 08585825003350923326[\r][\n]"
2021-04-29 14:09:03 DEBUG wire:73 -  << "x-ms-workflow-name: sbd-SBD.CORP.JOURNEY-CAA-Inbound-APIMReceive-useast-dev-la[\r][\n]"
2021-04-29 14:09:03 DEBUG wire:73 -  << "x-ms-tracking-id: 8305dfe9-af4d-4e74-bd32-87fbd03b1bdf[\r][\n]"
2021-04-29 14:09:03 DEBUG wire:73 -  << "x-ms-request-id: eastus:8305dfe9-af4d-4e74-bd32-87fbd03b1bdf[\r][\n]"
2021-04-29 14:09:03 DEBUG wire:73 -  << "Strict-Transport-Security: max-age=31536000; includeSubDomains[\r][\n]"
2021-04-29 14:09:03 DEBUG wire:73 -  << "Date: Thu, 29 Apr 2021 08:39:13 GMT[\r][\n]"
2021-04-29 14:09:03 DEBUG wire:73 -  << "Content-Length: 163[\r][\n]"
2021-04-29 14:09:03 DEBUG wire:73 -  << "[\r][\n]"
2021-04-29 14:09:03 DEBUG DefaultClientConnection:259 - Receiving response: HTTP/1.1 502 Bad Gateway
2021-04-29 14:09:03 DEBUG headers:262 - << HTTP/1.1 502 Bad Gateway
2021-04-29 14:09:03 DEBUG headers:265 - << Cache-Control: no-cache
2021-04-29 14:09:03 DEBUG headers:265 - << Pragma: no-cache
2021-04-29 14:09:03 DEBUG headers:265 - << Content-Type: application/json; charset=utf-8
2021-04-29 14:09:03 DEBUG headers:265 - << Expires: -1
2021-04-29 14:09:03 DEBUG headers:265 - << x-ms-failure-cause: Trigger
2021-04-29 14:09:03 DEBUG headers:265 - << x-ms-workflow-run-id: 08585819213344356219429992872CU02
2021-04-29 14:09:03 DEBUG headers:265 - << x-ms-correlation-id: 8305dfe9-af4d-4e74-bd32-87fbd03b1bdf
2021-04-29 14:09:03 DEBUG headers:265 - << x-ms-client-tracking-id: 08585819213344356219429992872CU02
2021-04-29 14:09:03 DEBUG headers:265 - << x-ms-trigger-history-name: 08585819213344356219429992872CU02
2021-04-29 14:09:03 DEBUG headers:265 - << x-ms-execution-location: eastus
2021-04-29 14:09:03 DEBUG headers:265 - << x-ms-workflow-system-id: /locations/eastus/scaleunits/prod-03/workflows/21a2c519adea46fa8226d9348badd1c9
2021-04-29 14:09:03 DEBUG headers:265 - << x-ms-workflow-id: 21a2c519adea46fa8226d9348badd1c9
2021-04-29 14:09:03 DEBUG headers:265 - << x-ms-workflow-version: 08585825003350923326
2021-04-29 14:09:03 DEBUG headers:265 - << x-ms-workflow-name: sbd-SBD.CORP.JOURNEY-CAA-Inbound-APIMReceive-useast-dev-la
2021-04-29 14:09:03 DEBUG headers:265 - << x-ms-tracking-id: 8305dfe9-af4d-4e74-bd32-87fbd03b1bdf
2021-04-29 14:09:03 DEBUG headers:265 - << x-ms-request-id: eastus:8305dfe9-af4d-4e74-bd32-87fbd03b1bdf
2021-04-29 14:09:03 DEBUG headers:265 - << Strict-Transport-Security: max-age=31536000; includeSubDomains
2021-04-29 14:09:03 DEBUG headers:265 - << Date: Thu, 29 Apr 2021 08:39:13 GMT
2021-04-29 14:09:03 DEBUG headers:265 - << Content-Length: 163
2021-04-29 14:09:03 DEBUG DefaultHttpClient:509 - Connection can be kept alive indefinitely
2021-04-29 14:09:03 DEBUG RequestSpecificationImpl$RestAssuredHttpBuilder:545 - Parsing response as: application/json; charset=utf-8
2021-04-29 14:09:03 DEBUG RequestSpecificationImpl$RestAssuredHttpBuilder:548 - Parsed data to instance of: class org.apache.http.conn.EofSensorInputStream
2021-04-29 14:09:03 DEBUG RestCalls:47 - io.restassured.internal.RequestSpecificationImpl@7bdfe845
2021-04-29 14:09:03 INFO  TestUtils:17 - *** Get String Body****
2021-04-29 14:09:03 DEBUG wire:87 -  << "{"error":{"code":"NoResponse","message":"The server did not receive a response from an upstream server. Request tracking id '08585819213344356219429992872CU02'."}}"
2021-04-29 14:09:03 DEBUG BasicClientConnectionManager:200 - Releasing connection org.apache.http.impl.conn.ManagedClientConnectionImpl@259bee3d
2021-04-29 14:09:03 DEBUG BasicClientConnectionManager:225 - Connection can be kept alive indefinitely
2021-04-29 14:09:03 INFO  TestUtils:33 - ********JsonPath Response for Post*****
2021-04-29 14:09:03 INFO  InboundTesting:147 - ***** End P10_OverPayment Test Cases ************
2021-04-29 14:09:03 INFO  TestUtils:48 - **** Getting response Code*******
]]></system-out>
  </testcase>
  <testcase name="P10_OverPayment" classname="Inbound_Testing.InboundTesting" time="0">
    <skipped message="expected [200] but found [502]"/>
    <system-out><![CDATA[2021-04-29 14:09:03 INFO  payLoadsConvertor:16 - Inside payloads fn:
2021-04-29 14:09:03 INFO  InboundTesting:140 - **** Test Cases : Post Method *****
2021-04-29 14:09:03 INFO  URL:51 - PetStore URL Endpoint: https://d-api.sbdinc.com/corpjourneycaa/v1/Inbound/post
2021-04-29 14:09:03 INFO  RestCalls:43 - Post Request Call-
2021-04-29 14:09:03 DEBUG BasicClientConnectionManager:161 - Get connection for route {s}->https://d-api.sbdinc.com:443
2021-04-29 14:09:03 DEBUG DefaultClientConnectionOperator:177 - Connecting to d-api.sbdinc.com:443
2021-04-29 14:09:04 DEBUG RequestAddCookies:123 - CookieSpec selected: ignoreCookies
2021-04-29 14:09:04 DEBUG RequestAuthCache:77 - Auth cache not set in the context
2021-04-29 14:09:04 DEBUG RequestTargetAuthentication:80 - Target auth state: UNCHALLENGED
2021-04-29 14:09:04 DEBUG RequestProxyAuthentication:89 - Proxy auth state: UNCHALLENGED
2021-04-29 14:09:04 DEBUG DefaultHttpClient:682 - Attempt 1 to execute request
2021-04-29 14:09:04 DEBUG DefaultClientConnection:274 - Sending request: POST /corpjourneycaa/v1/Inbound/post?Agora-Subscription-Key=48dfe6a704414f4c9f61b37a6b983fd7 HTTP/1.1
2021-04-29 14:09:04 DEBUG wire:73 -  >> "POST /corpjourneycaa/v1/Inbound/post?Agora-Subscription-Key=48dfe6a704414f4c9f61b37a6b983fd7 HTTP/1.1[\r][\n]"
2021-04-29 14:09:04 DEBUG wire:73 -  >> "Accept: */*[\r][\n]"
2021-04-29 14:09:04 DEBUG wire:73 -  >> "Content-Type: application/json; charset=UTF-8[\r][\n]"
2021-04-29 14:09:04 DEBUG wire:73 -  >> "Content-Length: 0[\r][\n]"
2021-04-29 14:09:04 DEBUG wire:73 -  >> "Host: d-api.sbdinc.com[\r][\n]"
2021-04-29 14:09:04 DEBUG wire:73 -  >> "Connection: Keep-Alive[\r][\n]"
2021-04-29 14:09:04 DEBUG wire:73 -  >> "User-Agent: Apache-HttpClient/4.5.3 (Java/1.8.0_191)[\r][\n]"
2021-04-29 14:09:04 DEBUG wire:73 -  >> "Accept-Encoding: gzip,deflate[\r][\n]"
2021-04-29 14:09:04 DEBUG wire:73 -  >> "[\r][\n]"
2021-04-29 14:09:04 DEBUG headers:278 - >> POST /corpjourneycaa/v1/Inbound/post?Agora-Subscription-Key=48dfe6a704414f4c9f61b37a6b983fd7 HTTP/1.1
2021-04-29 14:09:04 DEBUG headers:281 - >> Accept: */*
2021-04-29 14:09:04 DEBUG headers:281 - >> Content-Type: application/json; charset=UTF-8
2021-04-29 14:09:04 DEBUG headers:281 - >> Content-Length: 0
2021-04-29 14:09:04 DEBUG headers:281 - >> Host: d-api.sbdinc.com
2021-04-29 14:09:04 DEBUG headers:281 - >> Connection: Keep-Alive
2021-04-29 14:09:04 DEBUG headers:281 - >> User-Agent: Apache-HttpClient/4.5.3 (Java/1.8.0_191)
2021-04-29 14:09:04 DEBUG headers:281 - >> Accept-Encoding: gzip,deflate
2021-04-29 14:09:05 DEBUG wire:73 -  << "HTTP/1.1 502 Bad Gateway[\r][\n]"
2021-04-29 14:09:05 DEBUG wire:73 -  << "Cache-Control: no-cache[\r][\n]"
2021-04-29 14:09:05 DEBUG wire:73 -  << "Pragma: no-cache[\r][\n]"
2021-04-29 14:09:05 DEBUG wire:73 -  << "Content-Type: application/json; charset=utf-8[\r][\n]"
2021-04-29 14:09:05 DEBUG wire:73 -  << "Expires: -1[\r][\n]"
2021-04-29 14:09:05 DEBUG wire:73 -  << "x-ms-failure-cause: Trigger[\r][\n]"
2021-04-29 14:09:05 DEBUG wire:73 -  << "x-ms-workflow-run-id: 08585819213311523914761814616CU00[\r][\n]"
2021-04-29 14:09:05 DEBUG wire:73 -  << "x-ms-correlation-id: ba7695d3-955c-4a48-b7af-cc8e7cd37694[\r][\n]"
2021-04-29 14:09:05 DEBUG wire:73 -  << "x-ms-client-tracking-id: 08585819213311523914761814616CU00[\r][\n]"
2021-04-29 14:09:05 DEBUG wire:73 -  << "x-ms-trigger-history-name: 08585819213311523914761814616CU00[\r][\n]"
2021-04-29 14:09:05 DEBUG wire:73 -  << "x-ms-execution-location: eastus[\r][\n]"
2021-04-29 14:09:05 DEBUG wire:73 -  << "x-ms-workflow-system-id: /locations/eastus/scaleunits/prod-03/workflows/21a2c519adea46fa8226d9348badd1c9[\r][\n]"
2021-04-29 14:09:05 DEBUG wire:73 -  << "x-ms-workflow-id: 21a2c519adea46fa8226d9348badd1c9[\r][\n]"
2021-04-29 14:09:05 DEBUG wire:73 -  << "x-ms-workflow-version: 08585825003350923326[\r][\n]"
2021-04-29 14:09:05 DEBUG wire:73 -  << "x-ms-workflow-name: sbd-SBD.CORP.JOURNEY-CAA-Inbound-APIMReceive-useast-dev-la[\r][\n]"
2021-04-29 14:09:05 DEBUG wire:73 -  << "x-ms-tracking-id: ba7695d3-955c-4a48-b7af-cc8e7cd37694[\r][\n]"
2021-04-29 14:09:05 DEBUG wire:73 -  << "x-ms-request-id: eastus:ba7695d3-955c-4a48-b7af-cc8e7cd37694[\r][\n]"
2021-04-29 14:09:05 DEBUG wire:73 -  << "Strict-Transport-Security: max-age=31536000; includeSubDomains[\r][\n]"
2021-04-29 14:09:05 DEBUG wire:73 -  << "Date: Thu, 29 Apr 2021 08:39:15 GMT[\r][\n]"
2021-04-29 14:09:05 DEBUG wire:73 -  << "Content-Length: 163[\r][\n]"
2021-04-29 14:09:05 DEBUG wire:73 -  << "[\r][\n]"
2021-04-29 14:09:05 DEBUG DefaultClientConnection:259 - Receiving response: HTTP/1.1 502 Bad Gateway
2021-04-29 14:09:05 DEBUG headers:262 - << HTTP/1.1 502 Bad Gateway
2021-04-29 14:09:05 DEBUG headers:265 - << Cache-Control: no-cache
2021-04-29 14:09:05 DEBUG headers:265 - << Pragma: no-cache
2021-04-29 14:09:05 DEBUG headers:265 - << Content-Type: application/json; charset=utf-8
2021-04-29 14:09:05 DEBUG headers:265 - << Expires: -1
2021-04-29 14:09:05 DEBUG headers:265 - << x-ms-failure-cause: Trigger
2021-04-29 14:09:05 DEBUG headers:265 - << x-ms-workflow-run-id: 08585819213311523914761814616CU00
2021-04-29 14:09:05 DEBUG headers:265 - << x-ms-correlation-id: ba7695d3-955c-4a48-b7af-cc8e7cd37694
2021-04-29 14:09:05 DEBUG headers:265 - << x-ms-client-tracking-id: 08585819213311523914761814616CU00
2021-04-29 14:09:05 DEBUG headers:265 - << x-ms-trigger-history-name: 08585819213311523914761814616CU00
2021-04-29 14:09:05 DEBUG headers:265 - << x-ms-execution-location: eastus
2021-04-29 14:09:05 DEBUG headers:265 - << x-ms-workflow-system-id: /locations/eastus/scaleunits/prod-03/workflows/21a2c519adea46fa8226d9348badd1c9
2021-04-29 14:09:05 DEBUG headers:265 - << x-ms-workflow-id: 21a2c519adea46fa8226d9348badd1c9
2021-04-29 14:09:05 DEBUG headers:265 - << x-ms-workflow-version: 08585825003350923326
2021-04-29 14:09:05 DEBUG headers:265 - << x-ms-workflow-name: sbd-SBD.CORP.JOURNEY-CAA-Inbound-APIMReceive-useast-dev-la
2021-04-29 14:09:05 DEBUG headers:265 - << x-ms-tracking-id: ba7695d3-955c-4a48-b7af-cc8e7cd37694
2021-04-29 14:09:05 DEBUG headers:265 - << x-ms-request-id: eastus:ba7695d3-955c-4a48-b7af-cc8e7cd37694
2021-04-29 14:09:05 DEBUG headers:265 - << Strict-Transport-Security: max-age=31536000; includeSubDomains
2021-04-29 14:09:05 DEBUG headers:265 - << Date: Thu, 29 Apr 2021 08:39:15 GMT
2021-04-29 14:09:05 DEBUG headers:265 - << Content-Length: 163
2021-04-29 14:09:05 DEBUG DefaultHttpClient:509 - Connection can be kept alive indefinitely
2021-04-29 14:09:05 DEBUG RequestSpecificationImpl$RestAssuredHttpBuilder:545 - Parsing response as: application/json; charset=utf-8
2021-04-29 14:09:05 DEBUG RequestSpecificationImpl$RestAssuredHttpBuilder:548 - Parsed data to instance of: class org.apache.http.conn.EofSensorInputStream
2021-04-29 14:09:05 DEBUG RestCalls:47 - io.restassured.internal.RequestSpecificationImpl@5feacec
2021-04-29 14:09:05 INFO  TestUtils:17 - *** Get String Body****
2021-04-29 14:09:05 DEBUG wire:87 -  << "{"error":{"code":"NoResponse","message":"The server did not receive a response from an upstream server. Request tracking id '08585819213311523914761814616CU00'."}}"
2021-04-29 14:09:05 DEBUG BasicClientConnectionManager:200 - Releasing connection org.apache.http.impl.conn.ManagedClientConnectionImpl@4af813e1
2021-04-29 14:09:05 DEBUG BasicClientConnectionManager:225 - Connection can be kept alive indefinitely
2021-04-29 14:09:05 INFO  TestUtils:33 - ********JsonPath Response for Post*****
2021-04-29 14:09:05 INFO  InboundTesting:147 - ***** End P10_OverPayment Test Cases ************
2021-04-29 14:09:05 INFO  TestUtils:48 - **** Getting response Code*******
]]></system-out>
  </testcase>
  <testcase name="P10_OverPayment" classname="Inbound_Testing.InboundTesting" time="2.812">
    <failure message="expected [200] but found [502]" type="java.lang.AssertionError">java.lang.AssertionError: expected [200] but found [502]
	at Inbound_Testing.InboundTesting.P10_OverPayment(InboundTesting.java:148)
</failure>
    <system-out><![CDATA[2021-04-29 14:09:05 INFO  payLoadsConvertor:16 - Inside payloads fn:
2021-04-29 14:09:05 INFO  InboundTesting:140 - **** Test Cases : Post Method *****
2021-04-29 14:09:05 INFO  URL:51 - PetStore URL Endpoint: https://d-api.sbdinc.com/corpjourneycaa/v1/Inbound/post
2021-04-29 14:09:05 INFO  RestCalls:43 - Post Request Call-
2021-04-29 14:09:05 DEBUG BasicClientConnectionManager:161 - Get connection for route {s}->https://d-api.sbdinc.com:443
2021-04-29 14:09:05 DEBUG DefaultClientConnectionOperator:177 - Connecting to d-api.sbdinc.com:443
2021-04-29 14:09:06 DEBUG RequestAddCookies:123 - CookieSpec selected: ignoreCookies
2021-04-29 14:09:06 DEBUG RequestAuthCache:77 - Auth cache not set in the context
2021-04-29 14:09:06 DEBUG RequestTargetAuthentication:80 - Target auth state: UNCHALLENGED
2021-04-29 14:09:06 DEBUG RequestProxyAuthentication:89 - Proxy auth state: UNCHALLENGED
2021-04-29 14:09:06 DEBUG DefaultHttpClient:682 - Attempt 1 to execute request
2021-04-29 14:09:06 DEBUG DefaultClientConnection:274 - Sending request: POST /corpjourneycaa/v1/Inbound/post?Agora-Subscription-Key=48dfe6a704414f4c9f61b37a6b983fd7 HTTP/1.1
2021-04-29 14:09:06 DEBUG wire:73 -  >> "POST /corpjourneycaa/v1/Inbound/post?Agora-Subscription-Key=48dfe6a704414f4c9f61b37a6b983fd7 HTTP/1.1[\r][\n]"
2021-04-29 14:09:06 DEBUG wire:73 -  >> "Accept: */*[\r][\n]"
2021-04-29 14:09:06 DEBUG wire:73 -  >> "Content-Type: application/json; charset=UTF-8[\r][\n]"
2021-04-29 14:09:06 DEBUG wire:73 -  >> "Content-Length: 0[\r][\n]"
2021-04-29 14:09:06 DEBUG wire:73 -  >> "Host: d-api.sbdinc.com[\r][\n]"
2021-04-29 14:09:06 DEBUG wire:73 -  >> "Connection: Keep-Alive[\r][\n]"
2021-04-29 14:09:06 DEBUG wire:73 -  >> "User-Agent: Apache-HttpClient/4.5.3 (Java/1.8.0_191)[\r][\n]"
2021-04-29 14:09:06 DEBUG wire:73 -  >> "Accept-Encoding: gzip,deflate[\r][\n]"
2021-04-29 14:09:06 DEBUG wire:73 -  >> "[\r][\n]"
2021-04-29 14:09:06 DEBUG headers:278 - >> POST /corpjourneycaa/v1/Inbound/post?Agora-Subscription-Key=48dfe6a704414f4c9f61b37a6b983fd7 HTTP/1.1
2021-04-29 14:09:06 DEBUG headers:281 - >> Accept: */*
2021-04-29 14:09:06 DEBUG headers:281 - >> Content-Type: application/json; charset=UTF-8
2021-04-29 14:09:06 DEBUG headers:281 - >> Content-Length: 0
2021-04-29 14:09:06 DEBUG headers:281 - >> Host: d-api.sbdinc.com
2021-04-29 14:09:06 DEBUG headers:281 - >> Connection: Keep-Alive
2021-04-29 14:09:06 DEBUG headers:281 - >> User-Agent: Apache-HttpClient/4.5.3 (Java/1.8.0_191)
2021-04-29 14:09:06 DEBUG headers:281 - >> Accept-Encoding: gzip,deflate
2021-04-29 14:09:08 DEBUG wire:73 -  << "HTTP/1.1 502 Bad Gateway[\r][\n]"
2021-04-29 14:09:08 DEBUG wire:73 -  << "Cache-Control: no-cache[\r][\n]"
2021-04-29 14:09:08 DEBUG wire:73 -  << "Pragma: no-cache[\r][\n]"
2021-04-29 14:09:08 DEBUG wire:73 -  << "Content-Type: application/json; charset=utf-8[\r][\n]"
2021-04-29 14:09:08 DEBUG wire:73 -  << "Expires: -1[\r][\n]"
2021-04-29 14:09:08 DEBUG wire:73 -  << "x-ms-failure-cause: Trigger[\r][\n]"
2021-04-29 14:09:08 DEBUG wire:73 -  << "x-ms-workflow-run-id: 08585819213288430917888690405CU03[\r][\n]"
2021-04-29 14:09:08 DEBUG wire:73 -  << "x-ms-correlation-id: 5a98e07b-a99a-4e11-a20d-6329fbcce229[\r][\n]"
2021-04-29 14:09:08 DEBUG wire:73 -  << "x-ms-client-tracking-id: 08585819213288430917888690405CU03[\r][\n]"
2021-04-29 14:09:08 DEBUG wire:73 -  << "x-ms-trigger-history-name: 08585819213288430917888690405CU03[\r][\n]"
2021-04-29 14:09:08 DEBUG wire:73 -  << "x-ms-execution-location: eastus[\r][\n]"
2021-04-29 14:09:08 DEBUG wire:73 -  << "x-ms-workflow-system-id: /locations/eastus/scaleunits/prod-03/workflows/21a2c519adea46fa8226d9348badd1c9[\r][\n]"
2021-04-29 14:09:08 DEBUG wire:73 -  << "x-ms-workflow-id: 21a2c519adea46fa8226d9348badd1c9[\r][\n]"
2021-04-29 14:09:08 DEBUG wire:73 -  << "x-ms-workflow-version: 08585825003350923326[\r][\n]"
2021-04-29 14:09:08 DEBUG wire:73 -  << "x-ms-workflow-name: sbd-SBD.CORP.JOURNEY-CAA-Inbound-APIMReceive-useast-dev-la[\r][\n]"
2021-04-29 14:09:08 DEBUG wire:73 -  << "x-ms-tracking-id: 5a98e07b-a99a-4e11-a20d-6329fbcce229[\r][\n]"
2021-04-29 14:09:08 DEBUG wire:73 -  << "x-ms-request-id: eastus:5a98e07b-a99a-4e11-a20d-6329fbcce229[\r][\n]"
2021-04-29 14:09:08 DEBUG wire:73 -  << "Strict-Transport-Security: max-age=31536000; includeSubDomains[\r][\n]"
2021-04-29 14:09:08 DEBUG wire:73 -  << "Date: Thu, 29 Apr 2021 08:39:18 GMT[\r][\n]"
2021-04-29 14:09:08 DEBUG wire:73 -  << "Content-Length: 163[\r][\n]"
2021-04-29 14:09:08 DEBUG wire:73 -  << "[\r][\n]"
2021-04-29 14:09:08 DEBUG DefaultClientConnection:259 - Receiving response: HTTP/1.1 502 Bad Gateway
2021-04-29 14:09:08 DEBUG headers:262 - << HTTP/1.1 502 Bad Gateway
2021-04-29 14:09:08 DEBUG headers:265 - << Cache-Control: no-cache
2021-04-29 14:09:08 DEBUG headers:265 - << Pragma: no-cache
2021-04-29 14:09:08 DEBUG headers:265 - << Content-Type: application/json; charset=utf-8
2021-04-29 14:09:08 DEBUG headers:265 - << Expires: -1
2021-04-29 14:09:08 DEBUG headers:265 - << x-ms-failure-cause: Trigger
2021-04-29 14:09:08 DEBUG headers:265 - << x-ms-workflow-run-id: 08585819213288430917888690405CU03
2021-04-29 14:09:08 DEBUG headers:265 - << x-ms-correlation-id: 5a98e07b-a99a-4e11-a20d-6329fbcce229
2021-04-29 14:09:08 DEBUG headers:265 - << x-ms-client-tracking-id: 08585819213288430917888690405CU03
2021-04-29 14:09:08 DEBUG headers:265 - << x-ms-trigger-history-name: 08585819213288430917888690405CU03
2021-04-29 14:09:08 DEBUG headers:265 - << x-ms-execution-location: eastus
2021-04-29 14:09:08 DEBUG headers:265 - << x-ms-workflow-system-id: /locations/eastus/scaleunits/prod-03/workflows/21a2c519adea46fa8226d9348badd1c9
2021-04-29 14:09:08 DEBUG headers:265 - << x-ms-workflow-id: 21a2c519adea46fa8226d9348badd1c9
2021-04-29 14:09:08 DEBUG headers:265 - << x-ms-workflow-version: 08585825003350923326
2021-04-29 14:09:08 DEBUG headers:265 - << x-ms-workflow-name: sbd-SBD.CORP.JOURNEY-CAA-Inbound-APIMReceive-useast-dev-la
2021-04-29 14:09:08 DEBUG headers:265 - << x-ms-tracking-id: 5a98e07b-a99a-4e11-a20d-6329fbcce229
2021-04-29 14:09:08 DEBUG headers:265 - << x-ms-request-id: eastus:5a98e07b-a99a-4e11-a20d-6329fbcce229
2021-04-29 14:09:08 DEBUG headers:265 - << Strict-Transport-Security: max-age=31536000; includeSubDomains
2021-04-29 14:09:08 DEBUG headers:265 - << Date: Thu, 29 Apr 2021 08:39:18 GMT
2021-04-29 14:09:08 DEBUG headers:265 - << Content-Length: 163
2021-04-29 14:09:08 DEBUG DefaultHttpClient:509 - Connection can be kept alive indefinitely
2021-04-29 14:09:08 DEBUG RequestSpecificationImpl$RestAssuredHttpBuilder:545 - Parsing response as: application/json; charset=utf-8
2021-04-29 14:09:08 DEBUG RequestSpecificationImpl$RestAssuredHttpBuilder:548 - Parsed data to instance of: class org.apache.http.conn.EofSensorInputStream
2021-04-29 14:09:08 DEBUG RestCalls:47 - io.restassured.internal.RequestSpecificationImpl@25cd4fc6
2021-04-29 14:09:08 INFO  TestUtils:17 - *** Get String Body****
2021-04-29 14:09:08 DEBUG wire:87 -  << "{"error":{"code":"NoResponse","message":"The server did not receive a response from an upstream server. Request tracking id '08585819213288430917888690405CU03'."}}"
2021-04-29 14:09:08 DEBUG BasicClientConnectionManager:200 - Releasing connection org.apache.http.impl.conn.ManagedClientConnectionImpl@27b5a81a
2021-04-29 14:09:08 DEBUG BasicClientConnectionManager:225 - Connection can be kept alive indefinitely
2021-04-29 14:09:08 INFO  TestUtils:33 - ********JsonPath Response for Post*****
2021-04-29 14:09:08 INFO  InboundTesting:147 - ***** End P10_OverPayment Test Cases ************
2021-04-29 14:09:08 INFO  TestUtils:48 - **** Getting response Code*******
]]></system-out>
  </testcase>
  <testcase name="P10_PerfectMatch" classname="Inbound_Testing.InboundTesting" time="0">
    <skipped message="expected [200] but found [502]"/>
    <system-out><![CDATA[2021-04-29 14:09:08 INFO  payLoadsConvertor:16 - Inside payloads fn:
2021-04-29 14:09:08 INFO  InboundTesting:158 - **** Test Cases : Post Method *****
2021-04-29 14:09:08 INFO  URL:51 - PetStore URL Endpoint: https://d-api.sbdinc.com/corpjourneycaa/v1/Inbound/post
2021-04-29 14:09:08 INFO  RestCalls:43 - Post Request Call-
2021-04-29 14:09:08 DEBUG BasicClientConnectionManager:161 - Get connection for route {s}->https://d-api.sbdinc.com:443
2021-04-29 14:09:08 DEBUG DefaultClientConnectionOperator:177 - Connecting to d-api.sbdinc.com:443
2021-04-29 14:09:09 DEBUG RequestAddCookies:123 - CookieSpec selected: ignoreCookies
2021-04-29 14:09:09 DEBUG RequestAuthCache:77 - Auth cache not set in the context
2021-04-29 14:09:09 DEBUG RequestTargetAuthentication:80 - Target auth state: UNCHALLENGED
2021-04-29 14:09:09 DEBUG RequestProxyAuthentication:89 - Proxy auth state: UNCHALLENGED
2021-04-29 14:09:09 DEBUG DefaultHttpClient:682 - Attempt 1 to execute request
2021-04-29 14:09:09 DEBUG DefaultClientConnection:274 - Sending request: POST /corpjourneycaa/v1/Inbound/post?Agora-Subscription-Key=48dfe6a704414f4c9f61b37a6b983fd7 HTTP/1.1
2021-04-29 14:09:09 DEBUG wire:73 -  >> "POST /corpjourneycaa/v1/Inbound/post?Agora-Subscription-Key=48dfe6a704414f4c9f61b37a6b983fd7 HTTP/1.1[\r][\n]"
2021-04-29 14:09:09 DEBUG wire:73 -  >> "Accept: */*[\r][\n]"
2021-04-29 14:09:09 DEBUG wire:73 -  >> "Content-Type: application/json; charset=UTF-8[\r][\n]"
2021-04-29 14:09:09 DEBUG wire:73 -  >> "Content-Length: 0[\r][\n]"
2021-04-29 14:09:09 DEBUG wire:73 -  >> "Host: d-api.sbdinc.com[\r][\n]"
2021-04-29 14:09:09 DEBUG wire:73 -  >> "Connection: Keep-Alive[\r][\n]"
2021-04-29 14:09:09 DEBUG wire:73 -  >> "User-Agent: Apache-HttpClient/4.5.3 (Java/1.8.0_191)[\r][\n]"
2021-04-29 14:09:09 DEBUG wire:73 -  >> "Accept-Encoding: gzip,deflate[\r][\n]"
2021-04-29 14:09:09 DEBUG wire:73 -  >> "[\r][\n]"
2021-04-29 14:09:09 DEBUG headers:278 - >> POST /corpjourneycaa/v1/Inbound/post?Agora-Subscription-Key=48dfe6a704414f4c9f61b37a6b983fd7 HTTP/1.1
2021-04-29 14:09:09 DEBUG headers:281 - >> Accept: */*
2021-04-29 14:09:09 DEBUG headers:281 - >> Content-Type: application/json; charset=UTF-8
2021-04-29 14:09:09 DEBUG headers:281 - >> Content-Length: 0
2021-04-29 14:09:09 DEBUG headers:281 - >> Host: d-api.sbdinc.com
2021-04-29 14:09:09 DEBUG headers:281 - >> Connection: Keep-Alive
2021-04-29 14:09:09 DEBUG headers:281 - >> User-Agent: Apache-HttpClient/4.5.3 (Java/1.8.0_191)
2021-04-29 14:09:09 DEBUG headers:281 - >> Accept-Encoding: gzip,deflate
2021-04-29 14:09:11 DEBUG wire:73 -  << "HTTP/1.1 502 Bad Gateway[\r][\n]"
2021-04-29 14:09:11 DEBUG wire:73 -  << "Cache-Control: no-cache[\r][\n]"
2021-04-29 14:09:11 DEBUG wire:73 -  << "Pragma: no-cache[\r][\n]"
2021-04-29 14:09:11 DEBUG wire:73 -  << "Content-Type: application/json; charset=utf-8[\r][\n]"
2021-04-29 14:09:11 DEBUG wire:73 -  << "Expires: -1[\r][\n]"
2021-04-29 14:09:11 DEBUG wire:73 -  << "x-ms-failure-cause: Trigger[\r][\n]"
2021-04-29 14:09:11 DEBUG wire:73 -  << "x-ms-workflow-run-id: 08585819213258770544963811689CU00[\r][\n]"
2021-04-29 14:09:11 DEBUG wire:73 -  << "x-ms-correlation-id: d1915b77-d90d-44aa-a387-937545d1a358[\r][\n]"
2021-04-29 14:09:11 DEBUG wire:73 -  << "x-ms-client-tracking-id: 08585819213258770544963811689CU00[\r][\n]"
2021-04-29 14:09:11 DEBUG wire:73 -  << "x-ms-trigger-history-name: 08585819213258770544963811689CU00[\r][\n]"
2021-04-29 14:09:11 DEBUG wire:73 -  << "x-ms-execution-location: eastus[\r][\n]"
2021-04-29 14:09:11 DEBUG wire:73 -  << "x-ms-workflow-system-id: /locations/eastus/scaleunits/prod-03/workflows/21a2c519adea46fa8226d9348badd1c9[\r][\n]"
2021-04-29 14:09:11 DEBUG wire:73 -  << "x-ms-workflow-id: 21a2c519adea46fa8226d9348badd1c9[\r][\n]"
2021-04-29 14:09:11 DEBUG wire:73 -  << "x-ms-workflow-version: 08585825003350923326[\r][\n]"
2021-04-29 14:09:11 DEBUG wire:73 -  << "x-ms-workflow-name: sbd-SBD.CORP.JOURNEY-CAA-Inbound-APIMReceive-useast-dev-la[\r][\n]"
2021-04-29 14:09:11 DEBUG wire:73 -  << "x-ms-tracking-id: d1915b77-d90d-44aa-a387-937545d1a358[\r][\n]"
2021-04-29 14:09:11 DEBUG wire:73 -  << "x-ms-request-id: eastus:d1915b77-d90d-44aa-a387-937545d1a358[\r][\n]"
2021-04-29 14:09:11 DEBUG wire:73 -  << "Strict-Transport-Security: max-age=31536000; includeSubDomains[\r][\n]"
2021-04-29 14:09:11 DEBUG wire:73 -  << "Date: Thu, 29 Apr 2021 08:39:21 GMT[\r][\n]"
2021-04-29 14:09:11 DEBUG wire:73 -  << "Content-Length: 163[\r][\n]"
2021-04-29 14:09:11 DEBUG wire:73 -  << "[\r][\n]"
2021-04-29 14:09:11 DEBUG DefaultClientConnection:259 - Receiving response: HTTP/1.1 502 Bad Gateway
2021-04-29 14:09:11 DEBUG headers:262 - << HTTP/1.1 502 Bad Gateway
2021-04-29 14:09:11 DEBUG headers:265 - << Cache-Control: no-cache
2021-04-29 14:09:11 DEBUG headers:265 - << Pragma: no-cache
2021-04-29 14:09:11 DEBUG headers:265 - << Content-Type: application/json; charset=utf-8
2021-04-29 14:09:11 DEBUG headers:265 - << Expires: -1
2021-04-29 14:09:11 DEBUG headers:265 - << x-ms-failure-cause: Trigger
2021-04-29 14:09:11 DEBUG headers:265 - << x-ms-workflow-run-id: 08585819213258770544963811689CU00
2021-04-29 14:09:11 DEBUG headers:265 - << x-ms-correlation-id: d1915b77-d90d-44aa-a387-937545d1a358
2021-04-29 14:09:11 DEBUG headers:265 - << x-ms-client-tracking-id: 08585819213258770544963811689CU00
2021-04-29 14:09:11 DEBUG headers:265 - << x-ms-trigger-history-name: 08585819213258770544963811689CU00
2021-04-29 14:09:11 DEBUG headers:265 - << x-ms-execution-location: eastus
2021-04-29 14:09:11 DEBUG headers:265 - << x-ms-workflow-system-id: /locations/eastus/scaleunits/prod-03/workflows/21a2c519adea46fa8226d9348badd1c9
2021-04-29 14:09:11 DEBUG headers:265 - << x-ms-workflow-id: 21a2c519adea46fa8226d9348badd1c9
2021-04-29 14:09:11 DEBUG headers:265 - << x-ms-workflow-version: 08585825003350923326
2021-04-29 14:09:11 DEBUG headers:265 - << x-ms-workflow-name: sbd-SBD.CORP.JOURNEY-CAA-Inbound-APIMReceive-useast-dev-la
2021-04-29 14:09:11 DEBUG headers:265 - << x-ms-tracking-id: d1915b77-d90d-44aa-a387-937545d1a358
2021-04-29 14:09:11 DEBUG headers:265 - << x-ms-request-id: eastus:d1915b77-d90d-44aa-a387-937545d1a358
2021-04-29 14:09:11 DEBUG headers:265 - << Strict-Transport-Security: max-age=31536000; includeSubDomains
2021-04-29 14:09:11 DEBUG headers:265 - << Date: Thu, 29 Apr 2021 08:39:21 GMT
2021-04-29 14:09:11 DEBUG headers:265 - << Content-Length: 163
2021-04-29 14:09:11 DEBUG DefaultHttpClient:509 - Connection can be kept alive indefinitely
2021-04-29 14:09:11 DEBUG RequestSpecificationImpl$RestAssuredHttpBuilder:545 - Parsing response as: application/json; charset=utf-8
2021-04-29 14:09:11 DEBUG RequestSpecificationImpl$RestAssuredHttpBuilder:548 - Parsed data to instance of: class org.apache.http.conn.EofSensorInputStream
2021-04-29 14:09:11 DEBUG RestCalls:47 - io.restassured.internal.RequestSpecificationImpl@20a558cc
2021-04-29 14:09:11 INFO  TestUtils:17 - *** Get String Body****
2021-04-29 14:09:11 DEBUG wire:87 -  << "{"error":{"code":"NoResponse","message":"The server did not receive a response from an upstream server. Request tracking id '08585819213258770544963811689CU00'."}}"
2021-04-29 14:09:11 DEBUG BasicClientConnectionManager:200 - Releasing connection org.apache.http.impl.conn.ManagedClientConnectionImpl@56d4010
2021-04-29 14:09:11 DEBUG BasicClientConnectionManager:225 - Connection can be kept alive indefinitely
2021-04-29 14:09:11 INFO  TestUtils:33 - ********JsonPath Response for Post*****
2021-04-29 14:09:11 INFO  InboundTesting:165 - ***** End P10_PerfectMatch Test Cases ************
2021-04-29 14:09:11 INFO  TestUtils:48 - **** Getting response Code*******
]]></system-out>
  </testcase>
  <testcase name="P10_PerfectMatch" classname="Inbound_Testing.InboundTesting" time="0">
    <skipped message="expected [200] but found [502]"/>
    <system-out><![CDATA[2021-04-29 14:09:11 INFO  payLoadsConvertor:16 - Inside payloads fn:
2021-04-29 14:09:11 INFO  InboundTesting:158 - **** Test Cases : Post Method *****
2021-04-29 14:09:11 INFO  URL:51 - PetStore URL Endpoint: https://d-api.sbdinc.com/corpjourneycaa/v1/Inbound/post
2021-04-29 14:09:11 INFO  RestCalls:43 - Post Request Call-
2021-04-29 14:09:11 DEBUG BasicClientConnectionManager:161 - Get connection for route {s}->https://d-api.sbdinc.com:443
2021-04-29 14:09:11 DEBUG DefaultClientConnectionOperator:177 - Connecting to d-api.sbdinc.com:443
2021-04-29 14:09:12 DEBUG RequestAddCookies:123 - CookieSpec selected: ignoreCookies
2021-04-29 14:09:12 DEBUG RequestAuthCache:77 - Auth cache not set in the context
2021-04-29 14:09:12 DEBUG RequestTargetAuthentication:80 - Target auth state: UNCHALLENGED
2021-04-29 14:09:12 DEBUG RequestProxyAuthentication:89 - Proxy auth state: UNCHALLENGED
2021-04-29 14:09:12 DEBUG DefaultHttpClient:682 - Attempt 1 to execute request
2021-04-29 14:09:12 DEBUG DefaultClientConnection:274 - Sending request: POST /corpjourneycaa/v1/Inbound/post?Agora-Subscription-Key=48dfe6a704414f4c9f61b37a6b983fd7 HTTP/1.1
2021-04-29 14:09:12 DEBUG wire:73 -  >> "POST /corpjourneycaa/v1/Inbound/post?Agora-Subscription-Key=48dfe6a704414f4c9f61b37a6b983fd7 HTTP/1.1[\r][\n]"
2021-04-29 14:09:12 DEBUG wire:73 -  >> "Accept: */*[\r][\n]"
2021-04-29 14:09:12 DEBUG wire:73 -  >> "Content-Type: application/json; charset=UTF-8[\r][\n]"
2021-04-29 14:09:12 DEBUG wire:73 -  >> "Content-Length: 0[\r][\n]"
2021-04-29 14:09:12 DEBUG wire:73 -  >> "Host: d-api.sbdinc.com[\r][\n]"
2021-04-29 14:09:12 DEBUG wire:73 -  >> "Connection: Keep-Alive[\r][\n]"
2021-04-29 14:09:12 DEBUG wire:73 -  >> "User-Agent: Apache-HttpClient/4.5.3 (Java/1.8.0_191)[\r][\n]"
2021-04-29 14:09:12 DEBUG wire:73 -  >> "Accept-Encoding: gzip,deflate[\r][\n]"
2021-04-29 14:09:12 DEBUG wire:73 -  >> "[\r][\n]"
2021-04-29 14:09:12 DEBUG headers:278 - >> POST /corpjourneycaa/v1/Inbound/post?Agora-Subscription-Key=48dfe6a704414f4c9f61b37a6b983fd7 HTTP/1.1
2021-04-29 14:09:12 DEBUG headers:281 - >> Accept: */*
2021-04-29 14:09:12 DEBUG headers:281 - >> Content-Type: application/json; charset=UTF-8
2021-04-29 14:09:12 DEBUG headers:281 - >> Content-Length: 0
2021-04-29 14:09:12 DEBUG headers:281 - >> Host: d-api.sbdinc.com
2021-04-29 14:09:12 DEBUG headers:281 - >> Connection: Keep-Alive
2021-04-29 14:09:12 DEBUG headers:281 - >> User-Agent: Apache-HttpClient/4.5.3 (Java/1.8.0_191)
2021-04-29 14:09:12 DEBUG headers:281 - >> Accept-Encoding: gzip,deflate
2021-04-29 14:09:13 DEBUG wire:73 -  << "HTTP/1.1 502 Bad Gateway[\r][\n]"
2021-04-29 14:09:13 DEBUG wire:73 -  << "Cache-Control: no-cache[\r][\n]"
2021-04-29 14:09:13 DEBUG wire:73 -  << "Pragma: no-cache[\r][\n]"
2021-04-29 14:09:13 DEBUG wire:73 -  << "Content-Type: application/json; charset=utf-8[\r][\n]"
2021-04-29 14:09:13 DEBUG wire:73 -  << "Expires: -1[\r][\n]"
2021-04-29 14:09:13 DEBUG wire:73 -  << "x-ms-failure-cause: Trigger[\r][\n]"
2021-04-29 14:09:13 DEBUG wire:73 -  << "x-ms-workflow-run-id: 08585819213231193978434406565CU01[\r][\n]"
2021-04-29 14:09:13 DEBUG wire:73 -  << "x-ms-correlation-id: 85ef1755-8da8-4a1b-85bc-6eb1315aa371[\r][\n]"
2021-04-29 14:09:13 DEBUG wire:73 -  << "x-ms-client-tracking-id: 08585819213231193978434406565CU01[\r][\n]"
2021-04-29 14:09:13 DEBUG wire:73 -  << "x-ms-trigger-history-name: 08585819213231193978434406565CU01[\r][\n]"
2021-04-29 14:09:13 DEBUG wire:73 -  << "x-ms-execution-location: eastus[\r][\n]"
2021-04-29 14:09:13 DEBUG wire:73 -  << "x-ms-workflow-system-id: /locations/eastus/scaleunits/prod-03/workflows/21a2c519adea46fa8226d9348badd1c9[\r][\n]"
2021-04-29 14:09:13 DEBUG wire:73 -  << "x-ms-workflow-id: 21a2c519adea46fa8226d9348badd1c9[\r][\n]"
2021-04-29 14:09:13 DEBUG wire:73 -  << "x-ms-workflow-version: 08585825003350923326[\r][\n]"
2021-04-29 14:09:13 DEBUG wire:73 -  << "x-ms-workflow-name: sbd-SBD.CORP.JOURNEY-CAA-Inbound-APIMReceive-useast-dev-la[\r][\n]"
2021-04-29 14:09:13 DEBUG wire:73 -  << "x-ms-tracking-id: 85ef1755-8da8-4a1b-85bc-6eb1315aa371[\r][\n]"
2021-04-29 14:09:13 DEBUG wire:73 -  << "x-ms-request-id: eastus:85ef1755-8da8-4a1b-85bc-6eb1315aa371[\r][\n]"
2021-04-29 14:09:13 DEBUG wire:73 -  << "Strict-Transport-Security: max-age=31536000; includeSubDomains[\r][\n]"
2021-04-29 14:09:13 DEBUG wire:73 -  << "Date: Thu, 29 Apr 2021 08:39:22 GMT[\r][\n]"
2021-04-29 14:09:13 DEBUG wire:73 -  << "Content-Length: 163[\r][\n]"
2021-04-29 14:09:13 DEBUG wire:73 -  << "[\r][\n]"
2021-04-29 14:09:13 DEBUG DefaultClientConnection:259 - Receiving response: HTTP/1.1 502 Bad Gateway
2021-04-29 14:09:13 DEBUG headers:262 - << HTTP/1.1 502 Bad Gateway
2021-04-29 14:09:13 DEBUG headers:265 - << Cache-Control: no-cache
2021-04-29 14:09:13 DEBUG headers:265 - << Pragma: no-cache
2021-04-29 14:09:13 DEBUG headers:265 - << Content-Type: application/json; charset=utf-8
2021-04-29 14:09:13 DEBUG headers:265 - << Expires: -1
2021-04-29 14:09:13 DEBUG headers:265 - << x-ms-failure-cause: Trigger
2021-04-29 14:09:13 DEBUG headers:265 - << x-ms-workflow-run-id: 08585819213231193978434406565CU01
2021-04-29 14:09:13 DEBUG headers:265 - << x-ms-correlation-id: 85ef1755-8da8-4a1b-85bc-6eb1315aa371
2021-04-29 14:09:13 DEBUG headers:265 - << x-ms-client-tracking-id: 08585819213231193978434406565CU01
2021-04-29 14:09:13 DEBUG headers:265 - << x-ms-trigger-history-name: 08585819213231193978434406565CU01
2021-04-29 14:09:13 DEBUG headers:265 - << x-ms-execution-location: eastus
2021-04-29 14:09:13 DEBUG headers:265 - << x-ms-workflow-system-id: /locations/eastus/scaleunits/prod-03/workflows/21a2c519adea46fa8226d9348badd1c9
2021-04-29 14:09:13 DEBUG headers:265 - << x-ms-workflow-id: 21a2c519adea46fa8226d9348badd1c9
2021-04-29 14:09:13 DEBUG headers:265 - << x-ms-workflow-version: 08585825003350923326
2021-04-29 14:09:13 DEBUG headers:265 - << x-ms-workflow-name: sbd-SBD.CORP.JOURNEY-CAA-Inbound-APIMReceive-useast-dev-la
2021-04-29 14:09:13 DEBUG headers:265 - << x-ms-tracking-id: 85ef1755-8da8-4a1b-85bc-6eb1315aa371
2021-04-29 14:09:13 DEBUG headers:265 - << x-ms-request-id: eastus:85ef1755-8da8-4a1b-85bc-6eb1315aa371
2021-04-29 14:09:13 DEBUG headers:265 - << Strict-Transport-Security: max-age=31536000; includeSubDomains
2021-04-29 14:09:13 DEBUG headers:265 - << Date: Thu, 29 Apr 2021 08:39:22 GMT
2021-04-29 14:09:13 DEBUG headers:265 - << Content-Length: 163
2021-04-29 14:09:13 DEBUG DefaultHttpClient:509 - Connection can be kept alive indefinitely
2021-04-29 14:09:13 DEBUG RequestSpecificationImpl$RestAssuredHttpBuilder:545 - Parsing response as: application/json; charset=utf-8
2021-04-29 14:09:13 DEBUG RequestSpecificationImpl$RestAssuredHttpBuilder:548 - Parsed data to instance of: class org.apache.http.conn.EofSensorInputStream
2021-04-29 14:09:13 DEBUG RestCalls:47 - io.restassured.internal.RequestSpecificationImpl@2550de2
2021-04-29 14:09:13 INFO  TestUtils:17 - *** Get String Body****
2021-04-29 14:09:13 DEBUG wire:87 -  << "{"error":{"code":"NoResponse","message":"The server did not receive a response from an upstream server. Request tracking id '08585819213231193978434406565CU01'."}}"
2021-04-29 14:09:13 DEBUG BasicClientConnectionManager:200 - Releasing connection org.apache.http.impl.conn.ManagedClientConnectionImpl@58e15de5
2021-04-29 14:09:13 DEBUG BasicClientConnectionManager:225 - Connection can be kept alive indefinitely
2021-04-29 14:09:13 INFO  TestUtils:33 - ********JsonPath Response for Post*****
2021-04-29 14:09:13 INFO  InboundTesting:165 - ***** End P10_PerfectMatch Test Cases ************
2021-04-29 14:09:13 INFO  TestUtils:48 - **** Getting response Code*******
]]></system-out>
  </testcase>
  <testcase name="P10_PerfectMatch" classname="Inbound_Testing.InboundTesting" time="0">
    <skipped message="expected [200] but found [502]"/>
    <system-out><![CDATA[2021-04-29 14:09:13 INFO  payLoadsConvertor:16 - Inside payloads fn:
2021-04-29 14:09:13 INFO  InboundTesting:158 - **** Test Cases : Post Method *****
2021-04-29 14:09:13 INFO  URL:51 - PetStore URL Endpoint: https://d-api.sbdinc.com/corpjourneycaa/v1/Inbound/post
2021-04-29 14:09:13 INFO  RestCalls:43 - Post Request Call-
2021-04-29 14:09:13 DEBUG BasicClientConnectionManager:161 - Get connection for route {s}->https://d-api.sbdinc.com:443
2021-04-29 14:09:13 DEBUG DefaultClientConnectionOperator:177 - Connecting to d-api.sbdinc.com:443
2021-04-29 14:09:14 DEBUG RequestAddCookies:123 - CookieSpec selected: ignoreCookies
2021-04-29 14:09:14 DEBUG RequestAuthCache:77 - Auth cache not set in the context
2021-04-29 14:09:14 DEBUG RequestTargetAuthentication:80 - Target auth state: UNCHALLENGED
2021-04-29 14:09:14 DEBUG RequestProxyAuthentication:89 - Proxy auth state: UNCHALLENGED
2021-04-29 14:09:14 DEBUG DefaultHttpClient:682 - Attempt 1 to execute request
2021-04-29 14:09:14 DEBUG DefaultClientConnection:274 - Sending request: POST /corpjourneycaa/v1/Inbound/post?Agora-Subscription-Key=48dfe6a704414f4c9f61b37a6b983fd7 HTTP/1.1
2021-04-29 14:09:14 DEBUG wire:73 -  >> "POST /corpjourneycaa/v1/Inbound/post?Agora-Subscription-Key=48dfe6a704414f4c9f61b37a6b983fd7 HTTP/1.1[\r][\n]"
2021-04-29 14:09:14 DEBUG wire:73 -  >> "Accept: */*[\r][\n]"
2021-04-29 14:09:14 DEBUG wire:73 -  >> "Content-Type: application/json; charset=UTF-8[\r][\n]"
2021-04-29 14:09:14 DEBUG wire:73 -  >> "Content-Length: 0[\r][\n]"
2021-04-29 14:09:14 DEBUG wire:73 -  >> "Host: d-api.sbdinc.com[\r][\n]"
2021-04-29 14:09:14 DEBUG wire:73 -  >> "Connection: Keep-Alive[\r][\n]"
2021-04-29 14:09:14 DEBUG wire:73 -  >> "User-Agent: Apache-HttpClient/4.5.3 (Java/1.8.0_191)[\r][\n]"
2021-04-29 14:09:14 DEBUG wire:73 -  >> "Accept-Encoding: gzip,deflate[\r][\n]"
2021-04-29 14:09:14 DEBUG wire:73 -  >> "[\r][\n]"
2021-04-29 14:09:14 DEBUG headers:278 - >> POST /corpjourneycaa/v1/Inbound/post?Agora-Subscription-Key=48dfe6a704414f4c9f61b37a6b983fd7 HTTP/1.1
2021-04-29 14:09:14 DEBUG headers:281 - >> Accept: */*
2021-04-29 14:09:14 DEBUG headers:281 - >> Content-Type: application/json; charset=UTF-8
2021-04-29 14:09:14 DEBUG headers:281 - >> Content-Length: 0
2021-04-29 14:09:14 DEBUG headers:281 - >> Host: d-api.sbdinc.com
2021-04-29 14:09:14 DEBUG headers:281 - >> Connection: Keep-Alive
2021-04-29 14:09:14 DEBUG headers:281 - >> User-Agent: Apache-HttpClient/4.5.3 (Java/1.8.0_191)
2021-04-29 14:09:14 DEBUG headers:281 - >> Accept-Encoding: gzip,deflate
2021-04-29 14:09:14 DEBUG wire:73 -  << "HTTP/1.1 502 Bad Gateway[\r][\n]"
2021-04-29 14:09:14 DEBUG wire:73 -  << "Cache-Control: no-cache[\r][\n]"
2021-04-29 14:09:14 DEBUG wire:73 -  << "Pragma: no-cache[\r][\n]"
2021-04-29 14:09:14 DEBUG wire:73 -  << "Content-Type: application/json; charset=utf-8[\r][\n]"
2021-04-29 14:09:14 DEBUG wire:73 -  << "Expires: -1[\r][\n]"
2021-04-29 14:09:14 DEBUG wire:73 -  << "x-ms-failure-cause: Trigger[\r][\n]"
2021-04-29 14:09:14 DEBUG wire:73 -  << "x-ms-workflow-run-id: 08585819213213451927098362805CU00[\r][\n]"
2021-04-29 14:09:14 DEBUG wire:73 -  << "x-ms-correlation-id: c4089015-f8a7-4914-97df-dd3d855bb152[\r][\n]"
2021-04-29 14:09:14 DEBUG wire:73 -  << "x-ms-client-tracking-id: 08585819213213451927098362805CU00[\r][\n]"
2021-04-29 14:09:14 DEBUG wire:73 -  << "x-ms-trigger-history-name: 08585819213213451927098362805CU00[\r][\n]"
2021-04-29 14:09:14 DEBUG wire:73 -  << "x-ms-execution-location: eastus[\r][\n]"
2021-04-29 14:09:14 DEBUG wire:73 -  << "x-ms-workflow-system-id: /locations/eastus/scaleunits/prod-03/workflows/21a2c519adea46fa8226d9348badd1c9[\r][\n]"
2021-04-29 14:09:14 DEBUG wire:73 -  << "x-ms-workflow-id: 21a2c519adea46fa8226d9348badd1c9[\r][\n]"
2021-04-29 14:09:14 DEBUG wire:73 -  << "x-ms-workflow-version: 08585825003350923326[\r][\n]"
2021-04-29 14:09:14 DEBUG wire:73 -  << "x-ms-workflow-name: sbd-SBD.CORP.JOURNEY-CAA-Inbound-APIMReceive-useast-dev-la[\r][\n]"
2021-04-29 14:09:14 DEBUG wire:73 -  << "x-ms-tracking-id: c4089015-f8a7-4914-97df-dd3d855bb152[\r][\n]"
2021-04-29 14:09:14 DEBUG wire:73 -  << "x-ms-request-id: eastus:c4089015-f8a7-4914-97df-dd3d855bb152[\r][\n]"
2021-04-29 14:09:14 DEBUG wire:73 -  << "Strict-Transport-Security: max-age=31536000; includeSubDomains[\r][\n]"
2021-04-29 14:09:14 DEBUG wire:73 -  << "Date: Thu, 29 Apr 2021 08:39:24 GMT[\r][\n]"
2021-04-29 14:09:14 DEBUG wire:73 -  << "Content-Length: 163[\r][\n]"
2021-04-29 14:09:14 DEBUG wire:73 -  << "[\r][\n]"
2021-04-29 14:09:14 DEBUG DefaultClientConnection:259 - Receiving response: HTTP/1.1 502 Bad Gateway
2021-04-29 14:09:14 DEBUG headers:262 - << HTTP/1.1 502 Bad Gateway
2021-04-29 14:09:14 DEBUG headers:265 - << Cache-Control: no-cache
2021-04-29 14:09:14 DEBUG headers:265 - << Pragma: no-cache
2021-04-29 14:09:14 DEBUG headers:265 - << Content-Type: application/json; charset=utf-8
2021-04-29 14:09:14 DEBUG headers:265 - << Expires: -1
2021-04-29 14:09:14 DEBUG headers:265 - << x-ms-failure-cause: Trigger
2021-04-29 14:09:14 DEBUG headers:265 - << x-ms-workflow-run-id: 08585819213213451927098362805CU00
2021-04-29 14:09:14 DEBUG headers:265 - << x-ms-correlation-id: c4089015-f8a7-4914-97df-dd3d855bb152
2021-04-29 14:09:14 DEBUG headers:265 - << x-ms-client-tracking-id: 08585819213213451927098362805CU00
2021-04-29 14:09:14 DEBUG headers:265 - << x-ms-trigger-history-name: 08585819213213451927098362805CU00
2021-04-29 14:09:14 DEBUG headers:265 - << x-ms-execution-location: eastus
2021-04-29 14:09:14 DEBUG headers:265 - << x-ms-workflow-system-id: /locations/eastus/scaleunits/prod-03/workflows/21a2c519adea46fa8226d9348badd1c9
2021-04-29 14:09:14 DEBUG headers:265 - << x-ms-workflow-id: 21a2c519adea46fa8226d9348badd1c9
2021-04-29 14:09:14 DEBUG headers:265 - << x-ms-workflow-version: 08585825003350923326
2021-04-29 14:09:14 DEBUG headers:265 - << x-ms-workflow-name: sbd-SBD.CORP.JOURNEY-CAA-Inbound-APIMReceive-useast-dev-la
2021-04-29 14:09:14 DEBUG headers:265 - << x-ms-tracking-id: c4089015-f8a7-4914-97df-dd3d855bb152
2021-04-29 14:09:14 DEBUG headers:265 - << x-ms-request-id: eastus:c4089015-f8a7-4914-97df-dd3d855bb152
2021-04-29 14:09:14 DEBUG headers:265 - << Strict-Transport-Security: max-age=31536000; includeSubDomains
2021-04-29 14:09:14 DEBUG headers:265 - << Date: Thu, 29 Apr 2021 08:39:24 GMT
2021-04-29 14:09:14 DEBUG headers:265 - << Content-Length: 163
2021-04-29 14:09:14 DEBUG DefaultHttpClient:509 - Connection can be kept alive indefinitely
2021-04-29 14:09:14 DEBUG RequestSpecificationImpl$RestAssuredHttpBuilder:545 - Parsing response as: application/json; charset=utf-8
2021-04-29 14:09:14 DEBUG RequestSpecificationImpl$RestAssuredHttpBuilder:548 - Parsed data to instance of: class org.apache.http.conn.EofSensorInputStream
2021-04-29 14:09:14 DEBUG RestCalls:47 - io.restassured.internal.RequestSpecificationImpl@144d62d4
2021-04-29 14:09:14 INFO  TestUtils:17 - *** Get String Body****
2021-04-29 14:09:14 DEBUG wire:87 -  << "{"error":{"code":"NoResponse","message":"The server did not receive a response from an upstream server. Request tracking id '08585819213213451927098362805CU00'."}}"
2021-04-29 14:09:14 DEBUG BasicClientConnectionManager:200 - Releasing connection org.apache.http.impl.conn.ManagedClientConnectionImpl@778d3741
2021-04-29 14:09:14 DEBUG BasicClientConnectionManager:225 - Connection can be kept alive indefinitely
2021-04-29 14:09:14 INFO  TestUtils:33 - ********JsonPath Response for Post*****
2021-04-29 14:09:14 INFO  InboundTesting:165 - ***** End P10_PerfectMatch Test Cases ************
2021-04-29 14:09:14 INFO  TestUtils:48 - **** Getting response Code*******
]]></system-out>
  </testcase>
  <testcase name="P10_PerfectMatch" classname="Inbound_Testing.InboundTesting" time="2.337">
    <failure message="expected [200] but found [502]" type="java.lang.AssertionError">java.lang.AssertionError: expected [200] but found [502]
	at Inbound_Testing.InboundTesting.P10_PerfectMatch(InboundTesting.java:166)
</failure>
    <system-out><![CDATA[2021-04-29 14:09:14 INFO  payLoadsConvertor:16 - Inside payloads fn:
2021-04-29 14:09:14 INFO  InboundTesting:158 - **** Test Cases : Post Method *****
2021-04-29 14:09:14 INFO  URL:51 - PetStore URL Endpoint: https://d-api.sbdinc.com/corpjourneycaa/v1/Inbound/post
2021-04-29 14:09:14 INFO  RestCalls:43 - Post Request Call-
2021-04-29 14:09:14 DEBUG BasicClientConnectionManager:161 - Get connection for route {s}->https://d-api.sbdinc.com:443
2021-04-29 14:09:14 DEBUG DefaultClientConnectionOperator:177 - Connecting to d-api.sbdinc.com:443
2021-04-29 14:09:15 DEBUG RequestAddCookies:123 - CookieSpec selected: ignoreCookies
2021-04-29 14:09:15 DEBUG RequestAuthCache:77 - Auth cache not set in the context
2021-04-29 14:09:15 DEBUG RequestTargetAuthentication:80 - Target auth state: UNCHALLENGED
2021-04-29 14:09:15 DEBUG RequestProxyAuthentication:89 - Proxy auth state: UNCHALLENGED
2021-04-29 14:09:15 DEBUG DefaultHttpClient:682 - Attempt 1 to execute request
2021-04-29 14:09:15 DEBUG DefaultClientConnection:274 - Sending request: POST /corpjourneycaa/v1/Inbound/post?Agora-Subscription-Key=48dfe6a704414f4c9f61b37a6b983fd7 HTTP/1.1
2021-04-29 14:09:15 DEBUG wire:73 -  >> "POST /corpjourneycaa/v1/Inbound/post?Agora-Subscription-Key=48dfe6a704414f4c9f61b37a6b983fd7 HTTP/1.1[\r][\n]"
2021-04-29 14:09:15 DEBUG wire:73 -  >> "Accept: */*[\r][\n]"
2021-04-29 14:09:15 DEBUG wire:73 -  >> "Content-Type: application/json; charset=UTF-8[\r][\n]"
2021-04-29 14:09:15 DEBUG wire:73 -  >> "Content-Length: 0[\r][\n]"
2021-04-29 14:09:15 DEBUG wire:73 -  >> "Host: d-api.sbdinc.com[\r][\n]"
2021-04-29 14:09:15 DEBUG wire:73 -  >> "Connection: Keep-Alive[\r][\n]"
2021-04-29 14:09:15 DEBUG wire:73 -  >> "User-Agent: Apache-HttpClient/4.5.3 (Java/1.8.0_191)[\r][\n]"
2021-04-29 14:09:15 DEBUG wire:73 -  >> "Accept-Encoding: gzip,deflate[\r][\n]"
2021-04-29 14:09:15 DEBUG wire:73 -  >> "[\r][\n]"
2021-04-29 14:09:15 DEBUG headers:278 - >> POST /corpjourneycaa/v1/Inbound/post?Agora-Subscription-Key=48dfe6a704414f4c9f61b37a6b983fd7 HTTP/1.1
2021-04-29 14:09:15 DEBUG headers:281 - >> Accept: */*
2021-04-29 14:09:15 DEBUG headers:281 - >> Content-Type: application/json; charset=UTF-8
2021-04-29 14:09:15 DEBUG headers:281 - >> Content-Length: 0
2021-04-29 14:09:15 DEBUG headers:281 - >> Host: d-api.sbdinc.com
2021-04-29 14:09:15 DEBUG headers:281 - >> Connection: Keep-Alive
2021-04-29 14:09:15 DEBUG headers:281 - >> User-Agent: Apache-HttpClient/4.5.3 (Java/1.8.0_191)
2021-04-29 14:09:15 DEBUG headers:281 - >> Accept-Encoding: gzip,deflate
2021-04-29 14:09:17 DEBUG wire:73 -  << "HTTP/1.1 502 Bad Gateway[\r][\n]"
2021-04-29 14:09:17 DEBUG wire:73 -  << "Cache-Control: no-cache[\r][\n]"
2021-04-29 14:09:17 DEBUG wire:73 -  << "Pragma: no-cache[\r][\n]"
2021-04-29 14:09:17 DEBUG wire:73 -  << "Content-Type: application/json; charset=utf-8[\r][\n]"
2021-04-29 14:09:17 DEBUG wire:73 -  << "Expires: -1[\r][\n]"
2021-04-29 14:09:17 DEBUG wire:73 -  << "x-ms-failure-cause: Trigger[\r][\n]"
2021-04-29 14:09:17 DEBUG wire:73 -  << "x-ms-workflow-run-id: 08585819213195790278555274853CU01[\r][\n]"
2021-04-29 14:09:17 DEBUG wire:73 -  << "x-ms-correlation-id: 223509d0-e9bd-414c-9661-5cdcbfdaf63b[\r][\n]"
2021-04-29 14:09:17 DEBUG wire:73 -  << "x-ms-client-tracking-id: 08585819213195790278555274853CU01[\r][\n]"
2021-04-29 14:09:17 DEBUG wire:73 -  << "x-ms-trigger-history-name: 08585819213195790278555274853CU01[\r][\n]"
2021-04-29 14:09:17 DEBUG wire:73 -  << "x-ms-execution-location: eastus[\r][\n]"
2021-04-29 14:09:17 DEBUG wire:73 -  << "x-ms-workflow-system-id: /locations/eastus/scaleunits/prod-03/workflows/21a2c519adea46fa8226d9348badd1c9[\r][\n]"
2021-04-29 14:09:17 DEBUG wire:73 -  << "x-ms-workflow-id: 21a2c519adea46fa8226d9348badd1c9[\r][\n]"
2021-04-29 14:09:17 DEBUG wire:73 -  << "x-ms-workflow-version: 08585825003350923326[\r][\n]"
2021-04-29 14:09:17 DEBUG wire:73 -  << "x-ms-workflow-name: sbd-SBD.CORP.JOURNEY-CAA-Inbound-APIMReceive-useast-dev-la[\r][\n]"
2021-04-29 14:09:17 DEBUG wire:73 -  << "x-ms-tracking-id: 223509d0-e9bd-414c-9661-5cdcbfdaf63b[\r][\n]"
2021-04-29 14:09:17 DEBUG wire:73 -  << "x-ms-request-id: eastus:223509d0-e9bd-414c-9661-5cdcbfdaf63b[\r][\n]"
2021-04-29 14:09:17 DEBUG wire:73 -  << "Strict-Transport-Security: max-age=31536000; includeSubDomains[\r][\n]"
2021-04-29 14:09:17 DEBUG wire:73 -  << "Date: Thu, 29 Apr 2021 08:39:27 GMT[\r][\n]"
2021-04-29 14:09:17 DEBUG wire:73 -  << "Content-Length: 163[\r][\n]"
2021-04-29 14:09:17 DEBUG wire:73 -  << "[\r][\n]"
2021-04-29 14:09:17 DEBUG DefaultClientConnection:259 - Receiving response: HTTP/1.1 502 Bad Gateway
2021-04-29 14:09:17 DEBUG headers:262 - << HTTP/1.1 502 Bad Gateway
2021-04-29 14:09:17 DEBUG headers:265 - << Cache-Control: no-cache
2021-04-29 14:09:17 DEBUG headers:265 - << Pragma: no-cache
2021-04-29 14:09:17 DEBUG headers:265 - << Content-Type: application/json; charset=utf-8
2021-04-29 14:09:17 DEBUG headers:265 - << Expires: -1
2021-04-29 14:09:17 DEBUG headers:265 - << x-ms-failure-cause: Trigger
2021-04-29 14:09:17 DEBUG headers:265 - << x-ms-workflow-run-id: 08585819213195790278555274853CU01
2021-04-29 14:09:17 DEBUG headers:265 - << x-ms-correlation-id: 223509d0-e9bd-414c-9661-5cdcbfdaf63b
2021-04-29 14:09:17 DEBUG headers:265 - << x-ms-client-tracking-id: 08585819213195790278555274853CU01
2021-04-29 14:09:17 DEBUG headers:265 - << x-ms-trigger-history-name: 08585819213195790278555274853CU01
2021-04-29 14:09:17 DEBUG headers:265 - << x-ms-execution-location: eastus
2021-04-29 14:09:17 DEBUG headers:265 - << x-ms-workflow-system-id: /locations/eastus/scaleunits/prod-03/workflows/21a2c519adea46fa8226d9348badd1c9
2021-04-29 14:09:17 DEBUG headers:265 - << x-ms-workflow-id: 21a2c519adea46fa8226d9348badd1c9
2021-04-29 14:09:17 DEBUG headers:265 - << x-ms-workflow-version: 08585825003350923326
2021-04-29 14:09:17 DEBUG headers:265 - << x-ms-workflow-name: sbd-SBD.CORP.JOURNEY-CAA-Inbound-APIMReceive-useast-dev-la
2021-04-29 14:09:17 DEBUG headers:265 - << x-ms-tracking-id: 223509d0-e9bd-414c-9661-5cdcbfdaf63b
2021-04-29 14:09:17 DEBUG headers:265 - << x-ms-request-id: eastus:223509d0-e9bd-414c-9661-5cdcbfdaf63b
2021-04-29 14:09:17 DEBUG headers:265 - << Strict-Transport-Security: max-age=31536000; includeSubDomains
2021-04-29 14:09:17 DEBUG headers:265 - << Date: Thu, 29 Apr 2021 08:39:27 GMT
2021-04-29 14:09:17 DEBUG headers:265 - << Content-Length: 163
2021-04-29 14:09:17 DEBUG DefaultHttpClient:509 - Connection can be kept alive indefinitely
2021-04-29 14:09:17 DEBUG RequestSpecificationImpl$RestAssuredHttpBuilder:545 - Parsing response as: application/json; charset=utf-8
2021-04-29 14:09:17 DEBUG RequestSpecificationImpl$RestAssuredHttpBuilder:548 - Parsed data to instance of: class org.apache.http.conn.EofSensorInputStream
2021-04-29 14:09:17 DEBUG RestCalls:47 - io.restassured.internal.RequestSpecificationImpl@52412369
2021-04-29 14:09:17 INFO  TestUtils:17 - *** Get String Body****
2021-04-29 14:09:17 DEBUG wire:87 -  << "{"error":{"code":"NoResponse","message":"The server did not receive a response from an upstream server. Request tracking id '08585819213195790278555274853CU01'."}}"
2021-04-29 14:09:17 DEBUG BasicClientConnectionManager:200 - Releasing connection org.apache.http.impl.conn.ManagedClientConnectionImpl@d8cf433
2021-04-29 14:09:17 DEBUG BasicClientConnectionManager:225 - Connection can be kept alive indefinitely
2021-04-29 14:09:17 INFO  TestUtils:33 - ********JsonPath Response for Post*****
2021-04-29 14:09:17 INFO  InboundTesting:165 - ***** End P10_PerfectMatch Test Cases ************
2021-04-29 14:09:17 INFO  TestUtils:48 - **** Getting response Code*******
]]></system-out>
  </testcase>
  <testcase name="P10_ShortPayment" classname="Inbound_Testing.InboundTesting" time="0">
    <skipped message="body cannot be null"/>
    <system-out><![CDATA[2021-04-29 14:09:17 INFO  payLoadsConvertor:16 - Inside payloads fn:
2021-04-29 14:09:18 ERROR payLoadsConvertor:22 - java.nio.file.NoSuchFileException: C:\Rest Assured Framework\workspace\simple.restassured\resources\P10_ShortPayment.json
2021-04-29 14:09:18 INFO  InboundTesting:176 - **** Test Cases : Post Method *****
2021-04-29 14:09:18 INFO  URL:51 - PetStore URL Endpoint: https://d-api.sbdinc.com/corpjourneycaa/v1/Inbound/post
2021-04-29 14:09:18 INFO  RestCalls:43 - Post Request Call-
]]></system-out>
  </testcase>
  <testcase name="P10_ShortPayment" classname="Inbound_Testing.InboundTesting" time="0">
    <skipped message="body cannot be null"/>
    <system-out><![CDATA[2021-04-29 14:09:18 INFO  payLoadsConvertor:16 - Inside payloads fn:
2021-04-29 14:09:18 ERROR payLoadsConvertor:22 - java.nio.file.NoSuchFileException: C:\Rest Assured Framework\workspace\simple.restassured\resources\P10_ShortPayment.json
2021-04-29 14:09:18 INFO  InboundTesting:176 - **** Test Cases : Post Method *****
2021-04-29 14:09:18 INFO  URL:51 - PetStore URL Endpoint: https://d-api.sbdinc.com/corpjourneycaa/v1/Inbound/post
2021-04-29 14:09:18 INFO  RestCalls:43 - Post Request Call-
]]></system-out>
  </testcase>
  <testcase name="P10_ShortPayment" classname="Inbound_Testing.InboundTesting" time="0">
    <skipped message="body cannot be null"/>
    <system-out><![CDATA[2021-04-29 14:09:18 INFO  payLoadsConvertor:16 - Inside payloads fn:
2021-04-29 14:09:18 ERROR payLoadsConvertor:22 - java.nio.file.NoSuchFileException: C:\Rest Assured Framework\workspace\simple.restassured\resources\P10_ShortPayment.json
2021-04-29 14:09:18 INFO  InboundTesting:176 - **** Test Cases : Post Method *****
2021-04-29 14:09:18 INFO  URL:51 - PetStore URL Endpoint: https://d-api.sbdinc.com/corpjourneycaa/v1/Inbound/post
2021-04-29 14:09:18 INFO  RestCalls:43 - Post Request Call-
]]></system-out>
  </testcase>
  <testcase name="P10_ShortPayment" classname="Inbound_Testing.InboundTesting" time="0.004">
    <failure message="body cannot be null" type="java.lang.IllegalArgumentException">java.lang.IllegalArgumentException: body cannot be null
	at Inbound_Testing.InboundTesting.P10_ShortPayment(InboundTesting.java:179)
</failure>
    <system-out><![CDATA[2021-04-29 14:09:18 INFO  payLoadsConvertor:16 - Inside payloads fn:
2021-04-29 14:09:18 ERROR payLoadsConvertor:22 - java.nio.file.NoSuchFileException: C:\Rest Assured Framework\workspace\simple.restassured\resources\P10_ShortPayment.json
2021-04-29 14:09:18 INFO  InboundTesting:176 - **** Test Cases : Post Method *****
2021-04-29 14:09:18 INFO  URL:51 - PetStore URL Endpoint: https://d-api.sbdinc.com/corpjourneycaa/v1/Inbound/post
2021-04-29 14:09:18 INFO  RestCalls:43 - Post Request Call-
]]></system-out>
  </testcase>
  <testcase name="P10_Sundry" classname="Inbound_Testing.InboundTesting" time="4.346"/>
  <testcase name="P10_WriteOff" classname="Inbound_Testing.InboundTesting" time="2.518"/>
</testsuite>