<?xml version="1.0" encoding="UTF-8"?>
<!-- Generated by org.testng.reporters.JUnitReportReporter -->
<testsuite skipped="0" hostname="Lenovo-PC" name="com.simple.restassured.InboundTesting" tests="1" failures="0" timestamp="2021-02-19T21:26:56 IST" time="38.580" errors="0">
  <testcase name="testingInbound" time="38.580" classname="com.simple.restassured.InboundTesting"/>
  <system-out/>
</testsuite> <!-- com.simple.restassured.InboundTesting -->
