<?xml version="1.0" encoding="UTF-8"?>
<!-- Generated by org.testng.reporters.JUnitReportReporter -->
<testsuite skipped="0" hostname="Lenovo-PC" name="com.simple.restassured.paymentsPostMethod" tests="1" failures="0" timestamp="2021-03-03T14:50:40 IST" time="3.334" errors="0">
  <testcase name="payments" time="3.334" classname="com.simple.restassured.paymentsPostMethod"/>
  <system-out/>
</testsuite> <!-- com.simple.restassured.paymentsPostMethod -->
