<?xml version="1.0" encoding="UTF-8"?>
<!-- Generated by org.testng.reporters.JUnitReportReporter -->
<testsuite skipped="0" hostname="Lenovo-PC" name="DataProvider_WithJson.JsonDataProvier" tests="1" failures="0" timestamp="2021-07-27T18:50:29 IST" time="0.028" errors="0">
  <testcase name="testDP" time="0.028" classname="DataProvider_WithJson.JsonDataProvier"/>
  <system-out/>
</testsuite> <!-- DataProvider_WithJson.JsonDataProvier -->
