<?xml version="1.0" encoding="UTF-8"?>
<!-- Generated by org.testng.reporters.JUnitReportReporter -->
<testsuite skipped="0" hostname="Lenovo-PC" name="Inbound_Testing.Combination_Scenario" tests="4" failures="0" timestamp="2021-05-21T16:14:25 IST" time="47.124" errors="0">
  <testcase name="P10_Dedu_Discount" time="3.569" classname="Inbound_Testing.Combination_Scenario"/>
  <system-out/>
  <testcase name="C11_DelCred_Discount" time="2.619" classname="Inbound_Testing.Combination_Scenario"/>
  <system-out/>
  <testcase name="P10_Discount_DelCred" time="3.856" classname="Inbound_Testing.Combination_Scenario"/>
  <system-out/>
  <testcase name="C11_Ded_Discount" time="37.080" classname="Inbound_Testing.Combination_Scenario"/>
  <system-out/>
</testsuite> <!-- Inbound_Testing.Combination_Scenario -->
