<?xml version="1.0" encoding="UTF-8"?>
<!-- Generated by org.testng.reporters.JUnitReportReporter -->
<testsuite skipped="0" hostname="Lenovo-PC" name="Inbound_Testing.InboundTesting" tests="8" failures="0" timestamp="2021-05-20T18:10:56 IST" time="63.796" errors="0">
  <testcase name="P10_Deduction" time="4.997" classname="Inbound_Testing.InboundTesting"/>
  <system-out/>
  <testcase name="P10_BankFee" time="38.481" classname="Inbound_Testing.InboundTesting"/>
  <system-out/>
  <testcase name="P10_WriteOff" time="4.536" classname="Inbound_Testing.InboundTesting"/>
  <system-out/>
  <testcase name="P10_OverPayment" time="4.017" classname="Inbound_Testing.InboundTesting"/>
  <system-out/>
  <testcase name="P10_DuplicatePayment" time="3.707" classname="Inbound_Testing.InboundTesting"/>
  <system-out/>
  <testcase name="P10_PartialPayment" time="1.856" classname="Inbound_Testing.InboundTesting"/>
  <system-out/>
  <testcase name="P10_OnAccount" time="4.255" classname="Inbound_Testing.InboundTesting"/>
  <system-out/>
  <testcase name="P10_DelCred" time="1.947" classname="Inbound_Testing.InboundTesting"/>
  <system-out/>
</testsuite> <!-- Inbound_Testing.InboundTesting -->
