<?xml version="1.0" encoding="UTF-8"?>
<!-- Generated by org.testng.reporters.JUnitReportReporter -->
<testsuite skipped="0" hostname="Lenovo-PC" name="Inbound_Testing.InboundTesting" tests="1" failures="0" timestamp="2021-05-10T20:55:25 IST" time="55.488" errors="0">
  <testcase name="P10_BankFee" time="55.488" classname="Inbound_Testing.InboundTesting"/>
  <system-out/>
</testsuite> <!-- Inbound_Testing.InboundTesting -->
