<?xml version="1.0" encoding="UTF-8"?>
<!-- Generated by org.testng.reporters.JUnitReportReporter -->
<testsuite skipped="0" hostname="Lenovo-PC" name="com.simple.restassured.simple.restassured.InboundTesting" tests="1" failures="0" timestamp="2021-02-17T21:01:56 IST" time="121.452" errors="0">
  <testcase name="testingInbound" time="121.452" classname="com.simple.restassured.simple.restassured.InboundTesting"/>
  <system-out/>
</testsuite> <!-- com.simple.restassured.simple.restassured.InboundTesting -->
